Building DAG of jobs...
Using shell: /bin/bash
Provided cores: 4
Rules claiming more threads will be scaled down.
Job stats:
job         count    min threads    max threads
--------  -------  -------------  -------------
all             1              1              1
samstats        4              1              1
total           5              1              1

Resources before job selection: {'_cores': 4, '_nodes': 9223372036854775807}
Ready jobs (4):
	samstats
	samstats
	samstats
	samstats
Select jobs to execute...
Selected jobs (4):
	samstats
	samstats
	samstats
	samstats
Resources after job selection: {'_cores': 0, '_nodes': 9223372036854775803}

[Fri May  6 08:26:27 2022]
rule samstats:
    input: test/bam/atac4.bam
    output: test/qc/atac4_stat.txt, test/qc/atac4_flagstat.txt
    log: test/logs/atac4_samstats.log
    jobid: 36
    wildcards: library_id=atac4
    resources: tmpdir=/tmp


        workflow/scripts/samstats.sh 4 test/bam/atac4.bam test/qc/atac4_stat.txt test/qc/atac4_flagstat.txt 2>&1 >> test/logs/atac4_samstats.log
        

[Fri May  6 08:26:27 2022]
rule samstats:
    input: test/bam/atac3.bam
    output: test/qc/atac3_stat.txt, test/qc/atac3_flagstat.txt
    log: test/logs/atac3_samstats.log
    jobid: 35
    wildcards: library_id=atac3
    resources: tmpdir=/tmp

 singularity  exec --home /home/jeszyman/repos/atac-seq --bind /home/jeszyman:/home/jeszyman --bind /mnt:/mnt /home/jeszyman/sing_containers/atac.sif bash -c 'set -euo pipefail;  
        workflow/scripts/samstats.sh 4 test/bam/atac4.bam test/qc/atac4_stat.txt test/qc/atac4_flagstat.txt 2>&1 >> test/logs/atac4_samstats.log'

        workflow/scripts/samstats.sh 4 test/bam/atac3.bam test/qc/atac3_stat.txt test/qc/atac3_flagstat.txt 2>&1 >> test/logs/atac3_samstats.log
        
Activating singularity image /home/jeszyman/sing_containers/atac.sif

[Fri May  6 08:26:27 2022]
rule samstats:
    input: test/bam/atac2.bam
    output: test/qc/atac2_stat.txt, test/qc/atac2_flagstat.txt
    log: test/logs/atac2_samstats.log
    jobid: 34
    wildcards: library_id=atac2
    resources: tmpdir=/tmp


        workflow/scripts/samstats.sh 4 test/bam/atac2.bam test/qc/atac2_stat.txt test/qc/atac2_flagstat.txt 2>&1 >> test/logs/atac2_samstats.log
        
 singularity  exec --home /home/jeszyman/repos/atac-seq --bind /home/jeszyman:/home/jeszyman --bind /mnt:/mnt /home/jeszyman/sing_containers/atac.sif bash -c 'set -euo pipefail;  
        workflow/scripts/samstats.sh 4 test/bam/atac3.bam test/qc/atac3_stat.txt test/qc/atac3_flagstat.txt 2>&1 >> test/logs/atac3_samstats.log'
Activating singularity image /home/jeszyman/sing_containers/atac.sif

 singularity  exec --home /home/jeszyman/repos/atac-seq --bind /home/jeszyman:/home/jeszyman --bind /mnt:/mnt /home/jeszyman/sing_containers/atac.sif bash -c 'set -euo pipefail;  
        workflow/scripts/samstats.sh 4 test/bam/atac2.bam test/qc/atac2_stat.txt test/qc/atac2_flagstat.txt 2>&1 >> test/logs/atac2_samstats.log'
[Fri May  6 08:26:27 2022]
Activating singularity image /home/jeszyman/sing_containers/atac.sif
rule samstats:
    input: test/bam/atac1.bam
    output: test/qc/atac1_stat.txt, test/qc/atac1_flagstat.txt
    log: test/logs/atac1_samstats.log
    jobid: 33
    wildcards: library_id=atac1
    resources: tmpdir=/tmp


        workflow/scripts/samstats.sh 4 test/bam/atac1.bam test/qc/atac1_stat.txt test/qc/atac1_flagstat.txt 2>&1 >> test/logs/atac1_samstats.log
        
 singularity  exec --home /home/jeszyman/repos/atac-seq --bind /home/jeszyman:/home/jeszyman --bind /mnt:/mnt /home/jeszyman/sing_containers/atac.sif bash -c 'set -euo pipefail;  
        workflow/scripts/samstats.sh 4 test/bam/atac1.bam test/qc/atac1_stat.txt test/qc/atac1_flagstat.txt 2>&1 >> test/logs/atac1_samstats.log'
Activating singularity image /home/jeszyman/sing_containers/atac.sif
[Fri May  6 08:26:28 2022]
Finished job 34.
1 of 5 steps (20%) done
[Fri May  6 08:26:28 2022]
Finished job 36.
2 of 5 steps (40%) done
[Fri May  6 08:26:28 2022]
Finished job 33.
3 of 5 steps (60%) done
[Fri May  6 08:26:28 2022]
Finished job 35.
4 of 5 steps (80%) done
Resources before job selection: {'_cores': 4, '_nodes': 9223372036854775807}
Ready jobs (1):
	all
Select jobs to execute...
Using greedy selector because only single job has to be scheduled.
Selected jobs (1):
	all
Resources after job selection: {'_cores': 3, '_nodes': 9223372036854775806}

[Fri May  6 08:26:28 2022]
localrule all:
    input: test/bam/atac1_dedup.bam, test/bam/atac2_dedup.bam, test/bam/atac3_dedup.bam, test/bam/atac4_dedup.bam, test/bam/atac1_regfilt.bam, test/bam/atac2_regfilt.bam, test/bam/atac3_regfilt.bam, test/bam/atac4_regfilt.bam, test/bam/atac1_regfilt.bam.bai, test/bam/atac2_regfilt.bam.bai, test/bam/atac3_regfilt.bam.bai, test/bam/atac4_regfilt.bam.bai, test/bam/atac1_open.bam, test/bam/atac2_open.bam, test/bam/atac3_open.bam, test/bam/atac4_open.bam, test/bam/atac1_regfilt_tn5.bam, test/bam/atac2_regfilt_tn5.bam, test/bam/atac3_regfilt_tn5.bam, test/bam/atac4_regfilt_tn5.bam, test/bam/atac1_open_tn5.bam, test/bam/atac2_open_tn5.bam, test/bam/atac3_open_tn5.bam, test/bam/atac4_open_tn5.bam, test/qc/atac1_R1_fastqc.html, test/qc/atac1_R2_fastqc.html, test/qc/atac2_R1_fastqc.html, test/qc/atac2_R2_fastqc.html, test/qc/atac3_R1_fastqc.html, test/qc/atac3_R2_fastqc.html, test/qc/atac4_R1_fastqc.html, test/qc/atac4_R2_fastqc.html, test/qc/atac1_stat.txt, test/qc/atac2_stat.txt, test/qc/atac3_stat.txt, test/qc/atac4_stat.txt, test/qc/atac1_flagstat.txt, test/qc/atac2_flagstat.txt, test/qc/atac3_flagstat.txt, test/qc/atac4_flagstat.txt
    jobid: 0
    resources: tmpdir=/tmp

[Fri May  6 08:26:28 2022]
Finished job 0.
5 of 5 steps (100%) done
Complete log: /home/jeszyman/repos/atac-seq/.snakemake/log/2022-05-06T082627.728084.snakemake.log
unlocking
removing lock
removing lock
removed all locks
