Building DAG of jobs...
Using shell: /bin/bash
Provided cores: 4
Rules claiming more threads will be scaled down.
Job stats:
job         count    min threads    max threads
--------  -------  -------------  -------------
all             1              1              1
samstats        4              1              1
total           5              1              1

Resources before job selection: {'_cores': 4, '_nodes': 9223372036854775807}
Ready jobs (4):
	samstats
	samstats
	samstats
	samstats
Select jobs to execute...
Selected jobs (4):
	samstats
	samstats
	samstats
	samstats
Resources after job selection: {'_cores': 0, '_nodes': 9223372036854775803}

[Tue Sep  6 15:38:12 2022]
rule samstats:
    input: test/bam_atac_filt/lib004_filt.bam
    output: test/qc/lib004_filt_stat.txt, test/qc/lib004_filt_flagstat.txt
    log: test/logs/lib004_samstats.log
    jobid: 43
    wildcards: library=lib004
    resources: tmpdir=/tmp


        workflow/scripts/samstats.sh 4 test/bam_atac_filt/lib004_filt.bam test/qc/lib004_filt_stat.txt test/qc/lib004_filt_flagstat.txt 2>&1 >> test/logs/lib004_samstats.log
        
 singularity  exec --home /home/jeszyman/repos/atac-seq --bind /home/jeszyman:/home/jeszyman --bind /mnt:/mnt /home/jeszyman/sing_containers/atac.1.1.0.sif bash -c 'set -euo pipefail;  
        workflow/scripts/samstats.sh 4 test/bam_atac_filt/lib004_filt.bam test/qc/lib004_filt_stat.txt test/qc/lib004_filt_flagstat.txt 2>&1 >> test/logs/lib004_samstats.log'

Activating singularity image /home/jeszyman/sing_containers/atac.1.1.0.sif
[Tue Sep  6 15:38:12 2022]
rule samstats:
    input: test/bam_atac_filt/lib003_filt.bam
    output: test/qc/lib003_filt_stat.txt, test/qc/lib003_filt_flagstat.txt
    log: test/logs/lib003_samstats.log
    jobid: 42
    wildcards: library=lib003
    resources: tmpdir=/tmp


        workflow/scripts/samstats.sh 4 test/bam_atac_filt/lib003_filt.bam test/qc/lib003_filt_stat.txt test/qc/lib003_filt_flagstat.txt 2>&1 >> test/logs/lib003_samstats.log
        
 singularity  exec --home /home/jeszyman/repos/atac-seq --bind /home/jeszyman:/home/jeszyman --bind /mnt:/mnt /home/jeszyman/sing_containers/atac.1.1.0.sif bash -c 'set -euo pipefail;  
        workflow/scripts/samstats.sh 4 test/bam_atac_filt/lib003_filt.bam test/qc/lib003_filt_stat.txt test/qc/lib003_filt_flagstat.txt 2>&1 >> test/logs/lib003_samstats.log'

Activating singularity image /home/jeszyman/sing_containers/atac.1.1.0.sif
[Tue Sep  6 15:38:12 2022]
rule samstats:
    input: test/bam_atac_filt/lib001_filt.bam
    output: test/qc/lib001_filt_stat.txt, test/qc/lib001_filt_flagstat.txt
    log: test/logs/lib001_samstats.log
    jobid: 40
    wildcards: library=lib001
    resources: tmpdir=/tmp


        workflow/scripts/samstats.sh 4 test/bam_atac_filt/lib001_filt.bam test/qc/lib001_filt_stat.txt test/qc/lib001_filt_flagstat.txt 2>&1 >> test/logs/lib001_samstats.log
        
 singularity  exec --home /home/jeszyman/repos/atac-seq --bind /home/jeszyman:/home/jeszyman --bind /mnt:/mnt /home/jeszyman/sing_containers/atac.1.1.0.sif bash -c 'set -euo pipefail;  
        workflow/scripts/samstats.sh 4 test/bam_atac_filt/lib001_filt.bam test/qc/lib001_filt_stat.txt test/qc/lib001_filt_flagstat.txt 2>&1 >> test/logs/lib001_samstats.log'
Activating singularity image /home/jeszyman/sing_containers/atac.1.1.0.sif

[Tue Sep  6 15:38:12 2022]
rule samstats:
    input: test/bam_atac_filt/lib002_filt.bam
    output: test/qc/lib002_filt_stat.txt, test/qc/lib002_filt_flagstat.txt
    log: test/logs/lib002_samstats.log
    jobid: 41
    wildcards: library=lib002
    resources: tmpdir=/tmp


        workflow/scripts/samstats.sh 4 test/bam_atac_filt/lib002_filt.bam test/qc/lib002_filt_stat.txt test/qc/lib002_filt_flagstat.txt 2>&1 >> test/logs/lib002_samstats.log
        
 singularity  exec --home /home/jeszyman/repos/atac-seq --bind /home/jeszyman:/home/jeszyman --bind /mnt:/mnt /home/jeszyman/sing_containers/atac.1.1.0.sif bash -c 'set -euo pipefail;  
        workflow/scripts/samstats.sh 4 test/bam_atac_filt/lib002_filt.bam test/qc/lib002_filt_stat.txt test/qc/lib002_filt_flagstat.txt 2>&1 >> test/logs/lib002_samstats.log'
Activating singularity image /home/jeszyman/sing_containers/atac.1.1.0.sif
[Tue Sep  6 15:38:12 2022]
Finished job 41.
1 of 5 steps (20%) done
[Tue Sep  6 15:38:12 2022]
Finished job 40.
2 of 5 steps (40%) done
[Tue Sep  6 15:38:12 2022]
Finished job 43.
3 of 5 steps (60%) done
[Tue Sep  6 15:38:12 2022]
Finished job 42.
4 of 5 steps (80%) done
Resources before job selection: {'_cores': 4, '_nodes': 9223372036854775807}
Ready jobs (1):
	all
Select jobs to execute...
Using greedy selector because only single job has to be scheduled.
Selected jobs (1):
	all
Resources after job selection: {'_cores': 3, '_nodes': 9223372036854775806}

[Tue Sep  6 15:38:12 2022]
localrule all:
    input: test/fastq_atac_raw/lib001_R1.fastq.gz, test/fastq_atac_raw/lib002_R1.fastq.gz, test/fastq_atac_raw/lib003_R1.fastq.gz, test/fastq_atac_raw/lib004_R1.fastq.gz, test/fastq_atac_raw/lib001_R2.fastq.gz, test/fastq_atac_raw/lib002_R2.fastq.gz, test/fastq_atac_raw/lib003_R2.fastq.gz, test/fastq_atac_raw/lib004_R2.fastq.gz, test/fastq_atac_proc/lib001_flex_1.fastq.gz, test/fastq_atac_proc/lib002_flex_1.fastq.gz, test/fastq_atac_proc/lib003_flex_1.fastq.gz, test/fastq_atac_proc/lib004_flex_1.fastq.gz, test/fastq_atac_proc/lib001_flex_2.fastq.gz, test/fastq_atac_proc/lib002_flex_2.fastq.gz, test/fastq_atac_proc/lib003_flex_2.fastq.gz, test/fastq_atac_proc/lib004_flex_2.fastq.gz, test/ref/ucsc_mm10_chr19, test/bam_atac_raw/lib001.bam, test/bam_atac_raw/lib002.bam, test/bam_atac_raw/lib003.bam, test/bam_atac_raw/lib004.bam, test/bam_atac_dedup/lib001_dedup.bam, test/bam_atac_dedup/lib002_dedup.bam, test/bam_atac_dedup/lib003_dedup.bam, test/bam_atac_dedup/lib004_dedup.bam, test/bam_atac_filt/lib001_filt.bam, test/bam_atac_filt/lib002_filt.bam, test/bam_atac_filt/lib003_filt.bam, test/bam_atac_filt/lib004_filt.bam, test/bam_atac_tn5/lib001_tn5.bam, test/bam_atac_tn5/lib002_tn5.bam, test/bam_atac_tn5/lib003_tn5.bam, test/bam_atac_tn5/lib004_tn5.bam, test/bam_atac_open/lib001_open.bam, test/bam_atac_open/lib002_open.bam, test/bam_atac_open/lib003_open.bam, test/bam_atac_open/lib004_open.bam, test/ref/txdb, test/qc/atac_qc.rdata, test/qc/lib001_R1_fastqc.html, test/qc/lib001_R2_fastqc.html, test/qc/lib002_R1_fastqc.html, test/qc/lib002_R2_fastqc.html, test/qc/lib003_R1_fastqc.html, test/qc/lib003_R2_fastqc.html, test/qc/lib004_R1_fastqc.html, test/qc/lib004_R2_fastqc.html, test/qc/lib001_flex_1_fastqc.html, test/qc/lib001_flex_2_fastqc.html, test/qc/lib002_flex_1_fastqc.html, test/qc/lib002_flex_2_fastqc.html, test/qc/lib003_flex_1_fastqc.html, test/qc/lib003_flex_2_fastqc.html, test/qc/lib004_flex_1_fastqc.html, test/qc/lib004_flex_2_fastqc.html, test/qc/lib001_filt_stat.txt, test/qc/lib002_filt_stat.txt, test/qc/lib003_filt_stat.txt, test/qc/lib004_filt_stat.txt, test/qc/lib001_filt_flagstat.txt, test/qc/lib002_filt_flagstat.txt, test/qc/lib003_filt_flagstat.txt, test/qc/lib004_filt_flagstat.txt
    jobid: 0
    resources: tmpdir=/tmp

[Tue Sep  6 15:38:12 2022]
Finished job 0.
5 of 5 steps (100%) done
Complete log: /home/jeszyman/repos/atac-seq/.snakemake/log/2022-09-06T153811.804464.snakemake.log
unlocking
removing lock
removing lock
removed all locks
