Building DAG of jobs...
Using shell: /bin/bash
Provided cores: 4
Rules claiming more threads will be scaled down.
Job stats:
job          count    min threads    max threads
---------  -------  -------------  -------------
all              1              1              1
read_trim        4              1              1
total            5              1              1

Select jobs to execute...

[Sun May  1 13:10:28 2022]
rule read_trim:
    input: test/fastq/atac2_R1.fastq.gz, test/fastq/atac2_R2.fastq.gz
    output: test/fastq/atac2_flex_1.fastq.gz, test/fastq/atac2_flex_2.fastq.gz
    jobid: 2
    wildcards: library_id=atac2
    resources: tmpdir=/tmp, mem_mb=5000

Activating singularity image /home/jeszyman/sing_containers/atac.sif

[Sun May  1 13:10:28 2022]
rule read_trim:
    input: test/fastq/atac3_R1.fastq.gz, test/fastq/atac3_R2.fastq.gz
    output: test/fastq/atac3_flex_1.fastq.gz, test/fastq/atac3_flex_2.fastq.gz
    jobid: 3
    wildcards: library_id=atac3
    resources: tmpdir=/tmp, mem_mb=5000

Activating singularity image /home/jeszyman/sing_containers/atac.sif

[Sun May  1 13:10:28 2022]
rule read_trim:
    input: test/fastq/atac1_R1.fastq.gz, test/fastq/atac1_R2.fastq.gz
    output: test/fastq/atac1_flex_1.fastq.gz, test/fastq/atac1_flex_2.fastq.gz
    jobid: 1
    wildcards: library_id=atac1
    resources: tmpdir=/tmp, mem_mb=5000

Activating singularity image /home/jeszyman/sing_containers/atac.sif

[Sun May  1 13:10:28 2022]
rule read_trim:
    input: test/fastq/atac4_R1.fastq.gz, test/fastq/atac4_R2.fastq.gz
    output: test/fastq/atac4_flex_1.fastq.gz, test/fastq/atac4_flex_2.fastq.gz
    jobid: 4
    wildcards: library_id=atac4
    resources: tmpdir=/tmp, mem_mb=5000

Activating singularity image /home/jeszyman/sing_containers/atac.sif
[Sun May  1 13:10:54 2022]
Finished job 2.
1 of 5 steps (20%) done
[Sun May  1 13:10:54 2022]
Finished job 4.
2 of 5 steps (40%) done
[Sun May  1 13:10:54 2022]
Finished job 1.
3 of 5 steps (60%) done
[Sun May  1 13:10:54 2022]
Finished job 3.
4 of 5 steps (80%) done
Select jobs to execute...

[Sun May  1 13:10:54 2022]
localrule all:
    input: test/fastq/atac1_flex_1.fastq.gz, test/fastq/atac2_flex_1.fastq.gz, test/fastq/atac3_flex_1.fastq.gz, test/fastq/atac4_flex_1.fastq.gz
    jobid: 0
    resources: tmpdir=/tmp

[Sun May  1 13:10:54 2022]
Finished job 0.
5 of 5 steps (100%) done
Complete log: /home/jeszyman/repos/atac-seq/.snakemake/log/2022-05-01T131027.824616.snakemake.log
