Building DAG of jobs...
Using shell: /bin/bash
Provided cores: 4
Rules claiming more threads will be scaled down.
Job stats:
job          count    min threads    max threads
---------  -------  -------------  -------------
all              1              1              1
read_trim        4              1              1
total            5              1              1

Resources before job selection: {'_cores': 4, '_nodes': 9223372036854775807}
Ready jobs (4):
	read_trim
	read_trim
	read_trim
	read_trim
Select jobs to execute...
Selected jobs (4):
	read_trim
	read_trim
	read_trim
	read_trim
Resources after job selection: {'_cores': 0, '_nodes': 9223372036854775803}

[Wed Aug 31 07:40:23 2022]
rule read_trim:
    input: test/fastq_atac_raw/lib003_R1.fastq.gz, test/fastq_atac_raw/lib003_R2.fastq.gz
    output: test/fastq_atac_proc/lib003_flex_1.fastq.gz, test/fastq_atac_proc/lib003_flex_2.fastq.gz
    jobid: 7
    wildcards: library=lib003
    resources: tmpdir=/tmp, mem_mb=5000


        workflow/scripts/read_trim.sh test/fastq_atac_raw/lib003_R1.fastq.gz test/fastq_atac_raw/lib003_R2.fastq.gz test/fastq_atac_proc 4
        

[Wed Aug 31 07:40:23 2022]
rule read_trim:
    input: test/fastq_atac_raw/lib002_R1.fastq.gz, test/fastq_atac_raw/lib002_R2.fastq.gz
    output: test/fastq_atac_proc/lib002_flex_1.fastq.gz, test/fastq_atac_proc/lib002_flex_2.fastq.gz
    jobid: 6
    wildcards: library=lib002
    resources: tmpdir=/tmp, mem_mb=5000


        workflow/scripts/read_trim.sh test/fastq_atac_raw/lib002_R1.fastq.gz test/fastq_atac_raw/lib002_R2.fastq.gz test/fastq_atac_proc 4
        

[Wed Aug 31 07:40:23 2022]
rule read_trim:
    input: test/fastq_atac_raw/lib001_R1.fastq.gz, test/fastq_atac_raw/lib001_R2.fastq.gz
    output: test/fastq_atac_proc/lib001_flex_1.fastq.gz, test/fastq_atac_proc/lib001_flex_2.fastq.gz
    jobid: 5
    wildcards: library=lib001
    resources: tmpdir=/tmp, mem_mb=5000


        workflow/scripts/read_trim.sh test/fastq_atac_raw/lib001_R1.fastq.gz test/fastq_atac_raw/lib001_R2.fastq.gz test/fastq_atac_proc 4
        

[Wed Aug 31 07:40:23 2022]
rule read_trim:
    input: test/fastq_atac_raw/lib004_R1.fastq.gz, test/fastq_atac_raw/lib004_R2.fastq.gz
    output: test/fastq_atac_proc/lib004_flex_1.fastq.gz, test/fastq_atac_proc/lib004_flex_2.fastq.gz
    jobid: 8
    wildcards: library=lib004
    resources: tmpdir=/tmp, mem_mb=5000


        workflow/scripts/read_trim.sh test/fastq_atac_raw/lib004_R1.fastq.gz test/fastq_atac_raw/lib004_R2.fastq.gz test/fastq_atac_proc 4
        
[Wed Aug 31 07:48:38 2022]
Finished job 5.
1 of 5 steps (20%) done
[Wed Aug 31 07:48:52 2022]
Finished job 6.
2 of 5 steps (40%) done
[Wed Aug 31 07:49:01 2022]
Finished job 7.
3 of 5 steps (60%) done
[Wed Aug 31 07:49:06 2022]
Finished job 8.
4 of 5 steps (80%) done
Resources before job selection: {'_cores': 4, '_nodes': 9223372036854775807}
Ready jobs (1):
	all
Select jobs to execute...
Using greedy selector because only single job has to be scheduled.
Selected jobs (1):
	all
Resources after job selection: {'_cores': 3, '_nodes': 9223372036854775806}

[Wed Aug 31 07:49:06 2022]
localrule all:
    input: test/fastq_atac_raw/lib001_R1.fastq.gz, test/fastq_atac_raw/lib002_R1.fastq.gz, test/fastq_atac_raw/lib003_R1.fastq.gz, test/fastq_atac_raw/lib004_R1.fastq.gz, test/fastq_atac_raw/lib001_R2.fastq.gz, test/fastq_atac_raw/lib002_R2.fastq.gz, test/fastq_atac_raw/lib003_R2.fastq.gz, test/fastq_atac_raw/lib004_R2.fastq.gz, test/fastq_atac_proc/lib001_flex_1.fastq.gz, test/fastq_atac_proc/lib002_flex_1.fastq.gz, test/fastq_atac_proc/lib003_flex_1.fastq.gz, test/fastq_atac_proc/lib004_flex_1.fastq.gz, test/fastq_atac_proc/lib001_flex_2.fastq.gz, test/fastq_atac_proc/lib002_flex_2.fastq.gz, test/fastq_atac_proc/lib003_flex_2.fastq.gz, test/fastq_atac_proc/lib004_flex_2.fastq.gz
    jobid: 0
    resources: tmpdir=/tmp

[Wed Aug 31 07:49:06 2022]
Finished job 0.
5 of 5 steps (100%) done
Complete log: /home/jeszyman/repos/atac-seq/.snakemake/log/2022-08-31T074022.643713.snakemake.log
unlocking
removing lock
removing lock
removed all locks
