Building DAG of jobs...
Using shell: /bin/bash
Provided cores: 4
Rules claiming more threads will be scaled down.
Job stats:
job          count    min threads    max threads
---------  -------  -------------  -------------
align_bt2        4              1              1
all              1              1              1
total            5              1              1

Resources before job selection: {'_cores': 4, '_nodes': 9223372036854775807}
Ready jobs (4):
	align_bt2
	align_bt2
	align_bt2
	align_bt2
Select jobs to execute...
Selected jobs (4):
	align_bt2
	align_bt2
	align_bt2
	align_bt2
Resources after job selection: {'_cores': 0, '_nodes': 9223372036854775803}

[Sat May 21 15:25:41 2022]
rule align_bt2:
    input: test/fastq/lib001_flex_1.fastq.gz, test/fastq/lib001_flex_2.fastq.gz
    output: test/bam/lib001.bam
    jobid: 9
    wildcards: library_id=lib001
    resources: tmpdir=/tmp


        workflow/scripts/align_bt2.sh test/fastq/lib001_flex_1.fastq.gz test/fastq/lib001_flex_2.fastq.gz test/ref/ucsc_mm10_chr9/ucsc_mm10_chr9 4 test/bam/lib001.bam
        
 singularity  exec --home /home/jeszyman/repos/atac-seq --bind /home/jeszyman:/home/jeszyman --bind /mnt:/mnt /home/jeszyman/sing_containers/atac.sif bash -c 'set -euo pipefail;  
        workflow/scripts/align_bt2.sh test/fastq/lib001_flex_1.fastq.gz test/fastq/lib001_flex_2.fastq.gz test/ref/ucsc_mm10_chr9/ucsc_mm10_chr9 4 test/bam/lib001.bam'

Activating singularity image /home/jeszyman/sing_containers/atac.sif
[Sat May 21 15:25:41 2022]
rule align_bt2:
    input: test/fastq/lib004_flex_1.fastq.gz, test/fastq/lib004_flex_2.fastq.gz
    output: test/bam/lib004.bam
    jobid: 12
    wildcards: library_id=lib004
    resources: tmpdir=/tmp


        workflow/scripts/align_bt2.sh test/fastq/lib004_flex_1.fastq.gz test/fastq/lib004_flex_2.fastq.gz test/ref/ucsc_mm10_chr9/ucsc_mm10_chr9 4 test/bam/lib004.bam
        
 singularity  exec --home /home/jeszyman/repos/atac-seq --bind /home/jeszyman:/home/jeszyman --bind /mnt:/mnt /home/jeszyman/sing_containers/atac.sif bash -c 'set -euo pipefail;  
        workflow/scripts/align_bt2.sh test/fastq/lib004_flex_1.fastq.gz test/fastq/lib004_flex_2.fastq.gz test/ref/ucsc_mm10_chr9/ucsc_mm10_chr9 4 test/bam/lib004.bam'

Activating singularity image /home/jeszyman/sing_containers/atac.sif
[Sat May 21 15:25:41 2022]
rule align_bt2:
    input: test/fastq/lib003_flex_1.fastq.gz, test/fastq/lib003_flex_2.fastq.gz
    output: test/bam/lib003.bam
    jobid: 11
    wildcards: library_id=lib003
    resources: tmpdir=/tmp


        workflow/scripts/align_bt2.sh test/fastq/lib003_flex_1.fastq.gz test/fastq/lib003_flex_2.fastq.gz test/ref/ucsc_mm10_chr9/ucsc_mm10_chr9 4 test/bam/lib003.bam
        
 singularity  exec --home /home/jeszyman/repos/atac-seq --bind /home/jeszyman:/home/jeszyman --bind /mnt:/mnt /home/jeszyman/sing_containers/atac.sif bash -c 'set -euo pipefail;  
        workflow/scripts/align_bt2.sh test/fastq/lib003_flex_1.fastq.gz test/fastq/lib003_flex_2.fastq.gz test/ref/ucsc_mm10_chr9/ucsc_mm10_chr9 4 test/bam/lib003.bam'
Activating singularity image /home/jeszyman/sing_containers/atac.sif

[Sat May 21 15:25:41 2022]
rule align_bt2:
    input: test/fastq/lib002_flex_1.fastq.gz, test/fastq/lib002_flex_2.fastq.gz
    output: test/bam/lib002.bam
    jobid: 10
    wildcards: library_id=lib002
    resources: tmpdir=/tmp


        workflow/scripts/align_bt2.sh test/fastq/lib002_flex_1.fastq.gz test/fastq/lib002_flex_2.fastq.gz test/ref/ucsc_mm10_chr9/ucsc_mm10_chr9 4 test/bam/lib002.bam
        
 singularity  exec --home /home/jeszyman/repos/atac-seq --bind /home/jeszyman:/home/jeszyman --bind /mnt:/mnt /home/jeszyman/sing_containers/atac.sif bash -c 'set -euo pipefail;  
        workflow/scripts/align_bt2.sh test/fastq/lib002_flex_1.fastq.gz test/fastq/lib002_flex_2.fastq.gz test/ref/ucsc_mm10_chr9/ucsc_mm10_chr9 4 test/bam/lib002.bam'
Activating singularity image /home/jeszyman/sing_containers/atac.sif
[Sat May 21 15:30:34 2022]
Finished job 11.
1 of 5 steps (20%) done
[Sat May 21 15:30:44 2022]
Finished job 10.
2 of 5 steps (40%) done
[Sat May 21 15:30:51 2022]
Finished job 9.
3 of 5 steps (60%) done
[Sat May 21 15:30:57 2022]
Finished job 12.
4 of 5 steps (80%) done
Resources before job selection: {'_cores': 4, '_nodes': 9223372036854775807}
Ready jobs (1):
	all
Select jobs to execute...
Using greedy selector because only single job has to be scheduled.
Selected jobs (1):
	all
Resources after job selection: {'_cores': 3, '_nodes': 9223372036854775806}

[Sat May 21 15:30:57 2022]
localrule all:
    input: test/fastq/lib001_R1.fastq.gz, test/fastq/lib001_R2.fastq.gz, test/fastq/lib002_R1.fastq.gz, test/fastq/lib002_R2.fastq.gz, test/fastq/lib003_R1.fastq.gz, test/fastq/lib003_R2.fastq.gz, test/fastq/lib004_R1.fastq.gz, test/fastq/lib004_R2.fastq.gz, test/fastq/lib001_flex_1.fastq.gz, test/fastq/lib002_flex_1.fastq.gz, test/fastq/lib003_flex_1.fastq.gz, test/fastq/lib004_flex_1.fastq.gz, test/fastq/lib001_flex_2.fastq.gz, test/fastq/lib002_flex_2.fastq.gz, test/fastq/lib003_flex_2.fastq.gz, test/fastq/lib004_flex_2.fastq.gz, test/bam/lib001.bam, test/bam/lib002.bam, test/bam/lib003.bam, test/bam/lib004.bam
    jobid: 0
    resources: tmpdir=/tmp

[Sat May 21 15:30:57 2022]
Finished job 0.
5 of 5 steps (100%) done
Complete log: /home/jeszyman/repos/atac-seq/.snakemake/log/2022-05-21T152540.400438.snakemake.log
unlocking
removing lock
removing lock
removed all locks
