Building DAG of jobs...
Using shell: /bin/bash
Provided cores: 4
Rules claiming more threads will be scaled down.
Job stats:
job                       count    min threads    max threads
----------------------  -------  -------------  -------------
all                           1              1              1
move_and_rename_fastqs        4              1              1
total                         5              1              1

Resources before job selection: {'_cores': 4, '_nodes': 9223372036854775807}
Ready jobs (4):
	move_and_rename_fastqs
	move_and_rename_fastqs
	move_and_rename_fastqs
	move_and_rename_fastqs
Select jobs to execute...
Selected jobs (4):
	move_and_rename_fastqs
	move_and_rename_fastqs
	move_and_rename_fastqs
	move_and_rename_fastqs
Resources after job selection: {'_cores': 0, '_nodes': 9223372036854775803}

[Sat May 21 13:28:28 2022]
rule move_and_rename_fastqs:
    input: /home/jeszyman/repos/atac-seq/test/inputs/atac2_R1.fastq.gz
    output: test/fastq/lib002_R1.fastq.gz
    jobid: 2
    wildcards: library_id=lib002
    resources: tmpdir=/tmp


        ln -sf /home/jeszyman/repos/atac-seq/test/inputs/atac2_R1.fastq.gz test/fastq/lib002_R1.fastq.gz
        

[Sat May 21 13:28:28 2022]
rule move_and_rename_fastqs:
    input: /home/jeszyman/repos/atac-seq/test/inputs/atac4_R1.fastq.gz
    output: test/fastq/lib004_R1.fastq.gz
    jobid: 4
    wildcards: library_id=lib004
    resources: tmpdir=/tmp


        ln -sf /home/jeszyman/repos/atac-seq/test/inputs/atac4_R1.fastq.gz test/fastq/lib004_R1.fastq.gz
        

[Sat May 21 13:28:28 2022]
rule move_and_rename_fastqs:
    input: /home/jeszyman/repos/atac-seq/test/inputs/atac1_R1.fastq.gz
    output: test/fastq/lib001_R1.fastq.gz
    jobid: 1
    wildcards: library_id=lib001
    resources: tmpdir=/tmp


        ln -sf /home/jeszyman/repos/atac-seq/test/inputs/atac1_R1.fastq.gz test/fastq/lib001_R1.fastq.gz
        

[Sat May 21 13:28:28 2022]
rule move_and_rename_fastqs:
    input: /home/jeszyman/repos/atac-seq/test/inputs/atac3_R1.fastq.gz
    output: test/fastq/lib003_R1.fastq.gz
    jobid: 3
    wildcards: library_id=lib003
    resources: tmpdir=/tmp


        ln -sf /home/jeszyman/repos/atac-seq/test/inputs/atac3_R1.fastq.gz test/fastq/lib003_R1.fastq.gz
        
[Sat May 21 13:28:28 2022]
Finished job 2.
1 of 5 steps (20%) done
[Sat May 21 13:28:28 2022]
Finished job 4.
2 of 5 steps (40%) done
[Sat May 21 13:28:28 2022]
Finished job 1.
3 of 5 steps (60%) done
[Sat May 21 13:28:28 2022]
Finished job 3.
4 of 5 steps (80%) done
Resources before job selection: {'_cores': 4, '_nodes': 9223372036854775807}
Ready jobs (1):
	all
Select jobs to execute...
Using greedy selector because only single job has to be scheduled.
Selected jobs (1):
	all
Resources after job selection: {'_cores': 3, '_nodes': 9223372036854775806}

[Sat May 21 13:28:28 2022]
localrule all:
    input: test/fastq/lib001_R1.fastq.gz, test/fastq/lib002_R1.fastq.gz, test/fastq/lib003_R1.fastq.gz, test/fastq/lib004_R1.fastq.gz
    jobid: 0
    resources: tmpdir=/tmp

[Sat May 21 13:28:28 2022]
Finished job 0.
5 of 5 steps (100%) done
Complete log: /home/jeszyman/repos/atac-seq/.snakemake/log/2022-05-21T132827.868901.snakemake.log
unlocking
removing lock
removing lock
removed all locks
