Building DAG of jobs...
Using shell: /bin/bash
Provided cores: 4
Rules claiming more threads will be scaled down.
Job stats:
job                 count    min threads    max threads
----------------  -------  -------------  -------------
align_bt2               4              1              1
all                     1              1              1
fastqc                  8              1              1
filter_and_dedup        4              1              1
get_open_chrom          4              1              1
read_trim               4              1              1
samstats                4              1              1
tn5_shift               4              1              1
tn5_shift_open          4              1              1
total                  37              1              1

Resources before job selection: {'_cores': 4, '_nodes': 9223372036854775807}
Ready jobs (12):
	read_trim
	fastqc
	read_trim
	fastqc
	fastqc
	fastqc
	read_trim
	fastqc
	fastqc
	read_trim
	fastqc
	fastqc
Select jobs to execute...
Selected jobs (4):
	fastqc
	fastqc
	read_trim
	fastqc
Resources after job selection: {'_cores': 0, '_nodes': 9223372036854775803}

[Mon May  9 14:12:13 2022]
rule fastqc:
    input: test/fastq/atac1_R2.fastq.gz
    output: test/qc/atac1_R2_fastqc.html
    log: test/logs/fastqc_raw_atac1_R2.log
    jobid: 26
    wildcards: library_id=atac1, read=R2
    resources: tmpdir=/tmp


        fastqc --outdir test/qc         --quiet         --threads 4 test/fastq/atac1_R2.fastq.gz &> test/logs/fastqc_raw_atac1_R2.log
        
 singularity  exec --home /home/jeszyman/repos/atac-seq --bind /home/jeszyman:/home/jeszyman --bind /mnt:/mnt /home/jeszyman/sing_containers/atac.sif bash -c 'set -euo pipefail;  
        fastqc --outdir test/qc         --quiet         --threads 4 test/fastq/atac1_R2.fastq.gz &> test/logs/fastqc_raw_atac1_R2.log'
Activating singularity image /home/jeszyman/sing_containers/atac.sif

[Mon May  9 14:12:13 2022]
rule fastqc:
    input: test/fastq/atac1_R1.fastq.gz
    output: test/qc/atac1_R1_fastqc.html
    log: test/logs/fastqc_raw_atac1_R1.log
    jobid: 25
    wildcards: library_id=atac1, read=R1
    resources: tmpdir=/tmp


        fastqc --outdir test/qc         --quiet         --threads 4 test/fastq/atac1_R1.fastq.gz &> test/logs/fastqc_raw_atac1_R1.log
        

 singularity  exec --home /home/jeszyman/repos/atac-seq --bind /home/jeszyman:/home/jeszyman --bind /mnt:/mnt /home/jeszyman/sing_containers/atac.sif bash -c 'set -euo pipefail;  
        fastqc --outdir test/qc         --quiet         --threads 4 test/fastq/atac1_R1.fastq.gz &> test/logs/fastqc_raw_atac1_R1.log'
[Mon May  9 14:12:13 2022]
Activating singularity image /home/jeszyman/sing_containers/atac.sif
rule read_trim:
    input: test/fastq/atac1_R1.fastq.gz, test/fastq/atac1_R2.fastq.gz
    output: test/fastq/atac1_flex_1.fastq.gz, test/fastq/atac1_flex_2.fastq.gz
    jobid: 3
    wildcards: library_id=atac1
    resources: tmpdir=/tmp, mem_mb=5000


        workflow/scripts/read_trim.sh test/fastq/atac1_R1.fastq.gz test/fastq/atac1_R2.fastq.gz test/fastq 4
        

 singularity  exec --home /home/jeszyman/repos/atac-seq --bind /home/jeszyman:/home/jeszyman --bind /mnt:/mnt /home/jeszyman/sing_containers/atac.sif bash -c 'set -euo pipefail;  
        workflow/scripts/read_trim.sh test/fastq/atac1_R1.fastq.gz test/fastq/atac1_R2.fastq.gz test/fastq 4'
[Mon May  9 14:12:13 2022]
Activating singularity image /home/jeszyman/sing_containers/atac.sif
rule fastqc:
    input: test/fastq/atac2_R2.fastq.gz
    output: test/qc/atac2_R2_fastqc.html
    log: test/logs/fastqc_raw_atac2_R2.log
    jobid: 28
    wildcards: library_id=atac2, read=R2
    resources: tmpdir=/tmp


        fastqc --outdir test/qc         --quiet         --threads 4 test/fastq/atac2_R2.fastq.gz &> test/logs/fastqc_raw_atac2_R2.log
        
 singularity  exec --home /home/jeszyman/repos/atac-seq --bind /home/jeszyman:/home/jeszyman --bind /mnt:/mnt /home/jeszyman/sing_containers/atac.sif bash -c 'set -euo pipefail;  
        fastqc --outdir test/qc         --quiet         --threads 4 test/fastq/atac2_R2.fastq.gz &> test/logs/fastqc_raw_atac2_R2.log'
Activating singularity image /home/jeszyman/sing_containers/atac.sif
[Mon May  9 14:12:17 2022]
Finished job 26.
1 of 37 steps (3%) done
Resources before job selection: {'_cores': 1, '_nodes': 9223372036854775804}
Ready jobs (8):
	fastqc
	read_trim
	fastqc
	fastqc
	read_trim
	fastqc
	fastqc
	read_trim
Select jobs to execute...
Selected jobs (1):
	read_trim
Resources after job selection: {'_cores': 0, '_nodes': 9223372036854775803}

[Mon May  9 14:12:17 2022]
rule read_trim:
    input: test/fastq/atac4_R1.fastq.gz, test/fastq/atac4_R2.fastq.gz
    output: test/fastq/atac4_flex_1.fastq.gz, test/fastq/atac4_flex_2.fastq.gz
    jobid: 12
    wildcards: library_id=atac4
    resources: tmpdir=/tmp, mem_mb=5000


        workflow/scripts/read_trim.sh test/fastq/atac4_R1.fastq.gz test/fastq/atac4_R2.fastq.gz test/fastq 4
        
 singularity  exec --home /home/jeszyman/repos/atac-seq --bind /home/jeszyman:/home/jeszyman --bind /mnt:/mnt /home/jeszyman/sing_containers/atac.sif bash -c 'set -euo pipefail;  
        workflow/scripts/read_trim.sh test/fastq/atac4_R1.fastq.gz test/fastq/atac4_R2.fastq.gz test/fastq 4'
Activating singularity image /home/jeszyman/sing_containers/atac.sif
[Mon May  9 14:12:18 2022]
Finished job 25.
2 of 37 steps (5%) done
Resources before job selection: {'_cores': 1, '_nodes': 9223372036854775804}
Ready jobs (7):
	fastqc
	read_trim
	fastqc
	fastqc
	read_trim
	fastqc
	fastqc
Select jobs to execute...
Selected jobs (1):
	fastqc
Resources after job selection: {'_cores': 0, '_nodes': 9223372036854775803}

[Mon May  9 14:12:18 2022]
rule fastqc:
    input: test/fastq/atac4_R2.fastq.gz
    output: test/qc/atac4_R2_fastqc.html
    log: test/logs/fastqc_raw_atac4_R2.log
    jobid: 32
    wildcards: library_id=atac4, read=R2
    resources: tmpdir=/tmp


        fastqc --outdir test/qc         --quiet         --threads 4 test/fastq/atac4_R2.fastq.gz &> test/logs/fastqc_raw_atac4_R2.log
        
 singularity  exec --home /home/jeszyman/repos/atac-seq --bind /home/jeszyman:/home/jeszyman --bind /mnt:/mnt /home/jeszyman/sing_containers/atac.sif bash -c 'set -euo pipefail;  
        fastqc --outdir test/qc         --quiet         --threads 4 test/fastq/atac4_R2.fastq.gz &> test/logs/fastqc_raw_atac4_R2.log'
Activating singularity image /home/jeszyman/sing_containers/atac.sif
[Mon May  9 14:12:18 2022]
Finished job 28.
3 of 37 steps (8%) done
Resources before job selection: {'_cores': 1, '_nodes': 9223372036854775804}
Ready jobs (6):
	fastqc
	read_trim
	fastqc
	fastqc
	read_trim
	fastqc
Select jobs to execute...
Selected jobs (1):
	fastqc
Resources after job selection: {'_cores': 0, '_nodes': 9223372036854775803}

[Mon May  9 14:12:18 2022]
rule fastqc:
    input: test/fastq/atac3_R2.fastq.gz
    output: test/qc/atac3_R2_fastqc.html
    log: test/logs/fastqc_raw_atac3_R2.log
    jobid: 30
    wildcards: library_id=atac3, read=R2
    resources: tmpdir=/tmp


        fastqc --outdir test/qc         --quiet         --threads 4 test/fastq/atac3_R2.fastq.gz &> test/logs/fastqc_raw_atac3_R2.log
        
 singularity  exec --home /home/jeszyman/repos/atac-seq --bind /home/jeszyman:/home/jeszyman --bind /mnt:/mnt /home/jeszyman/sing_containers/atac.sif bash -c 'set -euo pipefail;  
        fastqc --outdir test/qc         --quiet         --threads 4 test/fastq/atac3_R2.fastq.gz &> test/logs/fastqc_raw_atac3_R2.log'
Activating singularity image /home/jeszyman/sing_containers/atac.sif
[Mon May  9 14:12:22 2022]
Finished job 32.
4 of 37 steps (11%) done
Resources before job selection: {'_cores': 1, '_nodes': 9223372036854775804}
Ready jobs (5):
	fastqc
	read_trim
	fastqc
	fastqc
	read_trim
Select jobs to execute...
Selected jobs (1):
	read_trim
Resources after job selection: {'_cores': 0, '_nodes': 9223372036854775803}

[Mon May  9 14:12:22 2022]
rule read_trim:
    input: test/fastq/atac2_R1.fastq.gz, test/fastq/atac2_R2.fastq.gz
    output: test/fastq/atac2_flex_1.fastq.gz, test/fastq/atac2_flex_2.fastq.gz
    jobid: 6
    wildcards: library_id=atac2
    resources: tmpdir=/tmp, mem_mb=5000


        workflow/scripts/read_trim.sh test/fastq/atac2_R1.fastq.gz test/fastq/atac2_R2.fastq.gz test/fastq 4
        
 singularity  exec --home /home/jeszyman/repos/atac-seq --bind /home/jeszyman:/home/jeszyman --bind /mnt:/mnt /home/jeszyman/sing_containers/atac.sif bash -c 'set -euo pipefail;  
        workflow/scripts/read_trim.sh test/fastq/atac2_R1.fastq.gz test/fastq/atac2_R2.fastq.gz test/fastq 4'
Activating singularity image /home/jeszyman/sing_containers/atac.sif
[Mon May  9 14:12:22 2022]
Finished job 30.
5 of 37 steps (14%) done
Resources before job selection: {'_cores': 1, '_nodes': 9223372036854775804}
Ready jobs (4):
	fastqc
	read_trim
	fastqc
	fastqc
Select jobs to execute...
Selected jobs (1):
	fastqc
Resources after job selection: {'_cores': 0, '_nodes': 9223372036854775803}

[Mon May  9 14:12:22 2022]
rule fastqc:
    input: test/fastq/atac4_R1.fastq.gz
    output: test/qc/atac4_R1_fastqc.html
    log: test/logs/fastqc_raw_atac4_R1.log
    jobid: 31
    wildcards: library_id=atac4, read=R1
    resources: tmpdir=/tmp


        fastqc --outdir test/qc         --quiet         --threads 4 test/fastq/atac4_R1.fastq.gz &> test/logs/fastqc_raw_atac4_R1.log
        
 singularity  exec --home /home/jeszyman/repos/atac-seq --bind /home/jeszyman:/home/jeszyman --bind /mnt:/mnt /home/jeszyman/sing_containers/atac.sif bash -c 'set -euo pipefail;  
        fastqc --outdir test/qc         --quiet         --threads 4 test/fastq/atac4_R1.fastq.gz &> test/logs/fastqc_raw_atac4_R1.log'
Activating singularity image /home/jeszyman/sing_containers/atac.sif
[Mon May  9 14:12:24 2022]
Finished job 3.
6 of 37 steps (16%) done
Resources before job selection: {'_cores': 1, '_nodes': 9223372036854775804}
Ready jobs (4):
	align_bt2
	read_trim
	fastqc
	fastqc
Select jobs to execute...
Selected jobs (1):
	fastqc
Resources after job selection: {'_cores': 0, '_nodes': 9223372036854775803}

[Mon May  9 14:12:24 2022]
rule fastqc:
    input: test/fastq/atac2_R1.fastq.gz
    output: test/qc/atac2_R1_fastqc.html
    log: test/logs/fastqc_raw_atac2_R1.log
    jobid: 27
    wildcards: library_id=atac2, read=R1
    resources: tmpdir=/tmp


        fastqc --outdir test/qc         --quiet         --threads 4 test/fastq/atac2_R1.fastq.gz &> test/logs/fastqc_raw_atac2_R1.log
        
 singularity  exec --home /home/jeszyman/repos/atac-seq --bind /home/jeszyman:/home/jeszyman --bind /mnt:/mnt /home/jeszyman/sing_containers/atac.sif bash -c 'set -euo pipefail;  
        fastqc --outdir test/qc         --quiet         --threads 4 test/fastq/atac2_R1.fastq.gz &> test/logs/fastqc_raw_atac2_R1.log'
Activating singularity image /home/jeszyman/sing_containers/atac.sif
[Mon May  9 14:12:27 2022]
Finished job 31.
7 of 37 steps (19%) done
Resources before job selection: {'_cores': 1, '_nodes': 9223372036854775804}
Ready jobs (3):
	align_bt2
	read_trim
	fastqc
Select jobs to execute...
Selected jobs (1):
	fastqc
Resources after job selection: {'_cores': 0, '_nodes': 9223372036854775803}

[Mon May  9 14:12:27 2022]
rule fastqc:
    input: test/fastq/atac3_R1.fastq.gz
    output: test/qc/atac3_R1_fastqc.html
    log: test/logs/fastqc_raw_atac3_R1.log
    jobid: 29
    wildcards: library_id=atac3, read=R1
    resources: tmpdir=/tmp


        fastqc --outdir test/qc         --quiet         --threads 4 test/fastq/atac3_R1.fastq.gz &> test/logs/fastqc_raw_atac3_R1.log
        
 singularity  exec --home /home/jeszyman/repos/atac-seq --bind /home/jeszyman:/home/jeszyman --bind /mnt:/mnt /home/jeszyman/sing_containers/atac.sif bash -c 'set -euo pipefail;  
        fastqc --outdir test/qc         --quiet         --threads 4 test/fastq/atac3_R1.fastq.gz &> test/logs/fastqc_raw_atac3_R1.log'
Activating singularity image /home/jeszyman/sing_containers/atac.sif
[Mon May  9 14:12:28 2022]
Finished job 12.
8 of 37 steps (22%) done
Resources before job selection: {'_cores': 1, '_nodes': 9223372036854775804}
Ready jobs (3):
	align_bt2
	align_bt2
	read_trim
Select jobs to execute...
Selected jobs (1):
	read_trim
Resources after job selection: {'_cores': 0, '_nodes': 9223372036854775803}

[Mon May  9 14:12:28 2022]
rule read_trim:
    input: test/fastq/atac3_R1.fastq.gz, test/fastq/atac3_R2.fastq.gz
    output: test/fastq/atac3_flex_1.fastq.gz, test/fastq/atac3_flex_2.fastq.gz
    jobid: 9
    wildcards: library_id=atac3
    resources: tmpdir=/tmp, mem_mb=5000


        workflow/scripts/read_trim.sh test/fastq/atac3_R1.fastq.gz test/fastq/atac3_R2.fastq.gz test/fastq 4
        
 singularity  exec --home /home/jeszyman/repos/atac-seq --bind /home/jeszyman:/home/jeszyman --bind /mnt:/mnt /home/jeszyman/sing_containers/atac.sif bash -c 'set -euo pipefail;  
        workflow/scripts/read_trim.sh test/fastq/atac3_R1.fastq.gz test/fastq/atac3_R2.fastq.gz test/fastq 4'
Activating singularity image /home/jeszyman/sing_containers/atac.sif
[Mon May  9 14:12:28 2022]
Finished job 27.
9 of 37 steps (24%) done
Resources before job selection: {'_cores': 1, '_nodes': 9223372036854775804}
Ready jobs (2):
	align_bt2
	align_bt2
Select jobs to execute...
Selected jobs (1):
	align_bt2
Resources after job selection: {'_cores': 0, '_nodes': 9223372036854775803}

[Mon May  9 14:12:28 2022]
rule align_bt2:
    input: test/fastq/atac1_flex_1.fastq.gz, test/fastq/atac1_flex_2.fastq.gz
    output: test/bam/atac1.bam
    jobid: 2
    wildcards: library_id=atac1
    resources: tmpdir=/tmp


        workflow/scripts/align_bt2.sh test/fastq/atac1_flex_1.fastq.gz test/fastq/atac1_flex_2.fastq.gz test/ref/ucsc_mm10_chr9/ucsc_mm10_chr9 4 test/bam/atac1.bam
        
 singularity  exec --home /home/jeszyman/repos/atac-seq --bind /home/jeszyman:/home/jeszyman --bind /mnt:/mnt /home/jeszyman/sing_containers/atac.sif bash -c 'set -euo pipefail;  
        workflow/scripts/align_bt2.sh test/fastq/atac1_flex_1.fastq.gz test/fastq/atac1_flex_2.fastq.gz test/ref/ucsc_mm10_chr9/ucsc_mm10_chr9 4 test/bam/atac1.bam'
Activating singularity image /home/jeszyman/sing_containers/atac.sif
[Mon May  9 14:12:33 2022]
Finished job 29.
10 of 37 steps (27%) done
Resources before job selection: {'_cores': 1, '_nodes': 9223372036854775804}
Ready jobs (1):
	align_bt2
Select jobs to execute...
Using greedy selector because only single job has to be scheduled.
Selected jobs (1):
	align_bt2
Resources after job selection: {'_cores': 0, '_nodes': 9223372036854775803}

[Mon May  9 14:12:33 2022]
rule align_bt2:
    input: test/fastq/atac4_flex_1.fastq.gz, test/fastq/atac4_flex_2.fastq.gz
    output: test/bam/atac4.bam
    jobid: 11
    wildcards: library_id=atac4
    resources: tmpdir=/tmp


        workflow/scripts/align_bt2.sh test/fastq/atac4_flex_1.fastq.gz test/fastq/atac4_flex_2.fastq.gz test/ref/ucsc_mm10_chr9/ucsc_mm10_chr9 4 test/bam/atac4.bam
        
 singularity  exec --home /home/jeszyman/repos/atac-seq --bind /home/jeszyman:/home/jeszyman --bind /mnt:/mnt /home/jeszyman/sing_containers/atac.sif bash -c 'set -euo pipefail;  
        workflow/scripts/align_bt2.sh test/fastq/atac4_flex_1.fastq.gz test/fastq/atac4_flex_2.fastq.gz test/ref/ucsc_mm10_chr9/ucsc_mm10_chr9 4 test/bam/atac4.bam'
Activating singularity image /home/jeszyman/sing_containers/atac.sif
[Mon May  9 14:12:36 2022]
Finished job 6.
11 of 37 steps (30%) done
Resources before job selection: {'_cores': 1, '_nodes': 9223372036854775804}
Ready jobs (1):
	align_bt2
Select jobs to execute...
Using greedy selector because only single job has to be scheduled.
Selected jobs (1):
	align_bt2
Resources after job selection: {'_cores': 0, '_nodes': 9223372036854775803}

[Mon May  9 14:12:36 2022]
rule align_bt2:
    input: test/fastq/atac2_flex_1.fastq.gz, test/fastq/atac2_flex_2.fastq.gz
    output: test/bam/atac2.bam
    jobid: 5
    wildcards: library_id=atac2
    resources: tmpdir=/tmp


        workflow/scripts/align_bt2.sh test/fastq/atac2_flex_1.fastq.gz test/fastq/atac2_flex_2.fastq.gz test/ref/ucsc_mm10_chr9/ucsc_mm10_chr9 4 test/bam/atac2.bam
        
 singularity  exec --home /home/jeszyman/repos/atac-seq --bind /home/jeszyman:/home/jeszyman --bind /mnt:/mnt /home/jeszyman/sing_containers/atac.sif bash -c 'set -euo pipefail;  
        workflow/scripts/align_bt2.sh test/fastq/atac2_flex_1.fastq.gz test/fastq/atac2_flex_2.fastq.gz test/ref/ucsc_mm10_chr9/ucsc_mm10_chr9 4 test/bam/atac2.bam'
Activating singularity image /home/jeszyman/sing_containers/atac.sif
[Mon May  9 14:12:44 2022]
Finished job 9.
12 of 37 steps (32%) done
Resources before job selection: {'_cores': 1, '_nodes': 9223372036854775804}
Ready jobs (1):
	align_bt2
Select jobs to execute...
Using greedy selector because only single job has to be scheduled.
Selected jobs (1):
	align_bt2
Resources after job selection: {'_cores': 0, '_nodes': 9223372036854775803}

[Mon May  9 14:12:44 2022]
rule align_bt2:
    input: test/fastq/atac3_flex_1.fastq.gz, test/fastq/atac3_flex_2.fastq.gz
    output: test/bam/atac3.bam
    jobid: 8
    wildcards: library_id=atac3
    resources: tmpdir=/tmp


        workflow/scripts/align_bt2.sh test/fastq/atac3_flex_1.fastq.gz test/fastq/atac3_flex_2.fastq.gz test/ref/ucsc_mm10_chr9/ucsc_mm10_chr9 4 test/bam/atac3.bam
        
 singularity  exec --home /home/jeszyman/repos/atac-seq --bind /home/jeszyman:/home/jeszyman --bind /mnt:/mnt /home/jeszyman/sing_containers/atac.sif bash -c 'set -euo pipefail;  
        workflow/scripts/align_bt2.sh test/fastq/atac3_flex_1.fastq.gz test/fastq/atac3_flex_2.fastq.gz test/ref/ucsc_mm10_chr9/ucsc_mm10_chr9 4 test/bam/atac3.bam'
Activating singularity image /home/jeszyman/sing_containers/atac.sif
[Mon May  9 14:13:37 2022]
Finished job 2.
13 of 37 steps (35%) done
Resources before job selection: {'_cores': 1, '_nodes': 9223372036854775804}
Ready jobs (2):
	filter_and_dedup
	samstats
Select jobs to execute...
Selected jobs (1):
	filter_and_dedup
Resources after job selection: {'_cores': 0, '_nodes': 9223372036854775803}

[Mon May  9 14:13:37 2022]
rule filter_and_dedup:
    input: test/bam/atac1.bam
    output: test/bam/atac1_dedup.bam, test/bam/atac1_qfilt.bam, test/bam/atac1_regfilt.bam, test/bam/atac1_regfilt.bam.bai
    jobid: 1
    wildcards: library_id=atac1
    resources: tmpdir=/tmp, mem_mb=5000


        workflow/scripts/filter_and_dedup.sh test/bam/atac1.bam 	                                     resources/keep.bed 	                                     4 	                                     test/bam/atac1_dedup.bam 	                                     test/bam/atac1_qfilt.bam 	                                     test/bam/atac1_regfilt.bam 
        
 singularity  exec --home /home/jeszyman/repos/atac-seq --bind /home/jeszyman:/home/jeszyman --bind /mnt:/mnt /home/jeszyman/sing_containers/atac.sif bash -c 'set -euo pipefail;  
        workflow/scripts/filter_and_dedup.sh test/bam/atac1.bam 	                                     resources/keep.bed 	                                     4 	                                     test/bam/atac1_dedup.bam 	                                     test/bam/atac1_qfilt.bam 	                                     test/bam/atac1_regfilt.bam'
Activating singularity image /home/jeszyman/sing_containers/atac.sif
Waiting at most 5 seconds for missing files.
Full Traceback (most recent call last):
  File "/opt/miniconda3/envs/snakemake/lib/python3.10/site-packages/snakemake/dag.py", line 493, in check_and_touch_output
    wait_for_files(
  File "/opt/miniconda3/envs/snakemake/lib/python3.10/site-packages/snakemake/io.py", line 825, in wait_for_files
    raise IOError(
OSError: Missing files after 5 seconds:
test/bam/atac1_dedup.bam
test/bam/atac1_qfilt.bam

During handling of the above exception, another exception occurred:

Traceback (most recent call last):
  File "/opt/miniconda3/envs/snakemake/lib/python3.10/site-packages/snakemake/scheduler.py", line 529, in _finish_jobs
    self.get_executor(job).handle_job_success(job)
  File "/opt/miniconda3/envs/snakemake/lib/python3.10/site-packages/snakemake/executors/__init__.py", line 608, in handle_job_success
    super().handle_job_success(job)
  File "/opt/miniconda3/envs/snakemake/lib/python3.10/site-packages/snakemake/executors/__init__.py", line 265, in handle_job_success
    job.postprocess(
  File "/opt/miniconda3/envs/snakemake/lib/python3.10/site-packages/snakemake/jobs.py", line 1011, in postprocess
    self.dag.check_and_touch_output(
  File "/opt/miniconda3/envs/snakemake/lib/python3.10/site-packages/snakemake/dag.py", line 500, in check_and_touch_output
    raise MissingOutputException(
snakemake.exceptions.MissingOutputException: Job Missing files after 5 seconds:
test/bam/atac1_dedup.bam
test/bam/atac1_qfilt.bam
This might be due to filesystem latency. If that is the case, consider to increase the wait time with --latency-wait.
Job id: 1 completed successfully, but some output files are missing. 1

MissingOutputException in line 64 of /home/jeszyman/repos/atac-seq/workflow/atac_read_process.smk:
Job Missing files after 5 seconds:
test/bam/atac1_dedup.bam
test/bam/atac1_qfilt.bam
This might be due to filesystem latency. If that is the case, consider to increase the wait time with --latency-wait.
Job id: 1 completed successfully, but some output files are missing. 1
Removing output files of failed job filter_and_dedup since they might be corrupted:
test/bam/atac1_regfilt.bam, test/bam/atac1_regfilt.bam.bai
Waiting at most 5 seconds for missing files.
Full Traceback (most recent call last):
  File "/opt/miniconda3/envs/snakemake/lib/python3.10/site-packages/snakemake/dag.py", line 493, in check_and_touch_output
    wait_for_files(
  File "/opt/miniconda3/envs/snakemake/lib/python3.10/site-packages/snakemake/io.py", line 825, in wait_for_files
    raise IOError(
OSError: Missing files after 5 seconds:
test/bam/atac1_dedup.bam
test/bam/atac1_qfilt.bam
test/bam/atac1_regfilt.bam
test/bam/atac1_regfilt.bam.bai

During handling of the above exception, another exception occurred:

Traceback (most recent call last):
  File "/opt/miniconda3/envs/snakemake/lib/python3.10/site-packages/snakemake/scheduler.py", line 529, in _finish_jobs
    self.get_executor(job).handle_job_success(job)
  File "/opt/miniconda3/envs/snakemake/lib/python3.10/site-packages/snakemake/executors/__init__.py", line 608, in handle_job_success
    super().handle_job_success(job)
  File "/opt/miniconda3/envs/snakemake/lib/python3.10/site-packages/snakemake/executors/__init__.py", line 265, in handle_job_success
    job.postprocess(
  File "/opt/miniconda3/envs/snakemake/lib/python3.10/site-packages/snakemake/jobs.py", line 1011, in postprocess
    self.dag.check_and_touch_output(
  File "/opt/miniconda3/envs/snakemake/lib/python3.10/site-packages/snakemake/dag.py", line 500, in check_and_touch_output
    raise MissingOutputException(
snakemake.exceptions.MissingOutputException: Job Missing files after 5 seconds:
test/bam/atac1_dedup.bam
test/bam/atac1_qfilt.bam
test/bam/atac1_regfilt.bam
test/bam/atac1_regfilt.bam.bai
This might be due to filesystem latency. If that is the case, consider to increase the wait time with --latency-wait.
Job id: 1 completed successfully, but some output files are missing. 1

MissingOutputException in line 64 of /home/jeszyman/repos/atac-seq/workflow/atac_read_process.smk:
Job Missing files after 5 seconds:
test/bam/atac1_dedup.bam
test/bam/atac1_qfilt.bam
test/bam/atac1_regfilt.bam
test/bam/atac1_regfilt.bam.bai
This might be due to filesystem latency. If that is the case, consider to increase the wait time with --latency-wait.
Job id: 1 completed successfully, but some output files are missing. 1
Full Traceback (most recent call last):
  File "/opt/miniconda3/envs/snakemake/lib/python3.10/site-packages/snakemake/dag.py", line 493, in check_and_touch_output
    wait_for_files(
  File "/opt/miniconda3/envs/snakemake/lib/python3.10/site-packages/snakemake/io.py", line 825, in wait_for_files
    raise IOError(
OSError: Missing files after 5 seconds:
test/bam/atac1_dedup.bam
test/bam/atac1_qfilt.bam
test/bam/atac1_regfilt.bam
test/bam/atac1_regfilt.bam.bai

During handling of the above exception, another exception occurred:

Traceback (most recent call last):
  File "/opt/miniconda3/envs/snakemake/lib/python3.10/site-packages/snakemake/scheduler.py", line 529, in _finish_jobs
    self.get_executor(job).handle_job_success(job)
  File "/opt/miniconda3/envs/snakemake/lib/python3.10/site-packages/snakemake/executors/__init__.py", line 608, in handle_job_success
    super().handle_job_success(job)
  File "/opt/miniconda3/envs/snakemake/lib/python3.10/site-packages/snakemake/executors/__init__.py", line 265, in handle_job_success
    job.postprocess(
  File "/opt/miniconda3/envs/snakemake/lib/python3.10/site-packages/snakemake/jobs.py", line 1011, in postprocess
    self.dag.check_and_touch_output(
  File "/opt/miniconda3/envs/snakemake/lib/python3.10/site-packages/snakemake/dag.py", line 500, in check_and_touch_output
    raise MissingOutputException(
snakemake.exceptions.MissingOutputException: Job Missing files after 5 seconds:
test/bam/atac1_dedup.bam
test/bam/atac1_qfilt.bam
test/bam/atac1_regfilt.bam
test/bam/atac1_regfilt.bam.bai
This might be due to filesystem latency. If that is the case, consider to increase the wait time with --latency-wait.
Job id: 1 completed successfully, but some output files are missing. 1

During handling of the above exception, another exception occurred:

Traceback (most recent call last):
  File "/opt/miniconda3/envs/snakemake/lib/python3.10/site-packages/snakemake/__init__.py", line 699, in snakemake
    success = workflow.execute(
  File "/opt/miniconda3/envs/snakemake/lib/python3.10/site-packages/snakemake/workflow.py", line 1069, in execute
    success = self.scheduler.schedule()
  File "/opt/miniconda3/envs/snakemake/lib/python3.10/site-packages/snakemake/scheduler.py", line 440, in schedule
    self._finish_jobs()
  File "/opt/miniconda3/envs/snakemake/lib/python3.10/site-packages/snakemake/scheduler.py", line 534, in _finish_jobs
    self._handle_error(job)
  File "/opt/miniconda3/envs/snakemake/lib/python3.10/site-packages/snakemake/scheduler.py", line 615, in _handle_error
    self.running.remove(job)
KeyError: filter_and_dedup

unlocking
removing lock
removing lock
removed all locks
