Building DAG of jobs...
Using shell: /bin/bash
Provided cores: 4
Rules claiming more threads will be scaled down.
Job stats:
job                 count    min threads    max threads
----------------  -------  -------------  -------------
align_bt2               4              1              1
all                     1              1              1
fastqc                  8              1              1
filter_and_dedup        4              1              1
get_open_chrom          4              1              1
read_trim               4              1              1
samstats                4              1              1
tn5_shift               4              1              1
tn5_shift_open          4              1              1
total                  37              1              1

Resources before job selection: {'_cores': 4, '_nodes': 9223372036854775807}
Ready jobs (12):
	read_trim
	fastqc
	fastqc
	fastqc
	fastqc
	fastqc
	read_trim
	fastqc
	fastqc
	fastqc
	read_trim
	read_trim
Select jobs to execute...
Selected jobs (4):
	read_trim
	read_trim
	fastqc
	read_trim
Resources after job selection: {'_cores': 0, '_nodes': 9223372036854775803}

[Tue May 17 13:25:06 2022]
rule read_trim:
    input: test/fastq/atac1_R1.fastq.gz, test/fastq/atac1_R2.fastq.gz
    output: test/fastq/atac1_flex_1.fastq.gz, test/fastq/atac1_flex_2.fastq.gz
    jobid: 1
    wildcards: library_id=atac1
    resources: tmpdir=/tmp, mem_mb=5000


        workflow/scripts/read_trim.sh test/fastq/atac1_R1.fastq.gz test/fastq/atac1_R2.fastq.gz test/fastq 4
        
 singularity  exec --home /home/jeszyman/repos/atac-seq --bind /home/jeszyman:/home/jeszyman --bind /mnt:/mnt --bind /opt/miniconda3/envs/snakemake/lib/python3.9/site-packages:/mnt/snakemake /home/jeszyman/sing_containers/atac.sif bash -c 'workflow/scripts/read_trim.sh test/fastq/atac1_R1.fastq.gz test/fastq/atac1_R2.fastq.gz test/fastq 4'
Activating singularity image /home/jeszyman/sing_containers/atac.sif

[Tue May 17 13:25:06 2022]
rule read_trim:
    input: test/fastq/atac2_R1.fastq.gz, test/fastq/atac2_R2.fastq.gz
    output: test/fastq/atac2_flex_1.fastq.gz, test/fastq/atac2_flex_2.fastq.gz
    jobid: 2
    wildcards: library_id=atac2
    resources: tmpdir=/tmp, mem_mb=5000


        workflow/scripts/read_trim.sh test/fastq/atac2_R1.fastq.gz test/fastq/atac2_R2.fastq.gz test/fastq 4
        
 singularity  exec --home /home/jeszyman/repos/atac-seq --bind /home/jeszyman:/home/jeszyman --bind /mnt:/mnt --bind /opt/miniconda3/envs/snakemake/lib/python3.9/site-packages:/mnt/snakemake /home/jeszyman/sing_containers/atac.sif bash -c 'workflow/scripts/read_trim.sh test/fastq/atac2_R1.fastq.gz test/fastq/atac2_R2.fastq.gz test/fastq 4'

Activating singularity image /home/jeszyman/sing_containers/atac.sif
[Tue May 17 13:25:06 2022]
rule fastqc:
    input: test/fastq/atac2_R1.fastq.gz
    output: test/qc/atac2_R1_fastqc.html
    log: test/logs/fastqc_raw_atac2_R1.log
    jobid: 27
    wildcards: library_id=atac2, read=R1
    resources: tmpdir=/tmp


        fastqc --outdir test/qc         --quiet         --threads 4 test/fastq/atac2_R1.fastq.gz &> test/logs/fastqc_raw_atac2_R1.log
        
 singularity  exec --home /home/jeszyman/repos/atac-seq --bind /home/jeszyman:/home/jeszyman --bind /mnt:/mnt --bind /opt/miniconda3/envs/snakemake/lib/python3.9/site-packages:/mnt/snakemake /home/jeszyman/sing_containers/atac.sif bash -c 'fastqc --outdir test/qc         --quiet         --threads 4 test/fastq/atac2_R1.fastq.gz &> test/logs/fastqc_raw_atac2_R1.log'

Activating singularity image /home/jeszyman/sing_containers/atac.sif
[Tue May 17 13:25:06 2022]
rule read_trim:
    input: test/fastq/atac3_R1.fastq.gz, test/fastq/atac3_R2.fastq.gz
    output: test/fastq/atac3_flex_1.fastq.gz, test/fastq/atac3_flex_2.fastq.gz
    jobid: 3
    wildcards: library_id=atac3
    resources: tmpdir=/tmp, mem_mb=5000


        workflow/scripts/read_trim.sh test/fastq/atac3_R1.fastq.gz test/fastq/atac3_R2.fastq.gz test/fastq 4
        
 singularity  exec --home /home/jeszyman/repos/atac-seq --bind /home/jeszyman:/home/jeszyman --bind /mnt:/mnt --bind /opt/miniconda3/envs/snakemake/lib/python3.9/site-packages:/mnt/snakemake /home/jeszyman/sing_containers/atac.sif bash -c 'workflow/scripts/read_trim.sh test/fastq/atac3_R1.fastq.gz test/fastq/atac3_R2.fastq.gz test/fastq 4'
Activating singularity image /home/jeszyman/sing_containers/atac.sif
[Tue May 17 13:25:11 2022]
Finished job 27.
1 of 37 steps (3%) done
Resources before job selection: {'_cores': 1, '_nodes': 9223372036854775804}
Ready jobs (8):
	fastqc
	fastqc
	fastqc
	fastqc
	read_trim
	fastqc
	fastqc
	fastqc
Select jobs to execute...
Selected jobs (1):
	fastqc
Resources after job selection: {'_cores': 0, '_nodes': 9223372036854775803}

[Tue May 17 13:25:11 2022]
rule fastqc:
    input: test/fastq/atac2_R2.fastq.gz
    output: test/qc/atac2_R2_fastqc.html
    log: test/logs/fastqc_raw_atac2_R2.log
    jobid: 28
    wildcards: library_id=atac2, read=R2
    resources: tmpdir=/tmp


        fastqc --outdir test/qc         --quiet         --threads 4 test/fastq/atac2_R2.fastq.gz &> test/logs/fastqc_raw_atac2_R2.log
        
 singularity  exec --home /home/jeszyman/repos/atac-seq --bind /home/jeszyman:/home/jeszyman --bind /mnt:/mnt --bind /opt/miniconda3/envs/snakemake/lib/python3.9/site-packages:/mnt/snakemake /home/jeszyman/sing_containers/atac.sif bash -c 'fastqc --outdir test/qc         --quiet         --threads 4 test/fastq/atac2_R2.fastq.gz &> test/logs/fastqc_raw_atac2_R2.log'
Activating singularity image /home/jeszyman/sing_containers/atac.sif
[Tue May 17 13:25:16 2022]
Finished job 28.
2 of 37 steps (5%) done
Resources before job selection: {'_cores': 1, '_nodes': 9223372036854775804}
Ready jobs (7):
	fastqc
	fastqc
	fastqc
	fastqc
	read_trim
	fastqc
	fastqc
Select jobs to execute...
Selected jobs (1):
	fastqc
Resources after job selection: {'_cores': 0, '_nodes': 9223372036854775803}

[Tue May 17 13:25:16 2022]
rule fastqc:
    input: test/fastq/atac1_R2.fastq.gz
    output: test/qc/atac1_R2_fastqc.html
    log: test/logs/fastqc_raw_atac1_R2.log
    jobid: 26
    wildcards: library_id=atac1, read=R2
    resources: tmpdir=/tmp


        fastqc --outdir test/qc         --quiet         --threads 4 test/fastq/atac1_R2.fastq.gz &> test/logs/fastqc_raw_atac1_R2.log
        
 singularity  exec --home /home/jeszyman/repos/atac-seq --bind /home/jeszyman:/home/jeszyman --bind /mnt:/mnt --bind /opt/miniconda3/envs/snakemake/lib/python3.9/site-packages:/mnt/snakemake /home/jeszyman/sing_containers/atac.sif bash -c 'fastqc --outdir test/qc         --quiet         --threads 4 test/fastq/atac1_R2.fastq.gz &> test/logs/fastqc_raw_atac1_R2.log'
Activating singularity image /home/jeszyman/sing_containers/atac.sif
[Tue May 17 13:25:16 2022]
Finished job 3.
3 of 37 steps (8%) done
Resources before job selection: {'_cores': 1, '_nodes': 9223372036854775804}
Ready jobs (7):
	align_bt2
	fastqc
	fastqc
	fastqc
	fastqc
	read_trim
	fastqc
Select jobs to execute...
Selected jobs (1):
	fastqc
Resources after job selection: {'_cores': 0, '_nodes': 9223372036854775803}

[Tue May 17 13:25:16 2022]
rule fastqc:
    input: test/fastq/atac4_R1.fastq.gz
    output: test/qc/atac4_R1_fastqc.html
    log: test/logs/fastqc_raw_atac4_R1.log
    jobid: 31
    wildcards: library_id=atac4, read=R1
    resources: tmpdir=/tmp


        fastqc --outdir test/qc         --quiet         --threads 4 test/fastq/atac4_R1.fastq.gz &> test/logs/fastqc_raw_atac4_R1.log
        
 singularity  exec --home /home/jeszyman/repos/atac-seq --bind /home/jeszyman:/home/jeszyman --bind /mnt:/mnt --bind /opt/miniconda3/envs/snakemake/lib/python3.9/site-packages:/mnt/snakemake /home/jeszyman/sing_containers/atac.sif bash -c 'fastqc --outdir test/qc         --quiet         --threads 4 test/fastq/atac4_R1.fastq.gz &> test/logs/fastqc_raw_atac4_R1.log'
Activating singularity image /home/jeszyman/sing_containers/atac.sif
[Tue May 17 13:25:17 2022]
Finished job 1.
4 of 37 steps (11%) done
Resources before job selection: {'_cores': 1, '_nodes': 9223372036854775804}
Ready jobs (7):
	align_bt2
	fastqc
	fastqc
	fastqc
	fastqc
	align_bt2
	read_trim
Select jobs to execute...
Selected jobs (1):
	read_trim
Resources after job selection: {'_cores': 0, '_nodes': 9223372036854775803}

[Tue May 17 13:25:17 2022]
rule read_trim:
    input: test/fastq/atac4_R1.fastq.gz, test/fastq/atac4_R2.fastq.gz
    output: test/fastq/atac4_flex_1.fastq.gz, test/fastq/atac4_flex_2.fastq.gz
    jobid: 4
    wildcards: library_id=atac4
    resources: tmpdir=/tmp, mem_mb=5000


        workflow/scripts/read_trim.sh test/fastq/atac4_R1.fastq.gz test/fastq/atac4_R2.fastq.gz test/fastq 4
        
 singularity  exec --home /home/jeszyman/repos/atac-seq --bind /home/jeszyman:/home/jeszyman --bind /mnt:/mnt --bind /opt/miniconda3/envs/snakemake/lib/python3.9/site-packages:/mnt/snakemake /home/jeszyman/sing_containers/atac.sif bash -c 'workflow/scripts/read_trim.sh test/fastq/atac4_R1.fastq.gz test/fastq/atac4_R2.fastq.gz test/fastq 4'
Activating singularity image /home/jeszyman/sing_containers/atac.sif
[Tue May 17 13:25:17 2022]
Finished job 2.
5 of 37 steps (14%) done
Resources before job selection: {'_cores': 1, '_nodes': 9223372036854775804}
Ready jobs (7):
	align_bt2
	fastqc
	fastqc
	fastqc
	fastqc
	align_bt2
	align_bt2
Select jobs to execute...
Selected jobs (1):
	align_bt2
Resources after job selection: {'_cores': 0, '_nodes': 9223372036854775803}

[Tue May 17 13:25:17 2022]
rule align_bt2:
    input: test/fastq/atac2_flex_1.fastq.gz, test/fastq/atac2_flex_2.fastq.gz
    output: test/bam/atac2.bam
    jobid: 6
    wildcards: library_id=atac2
    resources: tmpdir=/tmp


        workflow/scripts/align_bt2.sh test/fastq/atac2_flex_1.fastq.gz test/fastq/atac2_flex_2.fastq.gz test/ref/ucsc_mm10_chr9/ucsc_mm10_chr9 4 test/bam/atac2.bam
        
 singularity  exec --home /home/jeszyman/repos/atac-seq --bind /home/jeszyman:/home/jeszyman --bind /mnt:/mnt --bind /opt/miniconda3/envs/snakemake/lib/python3.9/site-packages:/mnt/snakemake /home/jeszyman/sing_containers/atac.sif bash -c 'workflow/scripts/align_bt2.sh test/fastq/atac2_flex_1.fastq.gz test/fastq/atac2_flex_2.fastq.gz test/ref/ucsc_mm10_chr9/ucsc_mm10_chr9 4 test/bam/atac2.bam'
Activating singularity image /home/jeszyman/sing_containers/atac.sif
[Tue May 17 13:25:22 2022]
Finished job 26.
6 of 37 steps (16%) done
Resources before job selection: {'_cores': 1, '_nodes': 9223372036854775804}
Ready jobs (6):
	align_bt2
	fastqc
	fastqc
	fastqc
	fastqc
	align_bt2
Select jobs to execute...
Selected jobs (1):
	align_bt2
Resources after job selection: {'_cores': 0, '_nodes': 9223372036854775803}

[Tue May 17 13:25:22 2022]
rule align_bt2:
    input: test/fastq/atac1_flex_1.fastq.gz, test/fastq/atac1_flex_2.fastq.gz
    output: test/bam/atac1.bam
    jobid: 5
    wildcards: library_id=atac1
    resources: tmpdir=/tmp


        workflow/scripts/align_bt2.sh test/fastq/atac1_flex_1.fastq.gz test/fastq/atac1_flex_2.fastq.gz test/ref/ucsc_mm10_chr9/ucsc_mm10_chr9 4 test/bam/atac1.bam
        
 singularity  exec --home /home/jeszyman/repos/atac-seq --bind /home/jeszyman:/home/jeszyman --bind /mnt:/mnt --bind /opt/miniconda3/envs/snakemake/lib/python3.9/site-packages:/mnt/snakemake /home/jeszyman/sing_containers/atac.sif bash -c 'workflow/scripts/align_bt2.sh test/fastq/atac1_flex_1.fastq.gz test/fastq/atac1_flex_2.fastq.gz test/ref/ucsc_mm10_chr9/ucsc_mm10_chr9 4 test/bam/atac1.bam'
Activating singularity image /home/jeszyman/sing_containers/atac.sif
[Tue May 17 13:25:22 2022]
Finished job 31.
7 of 37 steps (19%) done
Resources before job selection: {'_cores': 1, '_nodes': 9223372036854775804}
Ready jobs (5):
	align_bt2
	fastqc
	fastqc
	fastqc
	fastqc
Select jobs to execute...
Selected jobs (1):
	fastqc
Resources after job selection: {'_cores': 0, '_nodes': 9223372036854775803}

[Tue May 17 13:25:22 2022]
rule fastqc:
    input: test/fastq/atac3_R1.fastq.gz
    output: test/qc/atac3_R1_fastqc.html
    log: test/logs/fastqc_raw_atac3_R1.log
    jobid: 29
    wildcards: library_id=atac3, read=R1
    resources: tmpdir=/tmp


        fastqc --outdir test/qc         --quiet         --threads 4 test/fastq/atac3_R1.fastq.gz &> test/logs/fastqc_raw_atac3_R1.log
        
 singularity  exec --home /home/jeszyman/repos/atac-seq --bind /home/jeszyman:/home/jeszyman --bind /mnt:/mnt --bind /opt/miniconda3/envs/snakemake/lib/python3.9/site-packages:/mnt/snakemake /home/jeszyman/sing_containers/atac.sif bash -c 'fastqc --outdir test/qc         --quiet         --threads 4 test/fastq/atac3_R1.fastq.gz &> test/logs/fastqc_raw_atac3_R1.log'
Activating singularity image /home/jeszyman/sing_containers/atac.sif
[Tue May 17 13:25:31 2022]
Finished job 29.
8 of 37 steps (22%) done
Resources before job selection: {'_cores': 1, '_nodes': 9223372036854775804}
Ready jobs (4):
	align_bt2
	fastqc
	fastqc
	fastqc
Select jobs to execute...
Selected jobs (1):
	fastqc
Resources after job selection: {'_cores': 0, '_nodes': 9223372036854775803}

[Tue May 17 13:25:31 2022]
rule fastqc:
    input: test/fastq/atac4_R2.fastq.gz
    output: test/qc/atac4_R2_fastqc.html
    log: test/logs/fastqc_raw_atac4_R2.log
    jobid: 32
    wildcards: library_id=atac4, read=R2
    resources: tmpdir=/tmp


        fastqc --outdir test/qc         --quiet         --threads 4 test/fastq/atac4_R2.fastq.gz &> test/logs/fastqc_raw_atac4_R2.log
        
 singularity  exec --home /home/jeszyman/repos/atac-seq --bind /home/jeszyman:/home/jeszyman --bind /mnt:/mnt --bind /opt/miniconda3/envs/snakemake/lib/python3.9/site-packages:/mnt/snakemake /home/jeszyman/sing_containers/atac.sif bash -c 'fastqc --outdir test/qc         --quiet         --threads 4 test/fastq/atac4_R2.fastq.gz &> test/logs/fastqc_raw_atac4_R2.log'
Activating singularity image /home/jeszyman/sing_containers/atac.sif
[Tue May 17 13:25:32 2022]
Finished job 4.
9 of 37 steps (24%) done
Resources before job selection: {'_cores': 1, '_nodes': 9223372036854775804}
Ready jobs (4):
	align_bt2
	align_bt2
	fastqc
	fastqc
Select jobs to execute...
Selected jobs (1):
	fastqc
Resources after job selection: {'_cores': 0, '_nodes': 9223372036854775803}

[Tue May 17 13:25:32 2022]
rule fastqc:
    input: test/fastq/atac3_R2.fastq.gz
    output: test/qc/atac3_R2_fastqc.html
    log: test/logs/fastqc_raw_atac3_R2.log
    jobid: 30
    wildcards: library_id=atac3, read=R2
    resources: tmpdir=/tmp


        fastqc --outdir test/qc         --quiet         --threads 4 test/fastq/atac3_R2.fastq.gz &> test/logs/fastqc_raw_atac3_R2.log
        
 singularity  exec --home /home/jeszyman/repos/atac-seq --bind /home/jeszyman:/home/jeszyman --bind /mnt:/mnt --bind /opt/miniconda3/envs/snakemake/lib/python3.9/site-packages:/mnt/snakemake /home/jeszyman/sing_containers/atac.sif bash -c 'fastqc --outdir test/qc         --quiet         --threads 4 test/fastq/atac3_R2.fastq.gz &> test/logs/fastqc_raw_atac3_R2.log'
Activating singularity image /home/jeszyman/sing_containers/atac.sif
[Tue May 17 13:25:39 2022]
Finished job 32.
10 of 37 steps (27%) done
Resources before job selection: {'_cores': 1, '_nodes': 9223372036854775804}
Ready jobs (3):
	align_bt2
	align_bt2
	fastqc
Select jobs to execute...
Selected jobs (1):
	fastqc
Resources after job selection: {'_cores': 0, '_nodes': 9223372036854775803}

[Tue May 17 13:25:39 2022]
rule fastqc:
    input: test/fastq/atac1_R1.fastq.gz
    output: test/qc/atac1_R1_fastqc.html
    log: test/logs/fastqc_raw_atac1_R1.log
    jobid: 25
    wildcards: library_id=atac1, read=R1
    resources: tmpdir=/tmp


        fastqc --outdir test/qc         --quiet         --threads 4 test/fastq/atac1_R1.fastq.gz &> test/logs/fastqc_raw_atac1_R1.log
        
 singularity  exec --home /home/jeszyman/repos/atac-seq --bind /home/jeszyman:/home/jeszyman --bind /mnt:/mnt --bind /opt/miniconda3/envs/snakemake/lib/python3.9/site-packages:/mnt/snakemake /home/jeszyman/sing_containers/atac.sif bash -c 'fastqc --outdir test/qc         --quiet         --threads 4 test/fastq/atac1_R1.fastq.gz &> test/logs/fastqc_raw_atac1_R1.log'
Activating singularity image /home/jeszyman/sing_containers/atac.sif
[Tue May 17 13:25:41 2022]
Finished job 30.
11 of 37 steps (30%) done
Resources before job selection: {'_cores': 1, '_nodes': 9223372036854775804}
Ready jobs (2):
	align_bt2
	align_bt2
Select jobs to execute...
Selected jobs (1):
	align_bt2
Resources after job selection: {'_cores': 0, '_nodes': 9223372036854775803}

[Tue May 17 13:25:41 2022]
rule align_bt2:
    input: test/fastq/atac4_flex_1.fastq.gz, test/fastq/atac4_flex_2.fastq.gz
    output: test/bam/atac4.bam
    jobid: 8
    wildcards: library_id=atac4
    resources: tmpdir=/tmp


        workflow/scripts/align_bt2.sh test/fastq/atac4_flex_1.fastq.gz test/fastq/atac4_flex_2.fastq.gz test/ref/ucsc_mm10_chr9/ucsc_mm10_chr9 4 test/bam/atac4.bam
        
 singularity  exec --home /home/jeszyman/repos/atac-seq --bind /home/jeszyman:/home/jeszyman --bind /mnt:/mnt --bind /opt/miniconda3/envs/snakemake/lib/python3.9/site-packages:/mnt/snakemake /home/jeszyman/sing_containers/atac.sif bash -c 'workflow/scripts/align_bt2.sh test/fastq/atac4_flex_1.fastq.gz test/fastq/atac4_flex_2.fastq.gz test/ref/ucsc_mm10_chr9/ucsc_mm10_chr9 4 test/bam/atac4.bam'
Activating singularity image /home/jeszyman/sing_containers/atac.sif
[Tue May 17 13:25:49 2022]
Finished job 25.
12 of 37 steps (32%) done
Resources before job selection: {'_cores': 1, '_nodes': 9223372036854775804}
Ready jobs (1):
	align_bt2
Select jobs to execute...
Selected jobs (1):
	align_bt2
Resources after job selection: {'_cores': 0, '_nodes': 9223372036854775803}

[Tue May 17 13:25:49 2022]
rule align_bt2:
    input: test/fastq/atac3_flex_1.fastq.gz, test/fastq/atac3_flex_2.fastq.gz
    output: test/bam/atac3.bam
    jobid: 7
    wildcards: library_id=atac3
    resources: tmpdir=/tmp


        workflow/scripts/align_bt2.sh test/fastq/atac3_flex_1.fastq.gz test/fastq/atac3_flex_2.fastq.gz test/ref/ucsc_mm10_chr9/ucsc_mm10_chr9 4 test/bam/atac3.bam
        
 singularity  exec --home /home/jeszyman/repos/atac-seq --bind /home/jeszyman:/home/jeszyman --bind /mnt:/mnt --bind /opt/miniconda3/envs/snakemake/lib/python3.9/site-packages:/mnt/snakemake /home/jeszyman/sing_containers/atac.sif bash -c 'workflow/scripts/align_bt2.sh test/fastq/atac3_flex_1.fastq.gz test/fastq/atac3_flex_2.fastq.gz test/ref/ucsc_mm10_chr9/ucsc_mm10_chr9 4 test/bam/atac3.bam'
Activating singularity image /home/jeszyman/sing_containers/atac.sif
[Tue May 17 13:26:11 2022]
Finished job 6.
13 of 37 steps (35%) done
Resources before job selection: {'_cores': 1, '_nodes': 9223372036854775804}
Ready jobs (2):
	filter_and_dedup
	samstats
Select jobs to execute...
Selected jobs (1):
	filter_and_dedup
Resources after job selection: {'_cores': 0, '_nodes': 9223372036854775803}

[Tue May 17 13:26:11 2022]
rule filter_and_dedup:
    input: test/bam/atac2.bam
    output: test/bam/atac2_dedup.bam, test/bam/atac2_qfilt.bam, test/bam/atac2_regfilt.bam, test/bam/atac2_regfilt.bam.bai
    jobid: 10
    wildcards: library_id=atac2
    resources: tmpdir=/tmp, mem_mb=5000


        workflow/scripts/filter_and_dedup.sh test/bam/atac2.bam 	                                     resources/keep.bed 	                                     4 	                                     test/bam/atac2_dedup.bam 	                                     test/bam/atac2_qfilt.bam 	                                     test/bam/atac2_regfilt.bam 
        
 singularity  exec --home /home/jeszyman/repos/atac-seq --bind /home/jeszyman:/home/jeszyman --bind /mnt:/mnt --bind /opt/miniconda3/envs/snakemake/lib/python3.9/site-packages:/mnt/snakemake /home/jeszyman/sing_containers/atac.sif bash -c 'workflow/scripts/filter_and_dedup.sh test/bam/atac2.bam 	                                     resources/keep.bed 	                                     4 	                                     test/bam/atac2_dedup.bam 	                                     test/bam/atac2_qfilt.bam 	                                     test/bam/atac2_regfilt.bam'
Activating singularity image /home/jeszyman/sing_containers/atac.sif
[Tue May 17 13:26:23 2022]
Finished job 5.
14 of 37 steps (38%) done
Resources before job selection: {'_cores': 1, '_nodes': 9223372036854775804}
Ready jobs (3):
	filter_and_dedup
	samstats
	samstats
Select jobs to execute...
Selected jobs (1):
	samstats
Resources after job selection: {'_cores': 0, '_nodes': 9223372036854775803}

[Tue May 17 13:26:23 2022]
rule samstats:
    input: test/bam/atac2.bam
    output: test/qc/atac2_stat.txt, test/qc/atac2_flagstat.txt
    log: test/logs/atac2_samstats.log
    jobid: 34
    wildcards: library_id=atac2
    resources: tmpdir=/tmp


        workflow/scripts/samstats.sh 4 test/bam/atac2.bam test/qc/atac2_stat.txt test/qc/atac2_flagstat.txt 2>&1 >> test/logs/atac2_samstats.log
        
 singularity  exec --home /home/jeszyman/repos/atac-seq --bind /home/jeszyman:/home/jeszyman --bind /mnt:/mnt --bind /opt/miniconda3/envs/snakemake/lib/python3.9/site-packages:/mnt/snakemake /home/jeszyman/sing_containers/atac.sif bash -c 'workflow/scripts/samstats.sh 4 test/bam/atac2.bam test/qc/atac2_stat.txt test/qc/atac2_flagstat.txt 2>&1 >> test/logs/atac2_samstats.log'
Activating singularity image /home/jeszyman/sing_containers/atac.sif
[Tue May 17 13:26:25 2022]
Finished job 34.
15 of 37 steps (41%) done
Resources before job selection: {'_cores': 1, '_nodes': 9223372036854775804}
Ready jobs (2):
	filter_and_dedup
	samstats
Select jobs to execute...
Selected jobs (1):
	filter_and_dedup
Resources after job selection: {'_cores': 0, '_nodes': 9223372036854775803}

[Tue May 17 13:26:25 2022]
rule filter_and_dedup:
    input: test/bam/atac1.bam
    output: test/bam/atac1_dedup.bam, test/bam/atac1_qfilt.bam, test/bam/atac1_regfilt.bam, test/bam/atac1_regfilt.bam.bai
    jobid: 9
    wildcards: library_id=atac1
    resources: tmpdir=/tmp, mem_mb=5000


        workflow/scripts/filter_and_dedup.sh test/bam/atac1.bam 	                                     resources/keep.bed 	                                     4 	                                     test/bam/atac1_dedup.bam 	                                     test/bam/atac1_qfilt.bam 	                                     test/bam/atac1_regfilt.bam 
        
 singularity  exec --home /home/jeszyman/repos/atac-seq --bind /home/jeszyman:/home/jeszyman --bind /mnt:/mnt --bind /opt/miniconda3/envs/snakemake/lib/python3.9/site-packages:/mnt/snakemake /home/jeszyman/sing_containers/atac.sif bash -c 'workflow/scripts/filter_and_dedup.sh test/bam/atac1.bam 	                                     resources/keep.bed 	                                     4 	                                     test/bam/atac1_dedup.bam 	                                     test/bam/atac1_qfilt.bam 	                                     test/bam/atac1_regfilt.bam'
Activating singularity image /home/jeszyman/sing_containers/atac.sif
Removing temporary output file test/bam/atac2_qfilt.bam.
[Tue May 17 13:26:28 2022]
Finished job 10.
16 of 37 steps (43%) done
Resources before job selection: {'_cores': 1, '_nodes': 9223372036854775804}
Ready jobs (3):
	get_open_chrom
	samstats
	tn5_shift
Select jobs to execute...
Selected jobs (1):
	tn5_shift
Resources after job selection: {'_cores': 0, '_nodes': 9223372036854775803}

[Tue May 17 13:26:28 2022]
rule tn5_shift:
    input: test/bam/atac2_regfilt.bam
    output: test/bam/atac2_regfilt_tmp.bam, test/bam/atac2_regfilt_tn5.bam
    log: test/logs/tn5_shift_and_open_atac2_regfilt.log
    jobid: 18
    wildcards: library_id=atac2
    resources: tmpdir=/tmp


        workflow/scripts/tn5_shift.sh test/bam/atac2_regfilt.bam 	                              4 	                              test/bam/atac2_regfilt_tmp.bam                                       test/bam/atac2_regfilt_tn5.bam > test/logs/tn5_shift_and_open_atac2_regfilt.log 2>&1
        
 singularity  exec --home /home/jeszyman/repos/atac-seq --bind /home/jeszyman:/home/jeszyman --bind /mnt:/mnt --bind /opt/miniconda3/envs/snakemake/lib/python3.9/site-packages:/mnt/snakemake /home/jeszyman/sing_containers/atac.sif bash -c 'workflow/scripts/tn5_shift.sh test/bam/atac2_regfilt.bam 	                              4 	                              test/bam/atac2_regfilt_tmp.bam                                       test/bam/atac2_regfilt_tn5.bam > test/logs/tn5_shift_and_open_atac2_regfilt.log 2>&1'
Activating singularity image /home/jeszyman/sing_containers/atac.sif
Removing temporary output file test/bam/atac1_qfilt.bam.
[Tue May 17 13:26:39 2022]
Finished job 9.
17 of 37 steps (46%) done
Resources before job selection: {'_cores': 1, '_nodes': 9223372036854775804}
Ready jobs (4):
	get_open_chrom
	samstats
	tn5_shift
	get_open_chrom
Select jobs to execute...
Selected jobs (1):
	get_open_chrom
Resources after job selection: {'_cores': 0, '_nodes': 9223372036854775803}

[Tue May 17 13:26:39 2022]
rule get_open_chrom:
    input: test/bam/atac1_regfilt.bam
    output: test/bam/atac1_unsort_open.bam, test/bam/atac1_open.bam
    jobid: 13
    wildcards: library_id=atac1
    resources: tmpdir=/tmp


        workflow/scripts/get_open_chrom.sh test/bam/atac1_regfilt.bam                                            4                                            test/bam/atac1_unsort_open.bam                                            test/bam/atac1_open.bam
        
 singularity  exec --home /home/jeszyman/repos/atac-seq --bind /home/jeszyman:/home/jeszyman --bind /mnt:/mnt --bind /opt/miniconda3/envs/snakemake/lib/python3.9/site-packages:/mnt/snakemake /home/jeszyman/sing_containers/atac.sif bash -c 'workflow/scripts/get_open_chrom.sh test/bam/atac1_regfilt.bam                                            4                                            test/bam/atac1_unsort_open.bam                                            test/bam/atac1_open.bam'
Activating singularity image /home/jeszyman/sing_containers/atac.sif
Removing temporary output file test/bam/atac2_regfilt_tmp.bam.
[Tue May 17 13:26:41 2022]
Finished job 18.
18 of 37 steps (49%) done
Resources before job selection: {'_cores': 1, '_nodes': 9223372036854775804}
Ready jobs (3):
	get_open_chrom
	samstats
	tn5_shift
Select jobs to execute...
Selected jobs (1):
	tn5_shift
Resources after job selection: {'_cores': 0, '_nodes': 9223372036854775803}

[Tue May 17 13:26:41 2022]
rule tn5_shift:
    input: test/bam/atac1_regfilt.bam
    output: test/bam/atac1_regfilt_tmp.bam, test/bam/atac1_regfilt_tn5.bam
    log: test/logs/tn5_shift_and_open_atac1_regfilt.log
    jobid: 17
    wildcards: library_id=atac1
    resources: tmpdir=/tmp


        workflow/scripts/tn5_shift.sh test/bam/atac1_regfilt.bam 	                              4 	                              test/bam/atac1_regfilt_tmp.bam                                       test/bam/atac1_regfilt_tn5.bam > test/logs/tn5_shift_and_open_atac1_regfilt.log 2>&1
        
 singularity  exec --home /home/jeszyman/repos/atac-seq --bind /home/jeszyman:/home/jeszyman --bind /mnt:/mnt --bind /opt/miniconda3/envs/snakemake/lib/python3.9/site-packages:/mnt/snakemake /home/jeszyman/sing_containers/atac.sif bash -c 'workflow/scripts/tn5_shift.sh test/bam/atac1_regfilt.bam 	                              4 	                              test/bam/atac1_regfilt_tmp.bam                                       test/bam/atac1_regfilt_tn5.bam > test/logs/tn5_shift_and_open_atac1_regfilt.log 2>&1'
Activating singularity image /home/jeszyman/sing_containers/atac.sif
Removing temporary output file test/bam/atac1_unsort_open.bam.
[Tue May 17 13:26:46 2022]
Finished job 13.
19 of 37 steps (51%) done
Resources before job selection: {'_cores': 1, '_nodes': 9223372036854775804}
Ready jobs (3):
	get_open_chrom
	tn5_shift_open
	samstats
Select jobs to execute...
Selected jobs (1):
	samstats
Resources after job selection: {'_cores': 0, '_nodes': 9223372036854775803}

[Tue May 17 13:26:46 2022]
rule samstats:
    input: test/bam/atac1.bam
    output: test/qc/atac1_stat.txt, test/qc/atac1_flagstat.txt
    log: test/logs/atac1_samstats.log
    jobid: 33
    wildcards: library_id=atac1
    resources: tmpdir=/tmp


        workflow/scripts/samstats.sh 4 test/bam/atac1.bam test/qc/atac1_stat.txt test/qc/atac1_flagstat.txt 2>&1 >> test/logs/atac1_samstats.log
        
 singularity  exec --home /home/jeszyman/repos/atac-seq --bind /home/jeszyman:/home/jeszyman --bind /mnt:/mnt --bind /opt/miniconda3/envs/snakemake/lib/python3.9/site-packages:/mnt/snakemake /home/jeszyman/sing_containers/atac.sif bash -c 'workflow/scripts/samstats.sh 4 test/bam/atac1.bam test/qc/atac1_stat.txt test/qc/atac1_flagstat.txt 2>&1 >> test/logs/atac1_samstats.log'
Activating singularity image /home/jeszyman/sing_containers/atac.sif
[Tue May 17 13:26:48 2022]
Finished job 7.
20 of 37 steps (54%) done
Resources before job selection: {'_cores': 1, '_nodes': 9223372036854775804}
Ready jobs (4):
	tn5_shift_open
	get_open_chrom
	samstats
	filter_and_dedup
Select jobs to execute...
Selected jobs (1):
	filter_and_dedup
Resources after job selection: {'_cores': 0, '_nodes': 9223372036854775803}

[Tue May 17 13:26:48 2022]
rule filter_and_dedup:
    input: test/bam/atac3.bam
    output: test/bam/atac3_dedup.bam, test/bam/atac3_qfilt.bam, test/bam/atac3_regfilt.bam, test/bam/atac3_regfilt.bam.bai
    jobid: 11
    wildcards: library_id=atac3
    resources: tmpdir=/tmp, mem_mb=5000


        workflow/scripts/filter_and_dedup.sh test/bam/atac3.bam 	                                     resources/keep.bed 	                                     4 	                                     test/bam/atac3_dedup.bam 	                                     test/bam/atac3_qfilt.bam 	                                     test/bam/atac3_regfilt.bam 
        
 singularity  exec --home /home/jeszyman/repos/atac-seq --bind /home/jeszyman:/home/jeszyman --bind /mnt:/mnt --bind /opt/miniconda3/envs/snakemake/lib/python3.9/site-packages:/mnt/snakemake /home/jeszyman/sing_containers/atac.sif bash -c 'workflow/scripts/filter_and_dedup.sh test/bam/atac3.bam 	                                     resources/keep.bed 	                                     4 	                                     test/bam/atac3_dedup.bam 	                                     test/bam/atac3_qfilt.bam 	                                     test/bam/atac3_regfilt.bam'
Activating singularity image /home/jeszyman/sing_containers/atac.sif
[Tue May 17 13:26:48 2022]
Finished job 33.
21 of 37 steps (57%) done
Resources before job selection: {'_cores': 1, '_nodes': 9223372036854775804}
Ready jobs (3):
	tn5_shift_open
	get_open_chrom
	samstats
Select jobs to execute...
Selected jobs (1):
	samstats
Resources after job selection: {'_cores': 0, '_nodes': 9223372036854775803}

[Tue May 17 13:26:48 2022]
rule samstats:
    input: test/bam/atac3.bam
    output: test/qc/atac3_stat.txt, test/qc/atac3_flagstat.txt
    log: test/logs/atac3_samstats.log
    jobid: 35
    wildcards: library_id=atac3
    resources: tmpdir=/tmp


        workflow/scripts/samstats.sh 4 test/bam/atac3.bam test/qc/atac3_stat.txt test/qc/atac3_flagstat.txt 2>&1 >> test/logs/atac3_samstats.log
        
 singularity  exec --home /home/jeszyman/repos/atac-seq --bind /home/jeszyman:/home/jeszyman --bind /mnt:/mnt --bind /opt/miniconda3/envs/snakemake/lib/python3.9/site-packages:/mnt/snakemake /home/jeszyman/sing_containers/atac.sif bash -c 'workflow/scripts/samstats.sh 4 test/bam/atac3.bam test/qc/atac3_stat.txt test/qc/atac3_flagstat.txt 2>&1 >> test/logs/atac3_samstats.log'
Activating singularity image /home/jeszyman/sing_containers/atac.sif
[Tue May 17 13:26:49 2022]
Finished job 35.
22 of 37 steps (59%) done
Resources before job selection: {'_cores': 1, '_nodes': 9223372036854775804}
Ready jobs (2):
	tn5_shift_open
	get_open_chrom
Select jobs to execute...
Selected jobs (1):
	tn5_shift_open
Resources after job selection: {'_cores': 0, '_nodes': 9223372036854775803}

[Tue May 17 13:26:49 2022]
rule tn5_shift_open:
    input: test/bam/atac1_open.bam
    output: test/bam/atac1_open_tmp.bam, test/bam/atac1_open_tn5.bam
    log: test/logs/tn5_shift_and_open_atac1_open.log
    jobid: 21
    wildcards: library_id=atac1
    resources: tmpdir=/tmp


        workflow/scripts/tn5_shift.sh test/bam/atac1_open.bam 	                              4 	                              test/bam/atac1_open_tmp.bam                                       test/bam/atac1_open_tn5.bam > test/logs/tn5_shift_and_open_atac1_open.log 2>&1
        
 singularity  exec --home /home/jeszyman/repos/atac-seq --bind /home/jeszyman:/home/jeszyman --bind /mnt:/mnt --bind /opt/miniconda3/envs/snakemake/lib/python3.9/site-packages:/mnt/snakemake /home/jeszyman/sing_containers/atac.sif bash -c 'workflow/scripts/tn5_shift.sh test/bam/atac1_open.bam 	                              4 	                              test/bam/atac1_open_tmp.bam                                       test/bam/atac1_open_tn5.bam > test/logs/tn5_shift_and_open_atac1_open.log 2>&1'
Activating singularity image /home/jeszyman/sing_containers/atac.sif
[Tue May 17 13:26:49 2022]
Finished job 8.
23 of 37 steps (62%) done
Resources before job selection: {'_cores': 1, '_nodes': 9223372036854775804}
Ready jobs (3):
	filter_and_dedup
	get_open_chrom
	samstats
Select jobs to execute...
Selected jobs (1):
	samstats
Resources after job selection: {'_cores': 0, '_nodes': 9223372036854775803}

[Tue May 17 13:26:49 2022]
rule samstats:
    input: test/bam/atac4.bam
    output: test/qc/atac4_stat.txt, test/qc/atac4_flagstat.txt
    log: test/logs/atac4_samstats.log
    jobid: 36
    wildcards: library_id=atac4
    resources: tmpdir=/tmp


        workflow/scripts/samstats.sh 4 test/bam/atac4.bam test/qc/atac4_stat.txt test/qc/atac4_flagstat.txt 2>&1 >> test/logs/atac4_samstats.log
        
 singularity  exec --home /home/jeszyman/repos/atac-seq --bind /home/jeszyman:/home/jeszyman --bind /mnt:/mnt --bind /opt/miniconda3/envs/snakemake/lib/python3.9/site-packages:/mnt/snakemake /home/jeszyman/sing_containers/atac.sif bash -c 'workflow/scripts/samstats.sh 4 test/bam/atac4.bam test/qc/atac4_stat.txt test/qc/atac4_flagstat.txt 2>&1 >> test/logs/atac4_samstats.log'
Activating singularity image /home/jeszyman/sing_containers/atac.sif
[Tue May 17 13:26:50 2022]
Finished job 36.
24 of 37 steps (65%) done
Resources before job selection: {'_cores': 1, '_nodes': 9223372036854775804}
Ready jobs (2):
	get_open_chrom
	filter_and_dedup
Select jobs to execute...
Selected jobs (1):
	get_open_chrom
Resources after job selection: {'_cores': 0, '_nodes': 9223372036854775803}

[Tue May 17 13:26:50 2022]
rule get_open_chrom:
    input: test/bam/atac2_regfilt.bam
    output: test/bam/atac2_unsort_open.bam, test/bam/atac2_open.bam
    jobid: 14
    wildcards: library_id=atac2
    resources: tmpdir=/tmp


        workflow/scripts/get_open_chrom.sh test/bam/atac2_regfilt.bam                                            4                                            test/bam/atac2_unsort_open.bam                                            test/bam/atac2_open.bam
        
 singularity  exec --home /home/jeszyman/repos/atac-seq --bind /home/jeszyman:/home/jeszyman --bind /mnt:/mnt --bind /opt/miniconda3/envs/snakemake/lib/python3.9/site-packages:/mnt/snakemake /home/jeszyman/sing_containers/atac.sif bash -c 'workflow/scripts/get_open_chrom.sh test/bam/atac2_regfilt.bam                                            4                                            test/bam/atac2_unsort_open.bam                                            test/bam/atac2_open.bam'
Activating singularity image /home/jeszyman/sing_containers/atac.sif
Removing temporary output file test/bam/atac1_regfilt_tmp.bam.
[Tue May 17 13:26:51 2022]
Finished job 17.
25 of 37 steps (68%) done
Resources before job selection: {'_cores': 1, '_nodes': 9223372036854775804}
Ready jobs (1):
	filter_and_dedup
Select jobs to execute...
Selected jobs (1):
	filter_and_dedup
Resources after job selection: {'_cores': 0, '_nodes': 9223372036854775803}

[Tue May 17 13:26:51 2022]
rule filter_and_dedup:
    input: test/bam/atac4.bam
    output: test/bam/atac4_dedup.bam, test/bam/atac4_qfilt.bam, test/bam/atac4_regfilt.bam, test/bam/atac4_regfilt.bam.bai
    jobid: 12
    wildcards: library_id=atac4
    resources: tmpdir=/tmp, mem_mb=5000


        workflow/scripts/filter_and_dedup.sh test/bam/atac4.bam 	                                     resources/keep.bed 	                                     4 	                                     test/bam/atac4_dedup.bam 	                                     test/bam/atac4_qfilt.bam 	                                     test/bam/atac4_regfilt.bam 
        
 singularity  exec --home /home/jeszyman/repos/atac-seq --bind /home/jeszyman:/home/jeszyman --bind /mnt:/mnt --bind /opt/miniconda3/envs/snakemake/lib/python3.9/site-packages:/mnt/snakemake /home/jeszyman/sing_containers/atac.sif bash -c 'workflow/scripts/filter_and_dedup.sh test/bam/atac4.bam 	                                     resources/keep.bed 	                                     4 	                                     test/bam/atac4_dedup.bam 	                                     test/bam/atac4_qfilt.bam 	                                     test/bam/atac4_regfilt.bam'
Activating singularity image /home/jeszyman/sing_containers/atac.sif
Removing temporary output file test/bam/atac2_unsort_open.bam.
[Tue May 17 13:26:54 2022]
Finished job 14.
26 of 37 steps (70%) done
Resources before job selection: {'_cores': 1, '_nodes': 9223372036854775804}
Ready jobs (1):
	tn5_shift_open
Select jobs to execute...
Selected jobs (1):
	tn5_shift_open
Resources after job selection: {'_cores': 0, '_nodes': 9223372036854775803}

[Tue May 17 13:26:54 2022]
rule tn5_shift_open:
    input: test/bam/atac2_open.bam
    output: test/bam/atac2_open_tmp.bam, test/bam/atac2_open_tn5.bam
    log: test/logs/tn5_shift_and_open_atac2_open.log
    jobid: 22
    wildcards: library_id=atac2
    resources: tmpdir=/tmp


        workflow/scripts/tn5_shift.sh test/bam/atac2_open.bam 	                              4 	                              test/bam/atac2_open_tmp.bam                                       test/bam/atac2_open_tn5.bam > test/logs/tn5_shift_and_open_atac2_open.log 2>&1
        
 singularity  exec --home /home/jeszyman/repos/atac-seq --bind /home/jeszyman:/home/jeszyman --bind /mnt:/mnt --bind /opt/miniconda3/envs/snakemake/lib/python3.9/site-packages:/mnt/snakemake /home/jeszyman/sing_containers/atac.sif bash -c 'workflow/scripts/tn5_shift.sh test/bam/atac2_open.bam 	                              4 	                              test/bam/atac2_open_tmp.bam                                       test/bam/atac2_open_tn5.bam > test/logs/tn5_shift_and_open_atac2_open.log 2>&1'
Activating singularity image /home/jeszyman/sing_containers/atac.sif
Removing temporary output file test/bam/atac3_qfilt.bam.
[Tue May 17 13:26:55 2022]
Finished job 11.
27 of 37 steps (73%) done
Resources before job selection: {'_cores': 1, '_nodes': 9223372036854775804}
Ready jobs (2):
	get_open_chrom
	tn5_shift
Select jobs to execute...
Selected jobs (1):
	get_open_chrom
Resources after job selection: {'_cores': 0, '_nodes': 9223372036854775803}

[Tue May 17 13:26:56 2022]
rule get_open_chrom:
    input: test/bam/atac3_regfilt.bam
    output: test/bam/atac3_unsort_open.bam, test/bam/atac3_open.bam
    jobid: 15
    wildcards: library_id=atac3
    resources: tmpdir=/tmp


        workflow/scripts/get_open_chrom.sh test/bam/atac3_regfilt.bam                                            4                                            test/bam/atac3_unsort_open.bam                                            test/bam/atac3_open.bam
        
 singularity  exec --home /home/jeszyman/repos/atac-seq --bind /home/jeszyman:/home/jeszyman --bind /mnt:/mnt --bind /opt/miniconda3/envs/snakemake/lib/python3.9/site-packages:/mnt/snakemake /home/jeszyman/sing_containers/atac.sif bash -c 'workflow/scripts/get_open_chrom.sh test/bam/atac3_regfilt.bam                                            4                                            test/bam/atac3_unsort_open.bam                                            test/bam/atac3_open.bam'
Activating singularity image /home/jeszyman/sing_containers/atac.sif
Removing temporary output file test/bam/atac1_open_tmp.bam.
[Tue May 17 13:26:56 2022]
Finished job 21.
28 of 37 steps (76%) done
Resources before job selection: {'_cores': 1, '_nodes': 9223372036854775804}
Ready jobs (1):
	tn5_shift
Select jobs to execute...
Selected jobs (1):
	tn5_shift
Resources after job selection: {'_cores': 0, '_nodes': 9223372036854775803}

[Tue May 17 13:26:56 2022]
rule tn5_shift:
    input: test/bam/atac3_regfilt.bam
    output: test/bam/atac3_regfilt_tmp.bam, test/bam/atac3_regfilt_tn5.bam
    log: test/logs/tn5_shift_and_open_atac3_regfilt.log
    jobid: 19
    wildcards: library_id=atac3
    resources: tmpdir=/tmp


        workflow/scripts/tn5_shift.sh test/bam/atac3_regfilt.bam 	                              4 	                              test/bam/atac3_regfilt_tmp.bam                                       test/bam/atac3_regfilt_tn5.bam > test/logs/tn5_shift_and_open_atac3_regfilt.log 2>&1
        
 singularity  exec --home /home/jeszyman/repos/atac-seq --bind /home/jeszyman:/home/jeszyman --bind /mnt:/mnt --bind /opt/miniconda3/envs/snakemake/lib/python3.9/site-packages:/mnt/snakemake /home/jeszyman/sing_containers/atac.sif bash -c 'workflow/scripts/tn5_shift.sh test/bam/atac3_regfilt.bam 	                              4 	                              test/bam/atac3_regfilt_tmp.bam                                       test/bam/atac3_regfilt_tn5.bam > test/logs/tn5_shift_and_open_atac3_regfilt.log 2>&1'
Activating singularity image /home/jeszyman/sing_containers/atac.sif
Removing temporary output file test/bam/atac4_qfilt.bam.
[Tue May 17 13:26:59 2022]
Finished job 12.
29 of 37 steps (78%) done
Resources before job selection: {'_cores': 1, '_nodes': 9223372036854775804}
Ready jobs (2):
	get_open_chrom
	tn5_shift
Select jobs to execute...
Selected jobs (1):
	get_open_chrom
Resources after job selection: {'_cores': 0, '_nodes': 9223372036854775803}

[Tue May 17 13:26:59 2022]
rule get_open_chrom:
    input: test/bam/atac4_regfilt.bam
    output: test/bam/atac4_unsort_open.bam, test/bam/atac4_open.bam
    jobid: 16
    wildcards: library_id=atac4
    resources: tmpdir=/tmp


        workflow/scripts/get_open_chrom.sh test/bam/atac4_regfilt.bam                                            4                                            test/bam/atac4_unsort_open.bam                                            test/bam/atac4_open.bam
        
 singularity  exec --home /home/jeszyman/repos/atac-seq --bind /home/jeszyman:/home/jeszyman --bind /mnt:/mnt --bind /opt/miniconda3/envs/snakemake/lib/python3.9/site-packages:/mnt/snakemake /home/jeszyman/sing_containers/atac.sif bash -c 'workflow/scripts/get_open_chrom.sh test/bam/atac4_regfilt.bam                                            4                                            test/bam/atac4_unsort_open.bam                                            test/bam/atac4_open.bam'
Activating singularity image /home/jeszyman/sing_containers/atac.sif
Removing temporary output file test/bam/atac3_unsort_open.bam.
[Tue May 17 13:26:59 2022]
Finished job 15.
30 of 37 steps (81%) done
Resources before job selection: {'_cores': 1, '_nodes': 9223372036854775804}
Ready jobs (2):
	tn5_shift
	tn5_shift_open
Select jobs to execute...
Selected jobs (1):
	tn5_shift
Resources after job selection: {'_cores': 0, '_nodes': 9223372036854775803}

[Tue May 17 13:26:59 2022]
rule tn5_shift:
    input: test/bam/atac4_regfilt.bam
    output: test/bam/atac4_regfilt_tmp.bam, test/bam/atac4_regfilt_tn5.bam
    log: test/logs/tn5_shift_and_open_atac4_regfilt.log
    jobid: 20
    wildcards: library_id=atac4
    resources: tmpdir=/tmp


        workflow/scripts/tn5_shift.sh test/bam/atac4_regfilt.bam 	                              4 	                              test/bam/atac4_regfilt_tmp.bam                                       test/bam/atac4_regfilt_tn5.bam > test/logs/tn5_shift_and_open_atac4_regfilt.log 2>&1
        
 singularity  exec --home /home/jeszyman/repos/atac-seq --bind /home/jeszyman:/home/jeszyman --bind /mnt:/mnt --bind /opt/miniconda3/envs/snakemake/lib/python3.9/site-packages:/mnt/snakemake /home/jeszyman/sing_containers/atac.sif bash -c 'workflow/scripts/tn5_shift.sh test/bam/atac4_regfilt.bam 	                              4 	                              test/bam/atac4_regfilt_tmp.bam                                       test/bam/atac4_regfilt_tn5.bam > test/logs/tn5_shift_and_open_atac4_regfilt.log 2>&1'
Activating singularity image /home/jeszyman/sing_containers/atac.sif
Removing temporary output file test/bam/atac2_open_tmp.bam.
[Tue May 17 13:27:01 2022]
Finished job 22.
31 of 37 steps (84%) done
Resources before job selection: {'_cores': 1, '_nodes': 9223372036854775804}
Ready jobs (1):
	tn5_shift_open
Select jobs to execute...
Selected jobs (1):
	tn5_shift_open
Resources after job selection: {'_cores': 0, '_nodes': 9223372036854775803}

[Tue May 17 13:27:01 2022]
rule tn5_shift_open:
    input: test/bam/atac3_open.bam
    output: test/bam/atac3_open_tmp.bam, test/bam/atac3_open_tn5.bam
    log: test/logs/tn5_shift_and_open_atac3_open.log
    jobid: 23
    wildcards: library_id=atac3
    resources: tmpdir=/tmp


        workflow/scripts/tn5_shift.sh test/bam/atac3_open.bam 	                              4 	                              test/bam/atac3_open_tmp.bam                                       test/bam/atac3_open_tn5.bam > test/logs/tn5_shift_and_open_atac3_open.log 2>&1
        
 singularity  exec --home /home/jeszyman/repos/atac-seq --bind /home/jeszyman:/home/jeszyman --bind /mnt:/mnt --bind /opt/miniconda3/envs/snakemake/lib/python3.9/site-packages:/mnt/snakemake /home/jeszyman/sing_containers/atac.sif bash -c 'workflow/scripts/tn5_shift.sh test/bam/atac3_open.bam 	                              4 	                              test/bam/atac3_open_tmp.bam                                       test/bam/atac3_open_tn5.bam > test/logs/tn5_shift_and_open_atac3_open.log 2>&1'
Activating singularity image /home/jeszyman/sing_containers/atac.sif
Removing temporary output file test/bam/atac4_unsort_open.bam.
[Tue May 17 13:27:03 2022]
Finished job 16.
32 of 37 steps (86%) done
Resources before job selection: {'_cores': 1, '_nodes': 9223372036854775804}
Ready jobs (1):
	tn5_shift_open
Select jobs to execute...
Selected jobs (1):
	tn5_shift_open
Resources after job selection: {'_cores': 0, '_nodes': 9223372036854775803}

[Tue May 17 13:27:03 2022]
rule tn5_shift_open:
    input: test/bam/atac4_open.bam
    output: test/bam/atac4_open_tmp.bam, test/bam/atac4_open_tn5.bam
    log: test/logs/tn5_shift_and_open_atac4_open.log
    jobid: 24
    wildcards: library_id=atac4
    resources: tmpdir=/tmp


        workflow/scripts/tn5_shift.sh test/bam/atac4_open.bam 	                              4 	                              test/bam/atac4_open_tmp.bam                                       test/bam/atac4_open_tn5.bam > test/logs/tn5_shift_and_open_atac4_open.log 2>&1
        
 singularity  exec --home /home/jeszyman/repos/atac-seq --bind /home/jeszyman:/home/jeszyman --bind /mnt:/mnt --bind /opt/miniconda3/envs/snakemake/lib/python3.9/site-packages:/mnt/snakemake /home/jeszyman/sing_containers/atac.sif bash -c 'workflow/scripts/tn5_shift.sh test/bam/atac4_open.bam 	                              4 	                              test/bam/atac4_open_tmp.bam                                       test/bam/atac4_open_tn5.bam > test/logs/tn5_shift_and_open_atac4_open.log 2>&1'
Activating singularity image /home/jeszyman/sing_containers/atac.sif
Removing temporary output file test/bam/atac3_regfilt_tmp.bam.
[Tue May 17 13:27:03 2022]
Finished job 19.
33 of 37 steps (89%) done
Removing temporary output file test/bam/atac4_regfilt_tmp.bam.
[Tue May 17 13:27:06 2022]
Finished job 20.
34 of 37 steps (92%) done
Removing temporary output file test/bam/atac3_open_tmp.bam.
[Tue May 17 13:27:07 2022]
Finished job 23.
35 of 37 steps (95%) done
Removing temporary output file test/bam/atac4_open_tmp.bam.
[Tue May 17 13:27:09 2022]
Finished job 24.
36 of 37 steps (97%) done
Resources before job selection: {'_cores': 4, '_nodes': 9223372036854775807}
Ready jobs (1):
	all
Select jobs to execute...
Selected jobs (1):
	all
Resources after job selection: {'_cores': 3, '_nodes': 9223372036854775806}

[Tue May 17 13:27:09 2022]
localrule all:
    input: test/fastq/atac1_flex_1.fastq.gz, test/fastq/atac2_flex_1.fastq.gz, test/fastq/atac3_flex_1.fastq.gz, test/fastq/atac4_flex_1.fastq.gz, test/fastq/atac1_flex_2.fastq.gz, test/fastq/atac2_flex_2.fastq.gz, test/fastq/atac3_flex_2.fastq.gz, test/fastq/atac4_flex_2.fastq.gz, test/bam/atac1.bam, test/bam/atac2.bam, test/bam/atac3.bam, test/bam/atac4.bam, test/bam/atac1_dedup.bam, test/bam/atac2_dedup.bam, test/bam/atac3_dedup.bam, test/bam/atac4_dedup.bam, test/bam/atac1_regfilt.bam, test/bam/atac2_regfilt.bam, test/bam/atac3_regfilt.bam, test/bam/atac4_regfilt.bam, test/bam/atac1_regfilt.bam.bai, test/bam/atac2_regfilt.bam.bai, test/bam/atac3_regfilt.bam.bai, test/bam/atac4_regfilt.bam.bai, test/bam/atac1_open.bam, test/bam/atac2_open.bam, test/bam/atac3_open.bam, test/bam/atac4_open.bam, test/bam/atac1_regfilt_tn5.bam, test/bam/atac2_regfilt_tn5.bam, test/bam/atac3_regfilt_tn5.bam, test/bam/atac4_regfilt_tn5.bam, test/bam/atac1_open_tn5.bam, test/bam/atac2_open_tn5.bam, test/bam/atac3_open_tn5.bam, test/bam/atac4_open_tn5.bam, test/qc/atac1_R1_fastqc.html, test/qc/atac1_R2_fastqc.html, test/qc/atac2_R1_fastqc.html, test/qc/atac2_R2_fastqc.html, test/qc/atac3_R1_fastqc.html, test/qc/atac3_R2_fastqc.html, test/qc/atac4_R1_fastqc.html, test/qc/atac4_R2_fastqc.html, test/qc/atac1_stat.txt, test/qc/atac2_stat.txt, test/qc/atac3_stat.txt, test/qc/atac4_stat.txt, test/qc/atac1_flagstat.txt, test/qc/atac2_flagstat.txt, test/qc/atac3_flagstat.txt, test/qc/atac4_flagstat.txt
    jobid: 0
    resources: tmpdir=/tmp

[Tue May 17 13:27:09 2022]
Finished job 0.
37 of 37 steps (100%) done
Complete log: /home/jeszyman/repos/atac-seq/.snakemake/log/2022-05-17T132506.390577.snakemake.log
unlocking
removing lock
removing lock
removed all locks
