Building DAG of jobs...
Using shell: /bin/bash
Provided cores: 4
Rules claiming more threads will be scaled down.
Job stats:
job          count    min threads    max threads
---------  -------  -------------  -------------
align_bt2        4              1              1
all              1              1              1
read_trim        4              1              1
total            9              1              1

Select jobs to execute...

[Sun May  1 13:51:22 2022]
rule read_trim:
    input: test/fastq/atac2_R1.fastq.gz, test/fastq/atac2_R2.fastq.gz
    output: test/fastq/atac2_flex_1.fastq.gz, test/fastq/atac2_flex_2.fastq.gz
    jobid: 2
    wildcards: library_id=atac2
    resources: tmpdir=/tmp, mem_mb=5000

Activating singularity image /home/jeszyman/sing_containers/atac.sif

[Sun May  1 13:51:22 2022]
rule read_trim:
    input: test/fastq/atac3_R1.fastq.gz, test/fastq/atac3_R2.fastq.gz
    output: test/fastq/atac3_flex_1.fastq.gz, test/fastq/atac3_flex_2.fastq.gz
    jobid: 3
    wildcards: library_id=atac3
    resources: tmpdir=/tmp, mem_mb=5000

Activating singularity image /home/jeszyman/sing_containers/atac.sif

[Sun May  1 13:51:22 2022]
rule read_trim:
    input: test/fastq/atac1_R1.fastq.gz, test/fastq/atac1_R2.fastq.gz
    output: test/fastq/atac1_flex_1.fastq.gz, test/fastq/atac1_flex_2.fastq.gz
    jobid: 1
    wildcards: library_id=atac1
    resources: tmpdir=/tmp, mem_mb=5000

Activating singularity image /home/jeszyman/sing_containers/atac.sif

[Sun May  1 13:51:22 2022]
rule read_trim:
    input: test/fastq/atac4_R1.fastq.gz, test/fastq/atac4_R2.fastq.gz
    output: test/fastq/atac4_flex_1.fastq.gz, test/fastq/atac4_flex_2.fastq.gz
    jobid: 4
    wildcards: library_id=atac4
    resources: tmpdir=/tmp, mem_mb=5000

Activating singularity image /home/jeszyman/sing_containers/atac.sif
[Sun May  1 13:51:48 2022]
Finished job 1.
1 of 9 steps (11%) done
Select jobs to execute...

[Sun May  1 13:51:48 2022]
rule align_bt2:
    input: test/fastq/atac1_flex_1.fastq.gz, test/fastq/atac1_flex_2.fastq.gz
    output: test/bam/atac1.bam
    jobid: 5
    wildcards: library_id=atac1
    resources: tmpdir=/tmp

Activating singularity image /home/jeszyman/sing_containers/atac.sif
[Sun May  1 13:51:49 2022]
Finished job 2.
2 of 9 steps (22%) done
Select jobs to execute...

[Sun May  1 13:51:49 2022]
rule align_bt2:
    input: test/fastq/atac2_flex_1.fastq.gz, test/fastq/atac2_flex_2.fastq.gz
    output: test/bam/atac2.bam
    jobid: 6
    wildcards: library_id=atac2
    resources: tmpdir=/tmp

Activating singularity image /home/jeszyman/sing_containers/atac.sif
[Sun May  1 13:51:49 2022]
Finished job 3.
3 of 9 steps (33%) done
Select jobs to execute...

[Sun May  1 13:51:49 2022]
rule align_bt2:
    input: test/fastq/atac3_flex_1.fastq.gz, test/fastq/atac3_flex_2.fastq.gz
    output: test/bam/atac3.bam
    jobid: 7
    wildcards: library_id=atac3
    resources: tmpdir=/tmp

Activating singularity image /home/jeszyman/sing_containers/atac.sif
[Sun May  1 13:51:49 2022]
Finished job 4.
4 of 9 steps (44%) done
Select jobs to execute...

[Sun May  1 13:51:49 2022]
rule align_bt2:
    input: test/fastq/atac4_flex_1.fastq.gz, test/fastq/atac4_flex_2.fastq.gz
    output: test/bam/atac4.bam
    jobid: 8
    wildcards: library_id=atac4
    resources: tmpdir=/tmp

Activating singularity image /home/jeszyman/sing_containers/atac.sif
[Sun May  1 13:53:58 2022]
Finished job 7.
5 of 9 steps (56%) done
[Sun May  1 13:54:04 2022]
Finished job 6.
6 of 9 steps (67%) done
[Sun May  1 13:54:08 2022]
Finished job 5.
7 of 9 steps (78%) done
[Sun May  1 13:54:12 2022]
Finished job 8.
8 of 9 steps (89%) done
Select jobs to execute...

[Sun May  1 13:54:12 2022]
localrule all:
    input: test/fastq/atac1_flex_1.fastq.gz, test/fastq/atac2_flex_1.fastq.gz, test/fastq/atac3_flex_1.fastq.gz, test/fastq/atac4_flex_1.fastq.gz, test/bam/atac1.bam, test/bam/atac2.bam, test/bam/atac3.bam, test/bam/atac4.bam
    jobid: 0
    resources: tmpdir=/tmp

[Sun May  1 13:54:12 2022]
Finished job 0.
9 of 9 steps (100%) done
Complete log: /home/jeszyman/repos/atac-seq/.snakemake/log/2022-05-01T135122.076875.snakemake.log
