Full Traceback (most recent call last):
  File "/opt/miniconda3/envs/snakemake/lib/python3.9/site-packages/snakemake/__init__.py", line 593, in snakemake
    workflow.include(
  File "/opt/miniconda3/envs/snakemake/lib/python3.9/site-packages/snakemake/workflow.py", line 1182, in include
    exec(compile(code, snakefile.get_path_or_uri(), "exec"), self.globals)
  File "/home/jeszyman/repos/atac-seq/workflow/int_test.smk", line 49, in <module>
  File "/opt/miniconda3/envs/snakemake/lib/python3.9/site-packages/snakemake/workflow.py", line 1182, in include
    exec(compile(code, snakefile.get_path_or_uri(), "exec"), self.globals)
  File "/home/jeszyman/repos/atac-seq/workflow/dca_and_annot.smk", line 76, in <module>
  File "/opt/miniconda3/envs/snakemake/lib/python3.9/site-packages/snakemake/workflow.py", line 1414, in decorate
    rule.set_log(*ruleinfo.log[0], **ruleinfo.log[1])
  File "/opt/miniconda3/envs/snakemake/lib/python3.9/site-packages/snakemake/rules.py", line 651, in set_log
    self.register_wildcards(item.get_wildcard_names())
  File "/opt/miniconda3/envs/snakemake/lib/python3.9/site-packages/snakemake/rules.py", line 387, in register_wildcards
    raise SyntaxError(
SyntaxError: Not all output, log and benchmark files of rule peak_annotation contain the same wildcards. This is crucial though, in order to avoid that two or more jobs write to the same file.

SyntaxError:
Not all output, log and benchmark files of rule peak_annotation contain the same wildcards. This is crucial though, in order to avoid that two or more jobs write to the same file.
  File "/home/jeszyman/repos/atac-seq/workflow/int_test.smk", line 49, in <module>
  File "/home/jeszyman/repos/atac-seq/workflow/dca_and_annot.smk", line 76, in <module>
