Building DAG of jobs...
Using shell: /bin/bash
Provided cores: 4
Rules claiming more threads will be scaled down.
Job stats:
job          count    min threads    max threads
---------  -------  -------------  -------------
align_bt2        4              1              1
all              1              1              1
read_trim        4              1              1
total            9              1              1

Resources before job selection: {'_cores': 4, '_nodes': 9223372036854775807}
Ready jobs (4):
	read_trim
	read_trim
	read_trim
	read_trim
Select jobs to execute...
Selected jobs (4):
	read_trim
	read_trim
	read_trim
	read_trim
Resources after job selection: {'_cores': 0, '_nodes': 9223372036854775803}

[Fri May  6 07:33:53 2022]
rule read_trim:
    input: test/fastq/atac4_R1.fastq.gz, test/fastq/atac4_R2.fastq.gz
    output: test/fastq/atac4_flex_1.fastq.gz, test/fastq/atac4_flex_2.fastq.gz
    jobid: 4
    wildcards: library_id=atac4
    resources: tmpdir=/tmp, mem_mb=5000


        workflow/scripts/read_trim.sh test/fastq/atac4_R1.fastq.gz test/fastq/atac4_R2.fastq.gz test/fastq 4
        
 singularity  exec --home /home/jeszyman/repos/atac-seq --bind /home/jeszyman:/home/jeszyman --bind /mnt:/mnt /home/jeszyman/sing_containers/atac.sif bash -c 'set -euo pipefail;  
        workflow/scripts/read_trim.sh test/fastq/atac4_R1.fastq.gz test/fastq/atac4_R2.fastq.gz test/fastq 4'
Activating singularity image /home/jeszyman/sing_containers/atac.sif

[Fri May  6 07:33:53 2022]
rule read_trim:
    input: test/fastq/atac3_R1.fastq.gz, test/fastq/atac3_R2.fastq.gz
    output: test/fastq/atac3_flex_1.fastq.gz, test/fastq/atac3_flex_2.fastq.gz
    jobid: 3
    wildcards: library_id=atac3
    resources: tmpdir=/tmp, mem_mb=5000


        workflow/scripts/read_trim.sh test/fastq/atac3_R1.fastq.gz test/fastq/atac3_R2.fastq.gz test/fastq 4
        
 singularity  exec --home /home/jeszyman/repos/atac-seq --bind /home/jeszyman:/home/jeszyman --bind /mnt:/mnt /home/jeszyman/sing_containers/atac.sif bash -c 'set -euo pipefail;  
        workflow/scripts/read_trim.sh test/fastq/atac3_R1.fastq.gz test/fastq/atac3_R2.fastq.gz test/fastq 4'
Activating singularity image /home/jeszyman/sing_containers/atac.sif

[Fri May  6 07:33:53 2022]
rule read_trim:
    input: test/fastq/atac1_R1.fastq.gz, test/fastq/atac1_R2.fastq.gz
    output: test/fastq/atac1_flex_1.fastq.gz, test/fastq/atac1_flex_2.fastq.gz
    jobid: 1
    wildcards: library_id=atac1
    resources: tmpdir=/tmp, mem_mb=5000


        workflow/scripts/read_trim.sh test/fastq/atac1_R1.fastq.gz test/fastq/atac1_R2.fastq.gz test/fastq 4
        
 singularity  exec --home /home/jeszyman/repos/atac-seq --bind /home/jeszyman:/home/jeszyman --bind /mnt:/mnt /home/jeszyman/sing_containers/atac.sif bash -c 'set -euo pipefail;  
        workflow/scripts/read_trim.sh test/fastq/atac1_R1.fastq.gz test/fastq/atac1_R2.fastq.gz test/fastq 4'

Activating singularity image /home/jeszyman/sing_containers/atac.sif
[Fri May  6 07:33:53 2022]
rule read_trim:
    input: test/fastq/atac2_R1.fastq.gz, test/fastq/atac2_R2.fastq.gz
    output: test/fastq/atac2_flex_1.fastq.gz, test/fastq/atac2_flex_2.fastq.gz
    jobid: 2
    wildcards: library_id=atac2
    resources: tmpdir=/tmp, mem_mb=5000


        workflow/scripts/read_trim.sh test/fastq/atac2_R1.fastq.gz test/fastq/atac2_R2.fastq.gz test/fastq 4
        
 singularity  exec --home /home/jeszyman/repos/atac-seq --bind /home/jeszyman:/home/jeszyman --bind /mnt:/mnt /home/jeszyman/sing_containers/atac.sif bash -c 'set -euo pipefail;  
        workflow/scripts/read_trim.sh test/fastq/atac2_R1.fastq.gz test/fastq/atac2_R2.fastq.gz test/fastq 4'
Activating singularity image /home/jeszyman/sing_containers/atac.sif
[Fri May  6 07:34:15 2022]
Finished job 3.
1 of 9 steps (11%) done
Resources before job selection: {'_cores': 1, '_nodes': 9223372036854775804}
Ready jobs (1):
	align_bt2
Select jobs to execute...
Using greedy selector because only single job has to be scheduled.
Selected jobs (1):
	align_bt2
Resources after job selection: {'_cores': 0, '_nodes': 9223372036854775803}

[Fri May  6 07:34:15 2022]
rule align_bt2:
    input: test/fastq/atac3_flex_1.fastq.gz, test/fastq/atac3_flex_2.fastq.gz
    output: test/bam/atac3.bam
    jobid: 7
    wildcards: library_id=atac3
    resources: tmpdir=/tmp


        workflow/scripts/align_bt2.sh test/fastq/atac3_flex_1.fastq.gz test/fastq/atac3_flex_2.fastq.gz test/ref/ucsc_mm10_chr9/ucsc_mm10_chr9 4 test/bam/atac3.bam
        
 singularity  exec --home /home/jeszyman/repos/atac-seq --bind /home/jeszyman:/home/jeszyman --bind /mnt:/mnt /home/jeszyman/sing_containers/atac.sif bash -c 'set -euo pipefail;  
        workflow/scripts/align_bt2.sh test/fastq/atac3_flex_1.fastq.gz test/fastq/atac3_flex_2.fastq.gz test/ref/ucsc_mm10_chr9/ucsc_mm10_chr9 4 test/bam/atac3.bam'
Activating singularity image /home/jeszyman/sing_containers/atac.sif
[Fri May  6 07:34:15 2022]
Finished job 4.
2 of 9 steps (22%) done
Resources before job selection: {'_cores': 1, '_nodes': 9223372036854775804}
Ready jobs (1):
	align_bt2
Select jobs to execute...
Using greedy selector because only single job has to be scheduled.
Selected jobs (1):
	align_bt2
Resources after job selection: {'_cores': 0, '_nodes': 9223372036854775803}

[Fri May  6 07:34:15 2022]
rule align_bt2:
    input: test/fastq/atac4_flex_1.fastq.gz, test/fastq/atac4_flex_2.fastq.gz
    output: test/bam/atac4.bam
    jobid: 8
    wildcards: library_id=atac4
    resources: tmpdir=/tmp


        workflow/scripts/align_bt2.sh test/fastq/atac4_flex_1.fastq.gz test/fastq/atac4_flex_2.fastq.gz test/ref/ucsc_mm10_chr9/ucsc_mm10_chr9 4 test/bam/atac4.bam
        
 singularity  exec --home /home/jeszyman/repos/atac-seq --bind /home/jeszyman:/home/jeszyman --bind /mnt:/mnt /home/jeszyman/sing_containers/atac.sif bash -c 'set -euo pipefail;  
        workflow/scripts/align_bt2.sh test/fastq/atac4_flex_1.fastq.gz test/fastq/atac4_flex_2.fastq.gz test/ref/ucsc_mm10_chr9/ucsc_mm10_chr9 4 test/bam/atac4.bam'
Activating singularity image /home/jeszyman/sing_containers/atac.sif
[Fri May  6 07:34:15 2022]
Finished job 2.
3 of 9 steps (33%) done
Resources before job selection: {'_cores': 1, '_nodes': 9223372036854775804}
Ready jobs (1):
	align_bt2
Select jobs to execute...
Using greedy selector because only single job has to be scheduled.
Selected jobs (1):
	align_bt2
Resources after job selection: {'_cores': 0, '_nodes': 9223372036854775803}

[Fri May  6 07:34:15 2022]
rule align_bt2:
    input: test/fastq/atac2_flex_1.fastq.gz, test/fastq/atac2_flex_2.fastq.gz
    output: test/bam/atac2.bam
    jobid: 6
    wildcards: library_id=atac2
    resources: tmpdir=/tmp


        workflow/scripts/align_bt2.sh test/fastq/atac2_flex_1.fastq.gz test/fastq/atac2_flex_2.fastq.gz test/ref/ucsc_mm10_chr9/ucsc_mm10_chr9 4 test/bam/atac2.bam
        
 singularity  exec --home /home/jeszyman/repos/atac-seq --bind /home/jeszyman:/home/jeszyman --bind /mnt:/mnt /home/jeszyman/sing_containers/atac.sif bash -c 'set -euo pipefail;  
        workflow/scripts/align_bt2.sh test/fastq/atac2_flex_1.fastq.gz test/fastq/atac2_flex_2.fastq.gz test/ref/ucsc_mm10_chr9/ucsc_mm10_chr9 4 test/bam/atac2.bam'
Activating singularity image /home/jeszyman/sing_containers/atac.sif
[Fri May  6 07:34:15 2022]
Finished job 1.
4 of 9 steps (44%) done
Resources before job selection: {'_cores': 1, '_nodes': 9223372036854775804}
Ready jobs (1):
	align_bt2
Select jobs to execute...
Using greedy selector because only single job has to be scheduled.
Selected jobs (1):
	align_bt2
Resources after job selection: {'_cores': 0, '_nodes': 9223372036854775803}

[Fri May  6 07:34:15 2022]
rule align_bt2:
    input: test/fastq/atac1_flex_1.fastq.gz, test/fastq/atac1_flex_2.fastq.gz
    output: test/bam/atac1.bam
    jobid: 5
    wildcards: library_id=atac1
    resources: tmpdir=/tmp


        workflow/scripts/align_bt2.sh test/fastq/atac1_flex_1.fastq.gz test/fastq/atac1_flex_2.fastq.gz test/ref/ucsc_mm10_chr9/ucsc_mm10_chr9 4 test/bam/atac1.bam
        
 singularity  exec --home /home/jeszyman/repos/atac-seq --bind /home/jeszyman:/home/jeszyman --bind /mnt:/mnt /home/jeszyman/sing_containers/atac.sif bash -c 'set -euo pipefail;  
        workflow/scripts/align_bt2.sh test/fastq/atac1_flex_1.fastq.gz test/fastq/atac1_flex_2.fastq.gz test/ref/ucsc_mm10_chr9/ucsc_mm10_chr9 4 test/bam/atac1.bam'
Activating singularity image /home/jeszyman/sing_containers/atac.sif
[Fri May  6 07:35:32 2022]
Finished job 7.
5 of 9 steps (56%) done
[Fri May  6 07:35:35 2022]
Finished job 6.
6 of 9 steps (67%) done
[Fri May  6 07:35:37 2022]
Finished job 5.
7 of 9 steps (78%) done
[Fri May  6 07:35:38 2022]
Finished job 8.
8 of 9 steps (89%) done
Resources before job selection: {'_cores': 4, '_nodes': 9223372036854775807}
Ready jobs (1):
	all
Select jobs to execute...
Using greedy selector because only single job has to be scheduled.
Selected jobs (1):
	all
Resources after job selection: {'_cores': 3, '_nodes': 9223372036854775806}

[Fri May  6 07:35:38 2022]
localrule all:
    input: test/fastq/atac1_flex_1.fastq.gz, test/fastq/atac2_flex_1.fastq.gz, test/fastq/atac3_flex_1.fastq.gz, test/fastq/atac4_flex_1.fastq.gz, test/bam/atac1.bam, test/bam/atac2.bam, test/bam/atac3.bam, test/bam/atac4.bam
    jobid: 0
    resources: tmpdir=/tmp

[Fri May  6 07:35:38 2022]
Finished job 0.
9 of 9 steps (100%) done
Complete log: /home/jeszyman/repos/atac-seq/.snakemake/log/2022-05-06T073353.453669.snakemake.log
unlocking
removing lock
removing lock
removed all locks
