Full Traceback (most recent call last):
  File "/opt/miniconda3/envs/snakemake/lib/python3.10/site-packages/snakemake/__init__.py", line 593, in snakemake
    workflow.include(
  File "/opt/miniconda3/envs/snakemake/lib/python3.10/site-packages/snakemake/workflow.py", line 1182, in include
    exec(compile(code, snakefile.get_path_or_uri(), "exec"), self.globals)
  File "/home/jeszyman/repos/atac-seq/workflow/int_test.smk", line 95, in <module>
  File "/opt/miniconda3/envs/snakemake/lib/python3.10/site-packages/snakemake/workflow.py", line 1164, in include
    code, linemap, rulecount = parse(
  File "/opt/miniconda3/envs/snakemake/lib/python3.10/site-packages/snakemake/parser.py", line 1194, in parse
    for t, orig_token in automaton.consume():
  File "/opt/miniconda3/envs/snakemake/lib/python3.10/site-packages/snakemake/parser.py", line 105, in consume
    for t, orig in self.state(token):
  File "/opt/miniconda3/envs/snakemake/lib/python3.10/site-packages/snakemake/parser.py", line 1146, in python
    for t in self.subautomaton(token.string).consume():
  File "/opt/miniconda3/envs/snakemake/lib/python3.10/site-packages/snakemake/parser.py", line 105, in consume
    for t, orig in self.state(token):
  File "/opt/miniconda3/envs/snakemake/lib/python3.10/site-packages/snakemake/parser.py", line 729, in name
    self.error(
  File "/opt/miniconda3/envs/snakemake/lib/python3.10/site-packages/snakemake/parser.py", line 116, in error
    raise SyntaxError(msg, (self.snakefile.path, lineno(token), None, None))
  File "/home/jeszyman/repos/atac-seq/workflow/atac.smk", line 73
SyntaxError: Expected name or colon after rule or checkpoint keyword.

SyntaxError in line 73 of /home/jeszyman/repos/atac-seq/workflow/atac.smk:
Expected name or colon after rule or checkpoint keyword. (atac.smk, line 73)
  File "/home/jeszyman/repos/atac-seq/workflow/int_test.smk", line 95, in <module>
