Building DAG of jobs...
Using shell: /bin/bash
Provided cores: 4
Rules claiming more threads will be scaled down.
Job stats:
job                 count    min threads    max threads
----------------  -------  -------------  -------------
align_bt2               4              1              1
all                     1              1              1
fastqc                  8              1              1
filter_and_dedup        4              1              1
get_open_chrom          4              1              1
read_trim               4              1              1
tn5_shift               4              1              1
tn5_shift_open          4              1              1
total                  33              1              1

Resources before job selection: {'_cores': 4, '_nodes': 9223372036854775807}
Ready jobs (12):
	read_trim
	fastqc
	fastqc
	fastqc
	fastqc
	fastqc
	read_trim
	read_trim
	read_trim
	fastqc
	fastqc
	fastqc
Select jobs to execute...
Selected jobs (4):
	fastqc
	fastqc
	read_trim
	fastqc
Resources after job selection: {'_cores': 0, '_nodes': 9223372036854775803}

[Fri May  6 08:23:18 2022]
rule fastqc:
    input: test/fastq/atac4_R2.fastq.gz
    output: test/qc/atac4_R2_fastqc.html
    log: test/logs/fastqc_raw_atac4_R2.log
    jobid: 32
    wildcards: library_id=atac4, read=R2
    resources: tmpdir=/tmp


        fastqc --outdir test/qc         --quiet         --threads 4 test/fastq/atac4_R2.fastq.gz &> test/logs/fastqc_raw_atac4_R2.log
        
 singularity  exec --home /home/jeszyman/repos/atac-seq --bind /home/jeszyman:/home/jeszyman --bind /mnt:/mnt /home/jeszyman/sing_containers/atac.sif bash -c 'set -euo pipefail;  
        fastqc --outdir test/qc         --quiet         --threads 4 test/fastq/atac4_R2.fastq.gz &> test/logs/fastqc_raw_atac4_R2.log'

Activating singularity image /home/jeszyman/sing_containers/atac.sif
[Fri May  6 08:23:18 2022]
rule fastqc:
    input: test/fastq/atac1_R1.fastq.gz
    output: test/qc/atac1_R1_fastqc.html
    log: test/logs/fastqc_raw_atac1_R1.log
    jobid: 25
    wildcards: library_id=atac1, read=R1
    resources: tmpdir=/tmp


        fastqc --outdir test/qc         --quiet         --threads 4 test/fastq/atac1_R1.fastq.gz &> test/logs/fastqc_raw_atac1_R1.log
        

[Fri May  6 08:23:18 2022]
rule read_trim:
    input: test/fastq/atac2_R1.fastq.gz, test/fastq/atac2_R2.fastq.gz
    output: test/fastq/atac2_flex_1.fastq.gz, test/fastq/atac2_flex_2.fastq.gz
    jobid: 6
    wildcards: library_id=atac2
    resources: tmpdir=/tmp, mem_mb=5000
 singularity  exec --home /home/jeszyman/repos/atac-seq --bind /home/jeszyman:/home/jeszyman --bind /mnt:/mnt /home/jeszyman/sing_containers/atac.sif bash -c 'set -euo pipefail;  
        fastqc --outdir test/qc         --quiet         --threads 4 test/fastq/atac1_R1.fastq.gz &> test/logs/fastqc_raw_atac1_R1.log'

Activating singularity image /home/jeszyman/sing_containers/atac.sif

        workflow/scripts/read_trim.sh test/fastq/atac2_R1.fastq.gz test/fastq/atac2_R2.fastq.gz test/fastq 4
        
 singularity  exec --home /home/jeszyman/repos/atac-seq --bind /home/jeszyman:/home/jeszyman --bind /mnt:/mnt /home/jeszyman/sing_containers/atac.sif bash -c 'set -euo pipefail;  
        workflow/scripts/read_trim.sh test/fastq/atac2_R1.fastq.gz test/fastq/atac2_R2.fastq.gz test/fastq 4'

Activating singularity image /home/jeszyman/sing_containers/atac.sif
[Fri May  6 08:23:18 2022]
rule fastqc:
    input: test/fastq/atac4_R1.fastq.gz
    output: test/qc/atac4_R1_fastqc.html
    log: test/logs/fastqc_raw_atac4_R1.log
    jobid: 31
    wildcards: library_id=atac4, read=R1
    resources: tmpdir=/tmp


        fastqc --outdir test/qc         --quiet         --threads 4 test/fastq/atac4_R1.fastq.gz &> test/logs/fastqc_raw_atac4_R1.log
        
 singularity  exec --home /home/jeszyman/repos/atac-seq --bind /home/jeszyman:/home/jeszyman --bind /mnt:/mnt /home/jeszyman/sing_containers/atac.sif bash -c 'set -euo pipefail;  
        fastqc --outdir test/qc         --quiet         --threads 4 test/fastq/atac4_R1.fastq.gz &> test/logs/fastqc_raw_atac4_R1.log'
Activating singularity image /home/jeszyman/sing_containers/atac.sif
[Fri May  6 08:23:23 2022]
Finished job 25.
1 of 33 steps (3%) done
Resources before job selection: {'_cores': 1, '_nodes': 9223372036854775804}
Ready jobs (8):
	fastqc
	fastqc
	fastqc
	read_trim
	fastqc
	read_trim
	read_trim
	fastqc
Select jobs to execute...
Selected jobs (1):
	fastqc
Resources after job selection: {'_cores': 0, '_nodes': 9223372036854775803}

[Fri May  6 08:23:23 2022]
rule fastqc:
    input: test/fastq/atac3_R1.fastq.gz
    output: test/qc/atac3_R1_fastqc.html
    log: test/logs/fastqc_raw_atac3_R1.log
    jobid: 29
    wildcards: library_id=atac3, read=R1
    resources: tmpdir=/tmp


        fastqc --outdir test/qc         --quiet         --threads 4 test/fastq/atac3_R1.fastq.gz &> test/logs/fastqc_raw_atac3_R1.log
        
 singularity  exec --home /home/jeszyman/repos/atac-seq --bind /home/jeszyman:/home/jeszyman --bind /mnt:/mnt /home/jeszyman/sing_containers/atac.sif bash -c 'set -euo pipefail;  
        fastqc --outdir test/qc         --quiet         --threads 4 test/fastq/atac3_R1.fastq.gz &> test/logs/fastqc_raw_atac3_R1.log'
Activating singularity image /home/jeszyman/sing_containers/atac.sif
[Fri May  6 08:23:23 2022]
Finished job 31.
2 of 33 steps (6%) done
Resources before job selection: {'_cores': 1, '_nodes': 9223372036854775804}
Ready jobs (7):
	fastqc
	fastqc
	fastqc
	read_trim
	fastqc
	read_trim
	read_trim
Select jobs to execute...
Selected jobs (1):
	read_trim
Resources after job selection: {'_cores': 0, '_nodes': 9223372036854775803}

[Fri May  6 08:23:23 2022]
rule read_trim:
    input: test/fastq/atac3_R1.fastq.gz, test/fastq/atac3_R2.fastq.gz
    output: test/fastq/atac3_flex_1.fastq.gz, test/fastq/atac3_flex_2.fastq.gz
    jobid: 9
    wildcards: library_id=atac3
    resources: tmpdir=/tmp, mem_mb=5000


        workflow/scripts/read_trim.sh test/fastq/atac3_R1.fastq.gz test/fastq/atac3_R2.fastq.gz test/fastq 4
        
 singularity  exec --home /home/jeszyman/repos/atac-seq --bind /home/jeszyman:/home/jeszyman --bind /mnt:/mnt /home/jeszyman/sing_containers/atac.sif bash -c 'set -euo pipefail;  
        workflow/scripts/read_trim.sh test/fastq/atac3_R1.fastq.gz test/fastq/atac3_R2.fastq.gz test/fastq 4'
Activating singularity image /home/jeszyman/sing_containers/atac.sif
[Fri May  6 08:23:23 2022]
Finished job 32.
3 of 33 steps (9%) done
Resources before job selection: {'_cores': 1, '_nodes': 9223372036854775804}
Ready jobs (6):
	fastqc
	fastqc
	fastqc
	read_trim
	fastqc
	read_trim
Select jobs to execute...
Selected jobs (1):
	read_trim
Resources after job selection: {'_cores': 0, '_nodes': 9223372036854775803}

[Fri May  6 08:23:23 2022]
rule read_trim:
    input: test/fastq/atac4_R1.fastq.gz, test/fastq/atac4_R2.fastq.gz
    output: test/fastq/atac4_flex_1.fastq.gz, test/fastq/atac4_flex_2.fastq.gz
    jobid: 12
    wildcards: library_id=atac4
    resources: tmpdir=/tmp, mem_mb=5000


        workflow/scripts/read_trim.sh test/fastq/atac4_R1.fastq.gz test/fastq/atac4_R2.fastq.gz test/fastq 4
        
 singularity  exec --home /home/jeszyman/repos/atac-seq --bind /home/jeszyman:/home/jeszyman --bind /mnt:/mnt /home/jeszyman/sing_containers/atac.sif bash -c 'set -euo pipefail;  
        workflow/scripts/read_trim.sh test/fastq/atac4_R1.fastq.gz test/fastq/atac4_R2.fastq.gz test/fastq 4'
Activating singularity image /home/jeszyman/sing_containers/atac.sif
[Fri May  6 08:23:29 2022]
Finished job 29.
4 of 33 steps (12%) done
Resources before job selection: {'_cores': 1, '_nodes': 9223372036854775804}
Ready jobs (5):
	fastqc
	fastqc
	fastqc
	read_trim
	fastqc
Select jobs to execute...
Selected jobs (1):
	fastqc
Resources after job selection: {'_cores': 0, '_nodes': 9223372036854775803}

[Fri May  6 08:23:29 2022]
rule fastqc:
    input: test/fastq/atac2_R1.fastq.gz
    output: test/qc/atac2_R1_fastqc.html
    log: test/logs/fastqc_raw_atac2_R1.log
    jobid: 27
    wildcards: library_id=atac2, read=R1
    resources: tmpdir=/tmp


        fastqc --outdir test/qc         --quiet         --threads 4 test/fastq/atac2_R1.fastq.gz &> test/logs/fastqc_raw_atac2_R1.log
        
 singularity  exec --home /home/jeszyman/repos/atac-seq --bind /home/jeszyman:/home/jeszyman --bind /mnt:/mnt /home/jeszyman/sing_containers/atac.sif bash -c 'set -euo pipefail;  
        fastqc --outdir test/qc         --quiet         --threads 4 test/fastq/atac2_R1.fastq.gz &> test/logs/fastqc_raw_atac2_R1.log'
Activating singularity image /home/jeszyman/sing_containers/atac.sif
[Fri May  6 08:23:35 2022]
Finished job 27.
5 of 33 steps (15%) done
Resources before job selection: {'_cores': 1, '_nodes': 9223372036854775804}
Ready jobs (4):
	fastqc
	read_trim
	fastqc
	fastqc
Select jobs to execute...
Selected jobs (1):
	fastqc
Resources after job selection: {'_cores': 0, '_nodes': 9223372036854775803}

[Fri May  6 08:23:35 2022]
rule fastqc:
    input: test/fastq/atac3_R2.fastq.gz
    output: test/qc/atac3_R2_fastqc.html
    log: test/logs/fastqc_raw_atac3_R2.log
    jobid: 30
    wildcards: library_id=atac3, read=R2
    resources: tmpdir=/tmp


        fastqc --outdir test/qc         --quiet         --threads 4 test/fastq/atac3_R2.fastq.gz &> test/logs/fastqc_raw_atac3_R2.log
        
 singularity  exec --home /home/jeszyman/repos/atac-seq --bind /home/jeszyman:/home/jeszyman --bind /mnt:/mnt /home/jeszyman/sing_containers/atac.sif bash -c 'set -euo pipefail;  
        fastqc --outdir test/qc         --quiet         --threads 4 test/fastq/atac3_R2.fastq.gz &> test/logs/fastqc_raw_atac3_R2.log'
Activating singularity image /home/jeszyman/sing_containers/atac.sif
[Fri May  6 08:23:35 2022]
Finished job 6.
6 of 33 steps (18%) done
Resources before job selection: {'_cores': 1, '_nodes': 9223372036854775804}
Ready jobs (4):
	fastqc
	read_trim
	fastqc
	align_bt2
Select jobs to execute...
Selected jobs (1):
	align_bt2
Resources after job selection: {'_cores': 0, '_nodes': 9223372036854775803}

[Fri May  6 08:23:35 2022]
rule align_bt2:
    input: test/fastq/atac2_flex_1.fastq.gz, test/fastq/atac2_flex_2.fastq.gz
    output: test/bam/atac2.bam
    jobid: 5
    wildcards: library_id=atac2
    resources: tmpdir=/tmp


        workflow/scripts/align_bt2.sh test/fastq/atac2_flex_1.fastq.gz test/fastq/atac2_flex_2.fastq.gz test/ref/ucsc_mm10_chr9/ucsc_mm10_chr9 4 test/bam/atac2.bam
        
 singularity  exec --home /home/jeszyman/repos/atac-seq --bind /home/jeszyman:/home/jeszyman --bind /mnt:/mnt /home/jeszyman/sing_containers/atac.sif bash -c 'set -euo pipefail;  
        workflow/scripts/align_bt2.sh test/fastq/atac2_flex_1.fastq.gz test/fastq/atac2_flex_2.fastq.gz test/ref/ucsc_mm10_chr9/ucsc_mm10_chr9 4 test/bam/atac2.bam'
Activating singularity image /home/jeszyman/sing_containers/atac.sif
[Fri May  6 08:23:41 2022]
Finished job 30.
7 of 33 steps (21%) done
Resources before job selection: {'_cores': 1, '_nodes': 9223372036854775804}
Ready jobs (3):
	fastqc
	read_trim
	fastqc
Select jobs to execute...
Selected jobs (1):
	fastqc
Resources after job selection: {'_cores': 0, '_nodes': 9223372036854775803}

[Fri May  6 08:23:41 2022]
rule fastqc:
    input: test/fastq/atac2_R2.fastq.gz
    output: test/qc/atac2_R2_fastqc.html
    log: test/logs/fastqc_raw_atac2_R2.log
    jobid: 28
    wildcards: library_id=atac2, read=R2
    resources: tmpdir=/tmp


        fastqc --outdir test/qc         --quiet         --threads 4 test/fastq/atac2_R2.fastq.gz &> test/logs/fastqc_raw_atac2_R2.log
        
 singularity  exec --home /home/jeszyman/repos/atac-seq --bind /home/jeszyman:/home/jeszyman --bind /mnt:/mnt /home/jeszyman/sing_containers/atac.sif bash -c 'set -euo pipefail;  
        fastqc --outdir test/qc         --quiet         --threads 4 test/fastq/atac2_R2.fastq.gz &> test/logs/fastqc_raw_atac2_R2.log'
Activating singularity image /home/jeszyman/sing_containers/atac.sif
[Fri May  6 08:23:43 2022]
Finished job 9.
8 of 33 steps (24%) done
Resources before job selection: {'_cores': 1, '_nodes': 9223372036854775804}
Ready jobs (3):
	align_bt2
	fastqc
	read_trim
Select jobs to execute...
Selected jobs (1):
	read_trim
Resources after job selection: {'_cores': 0, '_nodes': 9223372036854775803}

[Fri May  6 08:23:43 2022]
rule read_trim:
    input: test/fastq/atac1_R1.fastq.gz, test/fastq/atac1_R2.fastq.gz
    output: test/fastq/atac1_flex_1.fastq.gz, test/fastq/atac1_flex_2.fastq.gz
    jobid: 3
    wildcards: library_id=atac1
    resources: tmpdir=/tmp, mem_mb=5000


        workflow/scripts/read_trim.sh test/fastq/atac1_R1.fastq.gz test/fastq/atac1_R2.fastq.gz test/fastq 4
        
 singularity  exec --home /home/jeszyman/repos/atac-seq --bind /home/jeszyman:/home/jeszyman --bind /mnt:/mnt /home/jeszyman/sing_containers/atac.sif bash -c 'set -euo pipefail;  
        workflow/scripts/read_trim.sh test/fastq/atac1_R1.fastq.gz test/fastq/atac1_R2.fastq.gz test/fastq 4'
Activating singularity image /home/jeszyman/sing_containers/atac.sif
[Fri May  6 08:23:43 2022]
Finished job 12.
9 of 33 steps (27%) done
Resources before job selection: {'_cores': 1, '_nodes': 9223372036854775804}
Ready jobs (3):
	align_bt2
	fastqc
	align_bt2
Select jobs to execute...
Selected jobs (1):
	align_bt2
Resources after job selection: {'_cores': 0, '_nodes': 9223372036854775803}

[Fri May  6 08:23:43 2022]
rule align_bt2:
    input: test/fastq/atac4_flex_1.fastq.gz, test/fastq/atac4_flex_2.fastq.gz
    output: test/bam/atac4.bam
    jobid: 11
    wildcards: library_id=atac4
    resources: tmpdir=/tmp


        workflow/scripts/align_bt2.sh test/fastq/atac4_flex_1.fastq.gz test/fastq/atac4_flex_2.fastq.gz test/ref/ucsc_mm10_chr9/ucsc_mm10_chr9 4 test/bam/atac4.bam
        
 singularity  exec --home /home/jeszyman/repos/atac-seq --bind /home/jeszyman:/home/jeszyman --bind /mnt:/mnt /home/jeszyman/sing_containers/atac.sif bash -c 'set -euo pipefail;  
        workflow/scripts/align_bt2.sh test/fastq/atac4_flex_1.fastq.gz test/fastq/atac4_flex_2.fastq.gz test/ref/ucsc_mm10_chr9/ucsc_mm10_chr9 4 test/bam/atac4.bam'
Activating singularity image /home/jeszyman/sing_containers/atac.sif
[Fri May  6 08:23:48 2022]
Finished job 28.
10 of 33 steps (30%) done
Resources before job selection: {'_cores': 1, '_nodes': 9223372036854775804}
Ready jobs (2):
	align_bt2
	fastqc
Select jobs to execute...
Selected jobs (1):
	align_bt2
Resources after job selection: {'_cores': 0, '_nodes': 9223372036854775803}

[Fri May  6 08:23:48 2022]
rule align_bt2:
    input: test/fastq/atac3_flex_1.fastq.gz, test/fastq/atac3_flex_2.fastq.gz
    output: test/bam/atac3.bam
    jobid: 8
    wildcards: library_id=atac3
    resources: tmpdir=/tmp


        workflow/scripts/align_bt2.sh test/fastq/atac3_flex_1.fastq.gz test/fastq/atac3_flex_2.fastq.gz test/ref/ucsc_mm10_chr9/ucsc_mm10_chr9 4 test/bam/atac3.bam
        
 singularity  exec --home /home/jeszyman/repos/atac-seq --bind /home/jeszyman:/home/jeszyman --bind /mnt:/mnt /home/jeszyman/sing_containers/atac.sif bash -c 'set -euo pipefail;  
        workflow/scripts/align_bt2.sh test/fastq/atac3_flex_1.fastq.gz test/fastq/atac3_flex_2.fastq.gz test/ref/ucsc_mm10_chr9/ucsc_mm10_chr9 4 test/bam/atac3.bam'
Activating singularity image /home/jeszyman/sing_containers/atac.sif
[Fri May  6 08:24:13 2022]
Finished job 3.
11 of 33 steps (33%) done
Resources before job selection: {'_cores': 1, '_nodes': 9223372036854775804}
Ready jobs (2):
	fastqc
	align_bt2
Select jobs to execute...
Selected jobs (1):
	fastqc
Resources after job selection: {'_cores': 0, '_nodes': 9223372036854775803}

[Fri May  6 08:24:13 2022]
rule fastqc:
    input: test/fastq/atac1_R2.fastq.gz
    output: test/qc/atac1_R2_fastqc.html
    log: test/logs/fastqc_raw_atac1_R2.log
    jobid: 26
    wildcards: library_id=atac1, read=R2
    resources: tmpdir=/tmp


        fastqc --outdir test/qc         --quiet         --threads 4 test/fastq/atac1_R2.fastq.gz &> test/logs/fastqc_raw_atac1_R2.log
        
 singularity  exec --home /home/jeszyman/repos/atac-seq --bind /home/jeszyman:/home/jeszyman --bind /mnt:/mnt /home/jeszyman/sing_containers/atac.sif bash -c 'set -euo pipefail;  
        fastqc --outdir test/qc         --quiet         --threads 4 test/fastq/atac1_R2.fastq.gz &> test/logs/fastqc_raw_atac1_R2.log'
Activating singularity image /home/jeszyman/sing_containers/atac.sif
[Fri May  6 08:24:21 2022]
Finished job 26.
12 of 33 steps (36%) done
Resources before job selection: {'_cores': 1, '_nodes': 9223372036854775804}
Ready jobs (1):
	align_bt2
Select jobs to execute...
Using greedy selector because only single job has to be scheduled.
Selected jobs (1):
	align_bt2
Resources after job selection: {'_cores': 0, '_nodes': 9223372036854775803}

[Fri May  6 08:24:21 2022]
rule align_bt2:
    input: test/fastq/atac1_flex_1.fastq.gz, test/fastq/atac1_flex_2.fastq.gz
    output: test/bam/atac1.bam
    jobid: 2
    wildcards: library_id=atac1
    resources: tmpdir=/tmp


        workflow/scripts/align_bt2.sh test/fastq/atac1_flex_1.fastq.gz test/fastq/atac1_flex_2.fastq.gz test/ref/ucsc_mm10_chr9/ucsc_mm10_chr9 4 test/bam/atac1.bam
        
 singularity  exec --home /home/jeszyman/repos/atac-seq --bind /home/jeszyman:/home/jeszyman --bind /mnt:/mnt /home/jeszyman/sing_containers/atac.sif bash -c 'set -euo pipefail;  
        workflow/scripts/align_bt2.sh test/fastq/atac1_flex_1.fastq.gz test/fastq/atac1_flex_2.fastq.gz test/ref/ucsc_mm10_chr9/ucsc_mm10_chr9 4 test/bam/atac1.bam'
Activating singularity image /home/jeszyman/sing_containers/atac.sif
[Fri May  6 08:24:24 2022]
Finished job 5.
13 of 33 steps (39%) done
Resources before job selection: {'_cores': 1, '_nodes': 9223372036854775804}
Ready jobs (1):
	filter_and_dedup
Select jobs to execute...
Using greedy selector because only single job has to be scheduled.
Selected jobs (1):
	filter_and_dedup
Resources after job selection: {'_cores': 0, '_nodes': 9223372036854775803}

[Fri May  6 08:24:24 2022]
rule filter_and_dedup:
    input: test/bam/atac2.bam
    output: test/bam/atac2_dedup.bam, test/bam/atac2_qfilt.bam, test/bam/atac2_regfilt.bam, test/bam/atac2_regfilt.bam.bai
    jobid: 4
    wildcards: library_id=atac2
    resources: tmpdir=/tmp, mem_mb=5000


        workflow/scripts/filter_and_dedup.sh test/bam/atac2.bam 	                                     resources/keep.bed 	                                     4 	                                     test/bam/atac2_dedup.bam 	                                     test/bam/atac2_qfilt.bam 	                                     test/bam/atac2_regfilt.bam 
        
 singularity  exec --home /home/jeszyman/repos/atac-seq --bind /home/jeszyman:/home/jeszyman --bind /mnt:/mnt /home/jeszyman/sing_containers/atac.sif bash -c 'set -euo pipefail;  
        workflow/scripts/filter_and_dedup.sh test/bam/atac2.bam 	                                     resources/keep.bed 	                                     4 	                                     test/bam/atac2_dedup.bam 	                                     test/bam/atac2_qfilt.bam 	                                     test/bam/atac2_regfilt.bam'
Activating singularity image /home/jeszyman/sing_containers/atac.sif
Removing temporary output file test/bam/atac2_qfilt.bam.
[Fri May  6 08:24:42 2022]
Finished job 4.
14 of 33 steps (42%) done
Resources before job selection: {'_cores': 1, '_nodes': 9223372036854775804}
Ready jobs (2):
	tn5_shift
	get_open_chrom
Select jobs to execute...
Selected jobs (1):
	tn5_shift
Resources after job selection: {'_cores': 0, '_nodes': 9223372036854775803}

[Fri May  6 08:24:42 2022]
rule tn5_shift:
    input: test/bam/atac2_regfilt.bam
    output: test/bam/atac2_regfilt_tmp.bam, test/bam/atac2_regfilt_tn5.bam
    log: test/logs/tn5_shift_and_open_atac2_regfilt.log
    jobid: 18
    wildcards: library_id=atac2
    resources: tmpdir=/tmp


        workflow/scripts/tn5_shift.sh test/bam/atac2_regfilt.bam 	                              4 	                              test/bam/atac2_regfilt_tmp.bam                                       test/bam/atac2_regfilt_tn5.bam > test/logs/tn5_shift_and_open_atac2_regfilt.log 2>&1
        
 singularity  exec --home /home/jeszyman/repos/atac-seq --bind /home/jeszyman:/home/jeszyman --bind /mnt:/mnt /home/jeszyman/sing_containers/atac.sif bash -c 'set -euo pipefail;  
        workflow/scripts/tn5_shift.sh test/bam/atac2_regfilt.bam 	                              4 	                              test/bam/atac2_regfilt_tmp.bam                                       test/bam/atac2_regfilt_tn5.bam > test/logs/tn5_shift_and_open_atac2_regfilt.log 2>&1'
Activating singularity image /home/jeszyman/sing_containers/atac.sif
[Fri May  6 08:24:44 2022]
Finished job 8.
15 of 33 steps (45%) done
Resources before job selection: {'_cores': 1, '_nodes': 9223372036854775804}
Ready jobs (2):
	get_open_chrom
	filter_and_dedup
Select jobs to execute...
Selected jobs (1):
	get_open_chrom
Resources after job selection: {'_cores': 0, '_nodes': 9223372036854775803}

[Fri May  6 08:24:44 2022]
rule get_open_chrom:
    input: test/bam/atac2_regfilt.bam
    output: test/bam/atac2_unsort_open.bam, test/bam/atac2_open.bam
    jobid: 14
    wildcards: library_id=atac2
    resources: tmpdir=/tmp


        workflow/scripts/get_open_chrom.sh test/bam/atac2_regfilt.bam                                            4                                            test/bam/atac2_unsort_open.bam                                            test/bam/atac2_open.bam
        
 singularity  exec --home /home/jeszyman/repos/atac-seq --bind /home/jeszyman:/home/jeszyman --bind /mnt:/mnt /home/jeszyman/sing_containers/atac.sif bash -c 'set -euo pipefail;  
        workflow/scripts/get_open_chrom.sh test/bam/atac2_regfilt.bam                                            4                                            test/bam/atac2_unsort_open.bam                                            test/bam/atac2_open.bam'
Activating singularity image /home/jeszyman/sing_containers/atac.sif
[Fri May  6 08:24:44 2022]
Finished job 11.
16 of 33 steps (48%) done
Resources before job selection: {'_cores': 1, '_nodes': 9223372036854775804}
Ready jobs (2):
	filter_and_dedup
	filter_and_dedup
Select jobs to execute...
Selected jobs (1):
	filter_and_dedup
Resources after job selection: {'_cores': 0, '_nodes': 9223372036854775803}

[Fri May  6 08:24:44 2022]
rule filter_and_dedup:
    input: test/bam/atac4.bam
    output: test/bam/atac4_dedup.bam, test/bam/atac4_qfilt.bam, test/bam/atac4_regfilt.bam, test/bam/atac4_regfilt.bam.bai
    jobid: 10
    wildcards: library_id=atac4
    resources: tmpdir=/tmp, mem_mb=5000


        workflow/scripts/filter_and_dedup.sh test/bam/atac4.bam 	                                     resources/keep.bed 	                                     4 	                                     test/bam/atac4_dedup.bam 	                                     test/bam/atac4_qfilt.bam 	                                     test/bam/atac4_regfilt.bam 
        
 singularity  exec --home /home/jeszyman/repos/atac-seq --bind /home/jeszyman:/home/jeszyman --bind /mnt:/mnt /home/jeszyman/sing_containers/atac.sif bash -c 'set -euo pipefail;  
        workflow/scripts/filter_and_dedup.sh test/bam/atac4.bam 	                                     resources/keep.bed 	                                     4 	                                     test/bam/atac4_dedup.bam 	                                     test/bam/atac4_qfilt.bam 	                                     test/bam/atac4_regfilt.bam'
Activating singularity image /home/jeszyman/sing_containers/atac.sif
Removing temporary output file test/bam/atac2_unsort_open.bam.
[Fri May  6 08:24:49 2022]
Finished job 14.
17 of 33 steps (52%) done
Resources before job selection: {'_cores': 1, '_nodes': 9223372036854775804}
Ready jobs (2):
	tn5_shift_open
	filter_and_dedup
Select jobs to execute...
Selected jobs (1):
	tn5_shift_open
Resources after job selection: {'_cores': 0, '_nodes': 9223372036854775803}

[Fri May  6 08:24:49 2022]
rule tn5_shift_open:
    input: test/bam/atac2_open.bam
    output: test/bam/atac2_open_tmp.bam, test/bam/atac2_open_tn5.bam
    log: test/logs/tn5_shift_and_open_atac2_open.log
    jobid: 22
    wildcards: library_id=atac2
    resources: tmpdir=/tmp


        workflow/scripts/tn5_shift.sh test/bam/atac2_open.bam 	                              4 	                              test/bam/atac2_open_tmp.bam                                       test/bam/atac2_open_tn5.bam > test/logs/tn5_shift_and_open_atac2_open.log 2>&1
        
 singularity  exec --home /home/jeszyman/repos/atac-seq --bind /home/jeszyman:/home/jeszyman --bind /mnt:/mnt /home/jeszyman/sing_containers/atac.sif bash -c 'set -euo pipefail;  
        workflow/scripts/tn5_shift.sh test/bam/atac2_open.bam 	                              4 	                              test/bam/atac2_open_tmp.bam                                       test/bam/atac2_open_tn5.bam > test/logs/tn5_shift_and_open_atac2_open.log 2>&1'
Activating singularity image /home/jeszyman/sing_containers/atac.sif
Removing temporary output file test/bam/atac2_regfilt_tmp.bam.
[Fri May  6 08:24:51 2022]
Finished job 18.
18 of 33 steps (55%) done
Resources before job selection: {'_cores': 1, '_nodes': 9223372036854775804}
Ready jobs (1):
	filter_and_dedup
Select jobs to execute...
Using greedy selector because only single job has to be scheduled.
Selected jobs (1):
	filter_and_dedup
Resources after job selection: {'_cores': 0, '_nodes': 9223372036854775803}

[Fri May  6 08:24:51 2022]
rule filter_and_dedup:
    input: test/bam/atac3.bam
    output: test/bam/atac3_dedup.bam, test/bam/atac3_qfilt.bam, test/bam/atac3_regfilt.bam, test/bam/atac3_regfilt.bam.bai
    jobid: 7
    wildcards: library_id=atac3
    resources: tmpdir=/tmp, mem_mb=5000


        workflow/scripts/filter_and_dedup.sh test/bam/atac3.bam 	                                     resources/keep.bed 	                                     4 	                                     test/bam/atac3_dedup.bam 	                                     test/bam/atac3_qfilt.bam 	                                     test/bam/atac3_regfilt.bam 
        
 singularity  exec --home /home/jeszyman/repos/atac-seq --bind /home/jeszyman:/home/jeszyman --bind /mnt:/mnt /home/jeszyman/sing_containers/atac.sif bash -c 'set -euo pipefail;  
        workflow/scripts/filter_and_dedup.sh test/bam/atac3.bam 	                                     resources/keep.bed 	                                     4 	                                     test/bam/atac3_dedup.bam 	                                     test/bam/atac3_qfilt.bam 	                                     test/bam/atac3_regfilt.bam'
Activating singularity image /home/jeszyman/sing_containers/atac.sif
Removing temporary output file test/bam/atac4_qfilt.bam.
[Fri May  6 08:24:54 2022]
Finished job 10.
19 of 33 steps (58%) done
Resources before job selection: {'_cores': 1, '_nodes': 9223372036854775804}
Ready jobs (2):
	tn5_shift
	get_open_chrom
Select jobs to execute...
Selected jobs (1):
	tn5_shift
Resources after job selection: {'_cores': 0, '_nodes': 9223372036854775803}

[Fri May  6 08:24:54 2022]
rule tn5_shift:
    input: test/bam/atac4_regfilt.bam
    output: test/bam/atac4_regfilt_tmp.bam, test/bam/atac4_regfilt_tn5.bam
    log: test/logs/tn5_shift_and_open_atac4_regfilt.log
    jobid: 20
    wildcards: library_id=atac4
    resources: tmpdir=/tmp


        workflow/scripts/tn5_shift.sh test/bam/atac4_regfilt.bam 	                              4 	                              test/bam/atac4_regfilt_tmp.bam                                       test/bam/atac4_regfilt_tn5.bam > test/logs/tn5_shift_and_open_atac4_regfilt.log 2>&1
        
 singularity  exec --home /home/jeszyman/repos/atac-seq --bind /home/jeszyman:/home/jeszyman --bind /mnt:/mnt /home/jeszyman/sing_containers/atac.sif bash -c 'set -euo pipefail;  
        workflow/scripts/tn5_shift.sh test/bam/atac4_regfilt.bam 	                              4 	                              test/bam/atac4_regfilt_tmp.bam                                       test/bam/atac4_regfilt_tn5.bam > test/logs/tn5_shift_and_open_atac4_regfilt.log 2>&1'
Activating singularity image /home/jeszyman/sing_containers/atac.sif
Removing temporary output file test/bam/atac2_open_tmp.bam.
[Fri May  6 08:24:57 2022]
Finished job 22.
20 of 33 steps (61%) done
Resources before job selection: {'_cores': 1, '_nodes': 9223372036854775804}
Ready jobs (1):
	get_open_chrom
Select jobs to execute...
Using greedy selector because only single job has to be scheduled.
Selected jobs (1):
	get_open_chrom
Resources after job selection: {'_cores': 0, '_nodes': 9223372036854775803}

[Fri May  6 08:24:57 2022]
rule get_open_chrom:
    input: test/bam/atac4_regfilt.bam
    output: test/bam/atac4_unsort_open.bam, test/bam/atac4_open.bam
    jobid: 16
    wildcards: library_id=atac4
    resources: tmpdir=/tmp


        workflow/scripts/get_open_chrom.sh test/bam/atac4_regfilt.bam                                            4                                            test/bam/atac4_unsort_open.bam                                            test/bam/atac4_open.bam
        
 singularity  exec --home /home/jeszyman/repos/atac-seq --bind /home/jeszyman:/home/jeszyman --bind /mnt:/mnt /home/jeszyman/sing_containers/atac.sif bash -c 'set -euo pipefail;  
        workflow/scripts/get_open_chrom.sh test/bam/atac4_regfilt.bam                                            4                                            test/bam/atac4_unsort_open.bam                                            test/bam/atac4_open.bam'
Activating singularity image /home/jeszyman/sing_containers/atac.sif
Removing temporary output file test/bam/atac3_qfilt.bam.
[Fri May  6 08:25:01 2022]
Finished job 7.
21 of 33 steps (64%) done
Resources before job selection: {'_cores': 1, '_nodes': 9223372036854775804}
Ready jobs (2):
	tn5_shift
	get_open_chrom
Select jobs to execute...
Selected jobs (1):
	tn5_shift
Resources after job selection: {'_cores': 0, '_nodes': 9223372036854775803}

[Fri May  6 08:25:01 2022]
rule tn5_shift:
    input: test/bam/atac3_regfilt.bam
    output: test/bam/atac3_regfilt_tmp.bam, test/bam/atac3_regfilt_tn5.bam
    log: test/logs/tn5_shift_and_open_atac3_regfilt.log
    jobid: 19
    wildcards: library_id=atac3
    resources: tmpdir=/tmp


        workflow/scripts/tn5_shift.sh test/bam/atac3_regfilt.bam 	                              4 	                              test/bam/atac3_regfilt_tmp.bam                                       test/bam/atac3_regfilt_tn5.bam > test/logs/tn5_shift_and_open_atac3_regfilt.log 2>&1
        
 singularity  exec --home /home/jeszyman/repos/atac-seq --bind /home/jeszyman:/home/jeszyman --bind /mnt:/mnt /home/jeszyman/sing_containers/atac.sif bash -c 'set -euo pipefail;  
        workflow/scripts/tn5_shift.sh test/bam/atac3_regfilt.bam 	                              4 	                              test/bam/atac3_regfilt_tmp.bam                                       test/bam/atac3_regfilt_tn5.bam > test/logs/tn5_shift_and_open_atac3_regfilt.log 2>&1'
Activating singularity image /home/jeszyman/sing_containers/atac.sif
Removing temporary output file test/bam/atac4_unsort_open.bam.
[Fri May  6 08:25:01 2022]
Finished job 16.
22 of 33 steps (67%) done
Resources before job selection: {'_cores': 1, '_nodes': 9223372036854775804}
Ready jobs (2):
	tn5_shift_open
	get_open_chrom
Select jobs to execute...
Selected jobs (1):
	tn5_shift_open
Resources after job selection: {'_cores': 0, '_nodes': 9223372036854775803}

[Fri May  6 08:25:01 2022]
rule tn5_shift_open:
    input: test/bam/atac4_open.bam
    output: test/bam/atac4_open_tmp.bam, test/bam/atac4_open_tn5.bam
    log: test/logs/tn5_shift_and_open_atac4_open.log
    jobid: 24
    wildcards: library_id=atac4
    resources: tmpdir=/tmp


        workflow/scripts/tn5_shift.sh test/bam/atac4_open.bam 	                              4 	                              test/bam/atac4_open_tmp.bam                                       test/bam/atac4_open_tn5.bam > test/logs/tn5_shift_and_open_atac4_open.log 2>&1
        
 singularity  exec --home /home/jeszyman/repos/atac-seq --bind /home/jeszyman:/home/jeszyman --bind /mnt:/mnt /home/jeszyman/sing_containers/atac.sif bash -c 'set -euo pipefail;  
        workflow/scripts/tn5_shift.sh test/bam/atac4_open.bam 	                              4 	                              test/bam/atac4_open_tmp.bam                                       test/bam/atac4_open_tn5.bam > test/logs/tn5_shift_and_open_atac4_open.log 2>&1'
Activating singularity image /home/jeszyman/sing_containers/atac.sif
[Fri May  6 08:25:02 2022]
Finished job 2.
23 of 33 steps (70%) done
Resources before job selection: {'_cores': 1, '_nodes': 9223372036854775804}
Ready jobs (2):
	filter_and_dedup
	get_open_chrom
Select jobs to execute...
Selected jobs (1):
	filter_and_dedup
Resources after job selection: {'_cores': 0, '_nodes': 9223372036854775803}

[Fri May  6 08:25:02 2022]
rule filter_and_dedup:
    input: test/bam/atac1.bam
    output: test/bam/atac1_dedup.bam, test/bam/atac1_qfilt.bam, test/bam/atac1_regfilt.bam, test/bam/atac1_regfilt.bam.bai
    jobid: 1
    wildcards: library_id=atac1
    resources: tmpdir=/tmp, mem_mb=5000


        workflow/scripts/filter_and_dedup.sh test/bam/atac1.bam 	                                     resources/keep.bed 	                                     4 	                                     test/bam/atac1_dedup.bam 	                                     test/bam/atac1_qfilt.bam 	                                     test/bam/atac1_regfilt.bam 
        
 singularity  exec --home /home/jeszyman/repos/atac-seq --bind /home/jeszyman:/home/jeszyman --bind /mnt:/mnt /home/jeszyman/sing_containers/atac.sif bash -c 'set -euo pipefail;  
        workflow/scripts/filter_and_dedup.sh test/bam/atac1.bam 	                                     resources/keep.bed 	                                     4 	                                     test/bam/atac1_dedup.bam 	                                     test/bam/atac1_qfilt.bam 	                                     test/bam/atac1_regfilt.bam'
Activating singularity image /home/jeszyman/sing_containers/atac.sif
Removing temporary output file test/bam/atac4_regfilt_tmp.bam.
[Fri May  6 08:25:02 2022]
Finished job 20.
24 of 33 steps (73%) done
Resources before job selection: {'_cores': 1, '_nodes': 9223372036854775804}
Ready jobs (1):
	get_open_chrom
Select jobs to execute...
Using greedy selector because only single job has to be scheduled.
Selected jobs (1):
	get_open_chrom
Resources after job selection: {'_cores': 0, '_nodes': 9223372036854775803}

[Fri May  6 08:25:02 2022]
rule get_open_chrom:
    input: test/bam/atac3_regfilt.bam
    output: test/bam/atac3_unsort_open.bam, test/bam/atac3_open.bam
    jobid: 15
    wildcards: library_id=atac3
    resources: tmpdir=/tmp


        workflow/scripts/get_open_chrom.sh test/bam/atac3_regfilt.bam                                            4                                            test/bam/atac3_unsort_open.bam                                            test/bam/atac3_open.bam
        
 singularity  exec --home /home/jeszyman/repos/atac-seq --bind /home/jeszyman:/home/jeszyman --bind /mnt:/mnt /home/jeszyman/sing_containers/atac.sif bash -c 'set -euo pipefail;  
        workflow/scripts/get_open_chrom.sh test/bam/atac3_regfilt.bam                                            4                                            test/bam/atac3_unsort_open.bam                                            test/bam/atac3_open.bam'
Activating singularity image /home/jeszyman/sing_containers/atac.sif
Removing temporary output file test/bam/atac3_unsort_open.bam.
[Fri May  6 08:25:06 2022]
Finished job 15.
25 of 33 steps (76%) done
Resources before job selection: {'_cores': 1, '_nodes': 9223372036854775804}
Ready jobs (1):
	tn5_shift_open
Select jobs to execute...
Using greedy selector because only single job has to be scheduled.
Selected jobs (1):
	tn5_shift_open
Resources after job selection: {'_cores': 0, '_nodes': 9223372036854775803}

[Fri May  6 08:25:06 2022]
rule tn5_shift_open:
    input: test/bam/atac3_open.bam
    output: test/bam/atac3_open_tmp.bam, test/bam/atac3_open_tn5.bam
    log: test/logs/tn5_shift_and_open_atac3_open.log
    jobid: 23
    wildcards: library_id=atac3
    resources: tmpdir=/tmp


        workflow/scripts/tn5_shift.sh test/bam/atac3_open.bam 	                              4 	                              test/bam/atac3_open_tmp.bam                                       test/bam/atac3_open_tn5.bam > test/logs/tn5_shift_and_open_atac3_open.log 2>&1
        
 singularity  exec --home /home/jeszyman/repos/atac-seq --bind /home/jeszyman:/home/jeszyman --bind /mnt:/mnt /home/jeszyman/sing_containers/atac.sif bash -c 'set -euo pipefail;  
        workflow/scripts/tn5_shift.sh test/bam/atac3_open.bam 	                              4 	                              test/bam/atac3_open_tmp.bam                                       test/bam/atac3_open_tn5.bam > test/logs/tn5_shift_and_open_atac3_open.log 2>&1'
Activating singularity image /home/jeszyman/sing_containers/atac.sif
Removing temporary output file test/bam/atac3_regfilt_tmp.bam.
[Fri May  6 08:25:07 2022]
Finished job 19.
26 of 33 steps (79%) done
Removing temporary output file test/bam/atac4_open_tmp.bam.
[Fri May  6 08:25:07 2022]
Finished job 24.
27 of 33 steps (82%) done
Removing temporary output file test/bam/atac1_qfilt.bam.
[Fri May  6 08:25:09 2022]
Finished job 1.
28 of 33 steps (85%) done
Resources before job selection: {'_cores': 3, '_nodes': 9223372036854775806}
Ready jobs (2):
	get_open_chrom
	tn5_shift
Select jobs to execute...
Selected jobs (2):
	tn5_shift
	get_open_chrom
Resources after job selection: {'_cores': 1, '_nodes': 9223372036854775804}

[Fri May  6 08:25:09 2022]
rule tn5_shift:
    input: test/bam/atac1_regfilt.bam
    output: test/bam/atac1_regfilt_tmp.bam, test/bam/atac1_regfilt_tn5.bam
    log: test/logs/tn5_shift_and_open_atac1_regfilt.log
    jobid: 17
    wildcards: library_id=atac1
    resources: tmpdir=/tmp


        workflow/scripts/tn5_shift.sh test/bam/atac1_regfilt.bam 	                              4 	                              test/bam/atac1_regfilt_tmp.bam                                       test/bam/atac1_regfilt_tn5.bam > test/logs/tn5_shift_and_open_atac1_regfilt.log 2>&1
        

 singularity  exec --home /home/jeszyman/repos/atac-seq --bind /home/jeszyman:/home/jeszyman --bind /mnt:/mnt /home/jeszyman/sing_containers/atac.sif bash -c 'set -euo pipefail;  
        workflow/scripts/tn5_shift.sh test/bam/atac1_regfilt.bam 	                              4 	                              test/bam/atac1_regfilt_tmp.bam                                       test/bam/atac1_regfilt_tn5.bam > test/logs/tn5_shift_and_open_atac1_regfilt.log 2>&1'
[Fri May  6 08:25:09 2022]
Activating singularity image /home/jeszyman/sing_containers/atac.sif
rule get_open_chrom:
    input: test/bam/atac1_regfilt.bam
    output: test/bam/atac1_unsort_open.bam, test/bam/atac1_open.bam
    jobid: 13
    wildcards: library_id=atac1
    resources: tmpdir=/tmp


        workflow/scripts/get_open_chrom.sh test/bam/atac1_regfilt.bam                                            4                                            test/bam/atac1_unsort_open.bam                                            test/bam/atac1_open.bam
        
 singularity  exec --home /home/jeszyman/repos/atac-seq --bind /home/jeszyman:/home/jeszyman --bind /mnt:/mnt /home/jeszyman/sing_containers/atac.sif bash -c 'set -euo pipefail;  
        workflow/scripts/get_open_chrom.sh test/bam/atac1_regfilt.bam                                            4                                            test/bam/atac1_unsort_open.bam                                            test/bam/atac1_open.bam'
Activating singularity image /home/jeszyman/sing_containers/atac.sif
Removing temporary output file test/bam/atac3_open_tmp.bam.
[Fri May  6 08:25:12 2022]
Finished job 23.
29 of 33 steps (88%) done
Removing temporary output file test/bam/atac1_unsort_open.bam.
[Fri May  6 08:25:12 2022]
Finished job 13.
30 of 33 steps (91%) done
Resources before job selection: {'_cores': 3, '_nodes': 9223372036854775806}
Ready jobs (1):
	tn5_shift_open
Select jobs to execute...
Using greedy selector because only single job has to be scheduled.
Selected jobs (1):
	tn5_shift_open
Resources after job selection: {'_cores': 2, '_nodes': 9223372036854775805}

[Fri May  6 08:25:12 2022]
rule tn5_shift_open:
    input: test/bam/atac1_open.bam
    output: test/bam/atac1_open_tmp.bam, test/bam/atac1_open_tn5.bam
    log: test/logs/tn5_shift_and_open_atac1_open.log
    jobid: 21
    wildcards: library_id=atac1
    resources: tmpdir=/tmp


        workflow/scripts/tn5_shift.sh test/bam/atac1_open.bam 	                              4 	                              test/bam/atac1_open_tmp.bam                                       test/bam/atac1_open_tn5.bam > test/logs/tn5_shift_and_open_atac1_open.log 2>&1
        
 singularity  exec --home /home/jeszyman/repos/atac-seq --bind /home/jeszyman:/home/jeszyman --bind /mnt:/mnt /home/jeszyman/sing_containers/atac.sif bash -c 'set -euo pipefail;  
        workflow/scripts/tn5_shift.sh test/bam/atac1_open.bam 	                              4 	                              test/bam/atac1_open_tmp.bam                                       test/bam/atac1_open_tn5.bam > test/logs/tn5_shift_and_open_atac1_open.log 2>&1'
Activating singularity image /home/jeszyman/sing_containers/atac.sif
Removing temporary output file test/bam/atac1_regfilt_tmp.bam.
[Fri May  6 08:25:14 2022]
Finished job 17.
31 of 33 steps (94%) done
Removing temporary output file test/bam/atac1_open_tmp.bam.
[Fri May  6 08:25:16 2022]
Finished job 21.
32 of 33 steps (97%) done
Resources before job selection: {'_cores': 4, '_nodes': 9223372036854775807}
Ready jobs (1):
	all
Select jobs to execute...
Using greedy selector because only single job has to be scheduled.
Selected jobs (1):
	all
Resources after job selection: {'_cores': 3, '_nodes': 9223372036854775806}

[Fri May  6 08:25:16 2022]
localrule all:
    input: test/bam/atac1_dedup.bam, test/bam/atac2_dedup.bam, test/bam/atac3_dedup.bam, test/bam/atac4_dedup.bam, test/bam/atac1_regfilt.bam, test/bam/atac2_regfilt.bam, test/bam/atac3_regfilt.bam, test/bam/atac4_regfilt.bam, test/bam/atac1_regfilt.bam.bai, test/bam/atac2_regfilt.bam.bai, test/bam/atac3_regfilt.bam.bai, test/bam/atac4_regfilt.bam.bai, test/bam/atac1_open.bam, test/bam/atac2_open.bam, test/bam/atac3_open.bam, test/bam/atac4_open.bam, test/bam/atac1_regfilt_tn5.bam, test/bam/atac2_regfilt_tn5.bam, test/bam/atac3_regfilt_tn5.bam, test/bam/atac4_regfilt_tn5.bam, test/bam/atac1_open_tn5.bam, test/bam/atac2_open_tn5.bam, test/bam/atac3_open_tn5.bam, test/bam/atac4_open_tn5.bam, test/qc/atac1_R1_fastqc.html, test/qc/atac1_R2_fastqc.html, test/qc/atac2_R1_fastqc.html, test/qc/atac2_R2_fastqc.html, test/qc/atac3_R1_fastqc.html, test/qc/atac3_R2_fastqc.html, test/qc/atac4_R1_fastqc.html, test/qc/atac4_R2_fastqc.html
    jobid: 0
    resources: tmpdir=/tmp

[Fri May  6 08:25:16 2022]
Finished job 0.
33 of 33 steps (100%) done
Complete log: /home/jeszyman/repos/atac-seq/.snakemake/log/2022-05-06T082318.173917.snakemake.log
unlocking
removing lock
removing lock
removed all locks
