Building DAG of jobs...
Using shell: /bin/bash
Provided cores: 4
Rules claiming more threads will be scaled down.
Job stats:
job                  count    min threads    max threads
-----------------  -------  -------------  -------------
align_bt2                4              1              1
all                      1              1              1
call_macs2_broad         8              1              1
call_macs2_narrow        8              1              1
fastqc                   8              1              1
filter_and_dedup         4              1              1
get_open_chrom           4              1              1
make_peak_counts         2              1              1
open_genome              4              1              1
read_trim                4              1              1
samstats                 4              1              1
tn5_shift                4              1              1
tn5_shift_open           4              1              1
total                   59              1              1

Resources before job selection: {'_cores': 4, '_nodes': 9223372036854775807}
Ready jobs (12):
	read_trim
	read_trim
	fastqc
	fastqc
	fastqc
	fastqc
	fastqc
	read_trim
	fastqc
	fastqc
	read_trim
	fastqc
Select jobs to execute...
Selected jobs (4):
	read_trim
	read_trim
	read_trim
	fastqc
Resources after job selection: {'_cores': 0, '_nodes': 9223372036854775803}

[Sat May 21 09:24:39 2022]
rule read_trim:
    input: test/fastq/atac1_R1.fastq.gz, test/fastq/atac1_R2.fastq.gz
    output: test/fastq/atac1_flex_1.fastq.gz, test/fastq/atac1_flex_2.fastq.gz
    jobid: 1
    wildcards: library_id=atac1
    resources: tmpdir=/tmp, mem_mb=5000


        workflow/scripts/read_trim.sh test/fastq/atac1_R1.fastq.gz test/fastq/atac1_R2.fastq.gz test/fastq 4
        
 singularity  exec --home /home/jeszyman/repos/atac-seq --bind /home/jeszyman:/home/jeszyman --bind /mnt:/mnt /home/jeszyman/sing_containers/atac.sif bash -c 'set -euo pipefail;  
        workflow/scripts/read_trim.sh test/fastq/atac1_R1.fastq.gz test/fastq/atac1_R2.fastq.gz test/fastq 4'
Activating singularity image /home/jeszyman/sing_containers/atac.sif

[Sat May 21 09:24:39 2022]
rule read_trim:
    input: test/fastq/atac4_R1.fastq.gz, test/fastq/atac4_R2.fastq.gz
    output: test/fastq/atac4_flex_1.fastq.gz, test/fastq/atac4_flex_2.fastq.gz
    jobid: 4
    wildcards: library_id=atac4
    resources: tmpdir=/tmp, mem_mb=5000


        workflow/scripts/read_trim.sh test/fastq/atac4_R1.fastq.gz test/fastq/atac4_R2.fastq.gz test/fastq 4
        
 singularity  exec --home /home/jeszyman/repos/atac-seq --bind /home/jeszyman:/home/jeszyman --bind /mnt:/mnt /home/jeszyman/sing_containers/atac.sif bash -c 'set -euo pipefail;  
        workflow/scripts/read_trim.sh test/fastq/atac4_R1.fastq.gz test/fastq/atac4_R2.fastq.gz test/fastq 4'

Activating singularity image /home/jeszyman/sing_containers/atac.sif
[Sat May 21 09:24:39 2022]
rule read_trim:
    input: test/fastq/atac3_R1.fastq.gz, test/fastq/atac3_R2.fastq.gz
    output: test/fastq/atac3_flex_1.fastq.gz, test/fastq/atac3_flex_2.fastq.gz
    jobid: 3
    wildcards: library_id=atac3
    resources: tmpdir=/tmp, mem_mb=5000


        workflow/scripts/read_trim.sh test/fastq/atac3_R1.fastq.gz test/fastq/atac3_R2.fastq.gz test/fastq 4
        
 singularity  exec --home /home/jeszyman/repos/atac-seq --bind /home/jeszyman:/home/jeszyman --bind /mnt:/mnt /home/jeszyman/sing_containers/atac.sif bash -c 'set -euo pipefail;  
        workflow/scripts/read_trim.sh test/fastq/atac3_R1.fastq.gz test/fastq/atac3_R2.fastq.gz test/fastq 4'

Activating singularity image /home/jeszyman/sing_containers/atac.sif
[Sat May 21 09:24:39 2022]
rule fastqc:
    input: test/fastq/atac4_R1.fastq.gz
    output: test/qc/atac4_R1_fastqc.html
    log: test/logs/fastqc_raw_atac4_R1.log
    jobid: 31
    wildcards: library_id=atac4, read=R1
    resources: tmpdir=/tmp


        fastqc --outdir test/qc         --quiet         --threads 4 test/fastq/atac4_R1.fastq.gz &> test/logs/fastqc_raw_atac4_R1.log
        
 singularity  exec --home /home/jeszyman/repos/atac-seq --bind /home/jeszyman:/home/jeszyman --bind /mnt:/mnt /home/jeszyman/sing_containers/atac.sif bash -c 'set -euo pipefail;  
        fastqc --outdir test/qc         --quiet         --threads 4 test/fastq/atac4_R1.fastq.gz &> test/logs/fastqc_raw_atac4_R1.log'
Activating singularity image /home/jeszyman/sing_containers/atac.sif
[Sat May 21 09:24:53 2022]
Finished job 31.
1 of 59 steps (2%) done
Resources before job selection: {'_cores': 1, '_nodes': 9223372036854775804}
Ready jobs (8):
	fastqc
	fastqc
	fastqc
	fastqc
	fastqc
	read_trim
	fastqc
	fastqc
Select jobs to execute...
Selected jobs (1):
	fastqc
Resources after job selection: {'_cores': 0, '_nodes': 9223372036854775803}

[Sat May 21 09:24:53 2022]
rule fastqc:
    input: test/fastq/atac3_R1.fastq.gz
    output: test/qc/atac3_R1_fastqc.html
    log: test/logs/fastqc_raw_atac3_R1.log
    jobid: 29
    wildcards: library_id=atac3, read=R1
    resources: tmpdir=/tmp


        fastqc --outdir test/qc         --quiet         --threads 4 test/fastq/atac3_R1.fastq.gz &> test/logs/fastqc_raw_atac3_R1.log
        
 singularity  exec --home /home/jeszyman/repos/atac-seq --bind /home/jeszyman:/home/jeszyman --bind /mnt:/mnt /home/jeszyman/sing_containers/atac.sif bash -c 'set -euo pipefail;  
        fastqc --outdir test/qc         --quiet         --threads 4 test/fastq/atac3_R1.fastq.gz &> test/logs/fastqc_raw_atac3_R1.log'
Activating singularity image /home/jeszyman/sing_containers/atac.sif
[Sat May 21 09:25:06 2022]
Finished job 29.
2 of 59 steps (3%) done
Resources before job selection: {'_cores': 1, '_nodes': 9223372036854775804}
Ready jobs (7):
	fastqc
	fastqc
	fastqc
	fastqc
	fastqc
	read_trim
	fastqc
Select jobs to execute...
Selected jobs (1):
	fastqc
Resources after job selection: {'_cores': 0, '_nodes': 9223372036854775803}

[Sat May 21 09:25:06 2022]
rule fastqc:
    input: test/fastq/atac2_R1.fastq.gz
    output: test/qc/atac2_R1_fastqc.html
    log: test/logs/fastqc_raw_atac2_R1.log
    jobid: 27
    wildcards: library_id=atac2, read=R1
    resources: tmpdir=/tmp


        fastqc --outdir test/qc         --quiet         --threads 4 test/fastq/atac2_R1.fastq.gz &> test/logs/fastqc_raw_atac2_R1.log
        
 singularity  exec --home /home/jeszyman/repos/atac-seq --bind /home/jeszyman:/home/jeszyman --bind /mnt:/mnt /home/jeszyman/sing_containers/atac.sif bash -c 'set -euo pipefail;  
        fastqc --outdir test/qc         --quiet         --threads 4 test/fastq/atac2_R1.fastq.gz &> test/logs/fastqc_raw_atac2_R1.log'
Activating singularity image /home/jeszyman/sing_containers/atac.sif
[Sat May 21 09:25:09 2022]
Finished job 3.
3 of 59 steps (5%) done
Resources before job selection: {'_cores': 1, '_nodes': 9223372036854775804}
Ready jobs (7):
	fastqc
	fastqc
	fastqc
	fastqc
	fastqc
	read_trim
	align_bt2
Select jobs to execute...
Selected jobs (1):
	align_bt2
Resources after job selection: {'_cores': 0, '_nodes': 9223372036854775803}

[Sat May 21 09:25:09 2022]
rule align_bt2:
    input: test/fastq/atac3_flex_1.fastq.gz, test/fastq/atac3_flex_2.fastq.gz
    output: test/bam/atac3.bam
    jobid: 7
    wildcards: library_id=atac3
    resources: tmpdir=/tmp


        workflow/scripts/align_bt2.sh test/fastq/atac3_flex_1.fastq.gz test/fastq/atac3_flex_2.fastq.gz test/ref/ucsc_mm10_chr9/ucsc_mm10_chr9 4 test/bam/atac3.bam
        
 singularity  exec --home /home/jeszyman/repos/atac-seq --bind /home/jeszyman:/home/jeszyman --bind /mnt:/mnt /home/jeszyman/sing_containers/atac.sif bash -c 'set -euo pipefail;  
        workflow/scripts/align_bt2.sh test/fastq/atac3_flex_1.fastq.gz test/fastq/atac3_flex_2.fastq.gz test/ref/ucsc_mm10_chr9/ucsc_mm10_chr9 4 test/bam/atac3.bam'
Activating singularity image /home/jeszyman/sing_containers/atac.sif
[Sat May 21 09:25:09 2022]
Finished job 4.
4 of 59 steps (7%) done
Resources before job selection: {'_cores': 1, '_nodes': 9223372036854775804}
Ready jobs (7):
	fastqc
	fastqc
	fastqc
	fastqc
	fastqc
	align_bt2
	read_trim
Select jobs to execute...
Selected jobs (1):
	read_trim
Resources after job selection: {'_cores': 0, '_nodes': 9223372036854775803}

[Sat May 21 09:25:10 2022]
rule read_trim:
    input: test/fastq/atac2_R1.fastq.gz, test/fastq/atac2_R2.fastq.gz
    output: test/fastq/atac2_flex_1.fastq.gz, test/fastq/atac2_flex_2.fastq.gz
    jobid: 2
    wildcards: library_id=atac2
    resources: tmpdir=/tmp, mem_mb=5000


        workflow/scripts/read_trim.sh test/fastq/atac2_R1.fastq.gz test/fastq/atac2_R2.fastq.gz test/fastq 4
        
 singularity  exec --home /home/jeszyman/repos/atac-seq --bind /home/jeszyman:/home/jeszyman --bind /mnt:/mnt /home/jeszyman/sing_containers/atac.sif bash -c 'set -euo pipefail;  
        workflow/scripts/read_trim.sh test/fastq/atac2_R1.fastq.gz test/fastq/atac2_R2.fastq.gz test/fastq 4'
Activating singularity image /home/jeszyman/sing_containers/atac.sif
[Sat May 21 09:25:10 2022]
Finished job 1.
5 of 59 steps (8%) done
Resources before job selection: {'_cores': 1, '_nodes': 9223372036854775804}
Ready jobs (7):
	fastqc
	fastqc
	fastqc
	fastqc
	fastqc
	align_bt2
	align_bt2
Select jobs to execute...
Selected jobs (1):
	align_bt2
Resources after job selection: {'_cores': 0, '_nodes': 9223372036854775803}

[Sat May 21 09:25:10 2022]
rule align_bt2:
    input: test/fastq/atac1_flex_1.fastq.gz, test/fastq/atac1_flex_2.fastq.gz
    output: test/bam/atac1.bam
    jobid: 5
    wildcards: library_id=atac1
    resources: tmpdir=/tmp


        workflow/scripts/align_bt2.sh test/fastq/atac1_flex_1.fastq.gz test/fastq/atac1_flex_2.fastq.gz test/ref/ucsc_mm10_chr9/ucsc_mm10_chr9 4 test/bam/atac1.bam
        
 singularity  exec --home /home/jeszyman/repos/atac-seq --bind /home/jeszyman:/home/jeszyman --bind /mnt:/mnt /home/jeszyman/sing_containers/atac.sif bash -c 'set -euo pipefail;  
        workflow/scripts/align_bt2.sh test/fastq/atac1_flex_1.fastq.gz test/fastq/atac1_flex_2.fastq.gz test/ref/ucsc_mm10_chr9/ucsc_mm10_chr9 4 test/bam/atac1.bam'
Activating singularity image /home/jeszyman/sing_containers/atac.sif
[Sat May 21 09:25:25 2022]
Finished job 27.
6 of 59 steps (10%) done
Resources before job selection: {'_cores': 1, '_nodes': 9223372036854775804}
Ready jobs (6):
	fastqc
	fastqc
	fastqc
	fastqc
	fastqc
	align_bt2
Select jobs to execute...
Selected jobs (1):
	align_bt2
Resources after job selection: {'_cores': 0, '_nodes': 9223372036854775803}

[Sat May 21 09:25:25 2022]
rule align_bt2:
    input: test/fastq/atac4_flex_1.fastq.gz, test/fastq/atac4_flex_2.fastq.gz
    output: test/bam/atac4.bam
    jobid: 8
    wildcards: library_id=atac4
    resources: tmpdir=/tmp


        workflow/scripts/align_bt2.sh test/fastq/atac4_flex_1.fastq.gz test/fastq/atac4_flex_2.fastq.gz test/ref/ucsc_mm10_chr9/ucsc_mm10_chr9 4 test/bam/atac4.bam
        
 singularity  exec --home /home/jeszyman/repos/atac-seq --bind /home/jeszyman:/home/jeszyman --bind /mnt:/mnt /home/jeszyman/sing_containers/atac.sif bash -c 'set -euo pipefail;  
        workflow/scripts/align_bt2.sh test/fastq/atac4_flex_1.fastq.gz test/fastq/atac4_flex_2.fastq.gz test/ref/ucsc_mm10_chr9/ucsc_mm10_chr9 4 test/bam/atac4.bam'
Activating singularity image /home/jeszyman/sing_containers/atac.sif
[Sat May 21 09:26:07 2022]
Finished job 2.
7 of 59 steps (12%) done
Resources before job selection: {'_cores': 1, '_nodes': 9223372036854775804}
Ready jobs (6):
	fastqc
	fastqc
	fastqc
	fastqc
	fastqc
	align_bt2
Select jobs to execute...
Selected jobs (1):
	align_bt2
Resources after job selection: {'_cores': 0, '_nodes': 9223372036854775803}

[Sat May 21 09:26:08 2022]
rule align_bt2:
    input: test/fastq/atac2_flex_1.fastq.gz, test/fastq/atac2_flex_2.fastq.gz
    output: test/bam/atac2.bam
    jobid: 6
    wildcards: library_id=atac2
    resources: tmpdir=/tmp


        workflow/scripts/align_bt2.sh test/fastq/atac2_flex_1.fastq.gz test/fastq/atac2_flex_2.fastq.gz test/ref/ucsc_mm10_chr9/ucsc_mm10_chr9 4 test/bam/atac2.bam
        
 singularity  exec --home /home/jeszyman/repos/atac-seq --bind /home/jeszyman:/home/jeszyman --bind /mnt:/mnt /home/jeszyman/sing_containers/atac.sif bash -c 'set -euo pipefail;  
        workflow/scripts/align_bt2.sh test/fastq/atac2_flex_1.fastq.gz test/fastq/atac2_flex_2.fastq.gz test/ref/ucsc_mm10_chr9/ucsc_mm10_chr9 4 test/bam/atac2.bam'
Activating singularity image /home/jeszyman/sing_containers/atac.sif
[Sat May 21 09:29:26 2022]
Finished job 7.
8 of 59 steps (14%) done
Resources before job selection: {'_cores': 1, '_nodes': 9223372036854775804}
Ready jobs (7):
	fastqc
	fastqc
	fastqc
	fastqc
	fastqc
	filter_and_dedup
	samstats
Select jobs to execute...
Selected jobs (1):
	samstats
Resources after job selection: {'_cores': 0, '_nodes': 9223372036854775803}

[Sat May 21 09:29:26 2022]
rule samstats:
    input: test/bam/atac3.bam
    output: test/qc/atac3_stat.txt, test/qc/atac3_flagstat.txt
    log: test/logs/atac3_samstats.log
    jobid: 35
    wildcards: library_id=atac3
    resources: tmpdir=/tmp


        workflow/scripts/samstats.sh 4 test/bam/atac3.bam test/qc/atac3_stat.txt test/qc/atac3_flagstat.txt 2>&1 >> test/logs/atac3_samstats.log
        
 singularity  exec --home /home/jeszyman/repos/atac-seq --bind /home/jeszyman:/home/jeszyman --bind /mnt:/mnt /home/jeszyman/sing_containers/atac.sif bash -c 'set -euo pipefail;  
        workflow/scripts/samstats.sh 4 test/bam/atac3.bam test/qc/atac3_stat.txt test/qc/atac3_flagstat.txt 2>&1 >> test/logs/atac3_samstats.log'
Activating singularity image /home/jeszyman/sing_containers/atac.sif
[Sat May 21 09:29:31 2022]
Finished job 35.
9 of 59 steps (15%) done
Resources before job selection: {'_cores': 1, '_nodes': 9223372036854775804}
Ready jobs (6):
	fastqc
	fastqc
	fastqc
	fastqc
	fastqc
	filter_and_dedup
Select jobs to execute...
Selected jobs (1):
	filter_and_dedup
Resources after job selection: {'_cores': 0, '_nodes': 9223372036854775803}

[Sat May 21 09:29:31 2022]
rule filter_and_dedup:
    input: test/bam/atac3.bam
    output: test/bam/atac3_dedup.bam, test/bam/atac3_qfilt.bam, test/bam/atac3_regfilt.bam, test/bam/atac3_regfilt.bam.bai
    jobid: 11
    wildcards: library_id=atac3
    resources: tmpdir=/tmp, mem_mb=5000


        workflow/scripts/filter_and_dedup.sh test/bam/atac3.bam 	                                     resources/keep.bed 	                                     4 	                                     test/bam/atac3_dedup.bam 	                                     test/bam/atac3_qfilt.bam 	                                     test/bam/atac3_regfilt.bam 
        
 singularity  exec --home /home/jeszyman/repos/atac-seq --bind /home/jeszyman:/home/jeszyman --bind /mnt:/mnt /home/jeszyman/sing_containers/atac.sif bash -c 'set -euo pipefail;  
        workflow/scripts/filter_and_dedup.sh test/bam/atac3.bam 	                                     resources/keep.bed 	                                     4 	                                     test/bam/atac3_dedup.bam 	                                     test/bam/atac3_qfilt.bam 	                                     test/bam/atac3_regfilt.bam'
Activating singularity image /home/jeszyman/sing_containers/atac.sif
[Sat May 21 09:29:51 2022]
Finished job 5.
10 of 59 steps (17%) done
Resources before job selection: {'_cores': 1, '_nodes': 9223372036854775804}
Ready jobs (7):
	fastqc
	fastqc
	fastqc
	fastqc
	fastqc
	filter_and_dedup
	samstats
Select jobs to execute...
Selected jobs (1):
	samstats
Resources after job selection: {'_cores': 0, '_nodes': 9223372036854775803}

[Sat May 21 09:29:51 2022]
rule samstats:
    input: test/bam/atac1.bam
    output: test/qc/atac1_stat.txt, test/qc/atac1_flagstat.txt
    log: test/logs/atac1_samstats.log
    jobid: 33
    wildcards: library_id=atac1
    resources: tmpdir=/tmp


        workflow/scripts/samstats.sh 4 test/bam/atac1.bam test/qc/atac1_stat.txt test/qc/atac1_flagstat.txt 2>&1 >> test/logs/atac1_samstats.log
        
 singularity  exec --home /home/jeszyman/repos/atac-seq --bind /home/jeszyman:/home/jeszyman --bind /mnt:/mnt /home/jeszyman/sing_containers/atac.sif bash -c 'set -euo pipefail;  
        workflow/scripts/samstats.sh 4 test/bam/atac1.bam test/qc/atac1_stat.txt test/qc/atac1_flagstat.txt 2>&1 >> test/logs/atac1_samstats.log'
Activating singularity image /home/jeszyman/sing_containers/atac.sif
[Sat May 21 09:29:55 2022]
Finished job 33.
11 of 59 steps (19%) done
Resources before job selection: {'_cores': 1, '_nodes': 9223372036854775804}
Ready jobs (6):
	fastqc
	fastqc
	fastqc
	fastqc
	fastqc
	filter_and_dedup
Select jobs to execute...
Selected jobs (1):
	filter_and_dedup
Resources after job selection: {'_cores': 0, '_nodes': 9223372036854775803}

[Sat May 21 09:29:56 2022]
rule filter_and_dedup:
    input: test/bam/atac1.bam
    output: test/bam/atac1_dedup.bam, test/bam/atac1_qfilt.bam, test/bam/atac1_regfilt.bam, test/bam/atac1_regfilt.bam.bai
    jobid: 9
    wildcards: library_id=atac1
    resources: tmpdir=/tmp, mem_mb=5000


        workflow/scripts/filter_and_dedup.sh test/bam/atac1.bam 	                                     resources/keep.bed 	                                     4 	                                     test/bam/atac1_dedup.bam 	                                     test/bam/atac1_qfilt.bam 	                                     test/bam/atac1_regfilt.bam 
        
 singularity  exec --home /home/jeszyman/repos/atac-seq --bind /home/jeszyman:/home/jeszyman --bind /mnt:/mnt /home/jeszyman/sing_containers/atac.sif bash -c 'set -euo pipefail;  
        workflow/scripts/filter_and_dedup.sh test/bam/atac1.bam 	                                     resources/keep.bed 	                                     4 	                                     test/bam/atac1_dedup.bam 	                                     test/bam/atac1_qfilt.bam 	                                     test/bam/atac1_regfilt.bam'
Activating singularity image /home/jeszyman/sing_containers/atac.sif
Removing temporary output file test/bam/atac3_qfilt.bam.
[Sat May 21 09:30:12 2022]
Finished job 11.
12 of 59 steps (20%) done
Resources before job selection: {'_cores': 1, '_nodes': 9223372036854775804}
Ready jobs (7):
	fastqc
	fastqc
	fastqc
	fastqc
	fastqc
	get_open_chrom
	tn5_shift
Select jobs to execute...
Selected jobs (1):
	tn5_shift
Resources after job selection: {'_cores': 0, '_nodes': 9223372036854775803}

[Sat May 21 09:30:13 2022]
rule tn5_shift:
    input: test/bam/atac3_regfilt.bam
    output: test/bam/atac3_regfilt_tmp.bam, test/bam/atac3_regfilt_tn5.bam
    log: test/logs/tn5_shift_and_open_atac3_regfilt.log
    jobid: 19
    wildcards: library_id=atac3
    resources: tmpdir=/tmp


        workflow/scripts/tn5_shift.sh test/bam/atac3_regfilt.bam 	                              4 	                              test/bam/atac3_regfilt_tmp.bam                                       test/bam/atac3_regfilt_tn5.bam > test/logs/tn5_shift_and_open_atac3_regfilt.log 2>&1
        
 singularity  exec --home /home/jeszyman/repos/atac-seq --bind /home/jeszyman:/home/jeszyman --bind /mnt:/mnt /home/jeszyman/sing_containers/atac.sif bash -c 'set -euo pipefail;  
        workflow/scripts/tn5_shift.sh test/bam/atac3_regfilt.bam 	                              4 	                              test/bam/atac3_regfilt_tmp.bam                                       test/bam/atac3_regfilt_tn5.bam > test/logs/tn5_shift_and_open_atac3_regfilt.log 2>&1'
Activating singularity image /home/jeszyman/sing_containers/atac.sif
[Sat May 21 09:30:32 2022]
Finished job 8.
13 of 59 steps (22%) done
Resources before job selection: {'_cores': 1, '_nodes': 9223372036854775804}
Ready jobs (8):
	fastqc
	fastqc
	fastqc
	fastqc
	fastqc
	get_open_chrom
	filter_and_dedup
	samstats
Select jobs to execute...
Selected jobs (1):
	samstats
Resources after job selection: {'_cores': 0, '_nodes': 9223372036854775803}

[Sat May 21 09:30:33 2022]
rule samstats:
    input: test/bam/atac4.bam
    output: test/qc/atac4_stat.txt, test/qc/atac4_flagstat.txt
    log: test/logs/atac4_samstats.log
    jobid: 36
    wildcards: library_id=atac4
    resources: tmpdir=/tmp


        workflow/scripts/samstats.sh 4 test/bam/atac4.bam test/qc/atac4_stat.txt test/qc/atac4_flagstat.txt 2>&1 >> test/logs/atac4_samstats.log
        
 singularity  exec --home /home/jeszyman/repos/atac-seq --bind /home/jeszyman:/home/jeszyman --bind /mnt:/mnt /home/jeszyman/sing_containers/atac.sif bash -c 'set -euo pipefail;  
        workflow/scripts/samstats.sh 4 test/bam/atac4.bam test/qc/atac4_stat.txt test/qc/atac4_flagstat.txt 2>&1 >> test/logs/atac4_samstats.log'
Activating singularity image /home/jeszyman/sing_containers/atac.sif
Removing temporary output file test/bam/atac1_qfilt.bam.
[Sat May 21 09:30:36 2022]
Finished job 9.
14 of 59 steps (24%) done
Resources before job selection: {'_cores': 1, '_nodes': 9223372036854775804}
Ready jobs (9):
	fastqc
	fastqc
	fastqc
	fastqc
	fastqc
	get_open_chrom
	filter_and_dedup
	get_open_chrom
	tn5_shift
Select jobs to execute...
Selected jobs (1):
	tn5_shift
Resources after job selection: {'_cores': 0, '_nodes': 9223372036854775803}

[Sat May 21 09:30:36 2022]
rule tn5_shift:
    input: test/bam/atac1_regfilt.bam
    output: test/bam/atac1_regfilt_tmp.bam, test/bam/atac1_regfilt_tn5.bam
    log: test/logs/tn5_shift_and_open_atac1_regfilt.log
    jobid: 17
    wildcards: library_id=atac1
    resources: tmpdir=/tmp


        workflow/scripts/tn5_shift.sh test/bam/atac1_regfilt.bam 	                              4 	                              test/bam/atac1_regfilt_tmp.bam                                       test/bam/atac1_regfilt_tn5.bam > test/logs/tn5_shift_and_open_atac1_regfilt.log 2>&1
        
 singularity  exec --home /home/jeszyman/repos/atac-seq --bind /home/jeszyman:/home/jeszyman --bind /mnt:/mnt /home/jeszyman/sing_containers/atac.sif bash -c 'set -euo pipefail;  
        workflow/scripts/tn5_shift.sh test/bam/atac1_regfilt.bam 	                              4 	                              test/bam/atac1_regfilt_tmp.bam                                       test/bam/atac1_regfilt_tn5.bam > test/logs/tn5_shift_and_open_atac1_regfilt.log 2>&1'
Activating singularity image /home/jeszyman/sing_containers/atac.sif
[Sat May 21 09:30:36 2022]
Finished job 36.
15 of 59 steps (25%) done
Resources before job selection: {'_cores': 1, '_nodes': 9223372036854775804}
Ready jobs (8):
	fastqc
	fastqc
	fastqc
	fastqc
	fastqc
	get_open_chrom
	filter_and_dedup
	get_open_chrom
Select jobs to execute...
Selected jobs (1):
	get_open_chrom
Resources after job selection: {'_cores': 0, '_nodes': 9223372036854775803}

[Sat May 21 09:30:36 2022]
rule get_open_chrom:
    input: test/bam/atac1_regfilt.bam
    output: test/bam/atac1_unsort_open.bam, test/bam/atac1_open.bam
    jobid: 13
    wildcards: library_id=atac1
    resources: tmpdir=/tmp


        workflow/scripts/get_open_chrom.sh test/bam/atac1_regfilt.bam                                            4                                            test/bam/atac1_unsort_open.bam                                            test/bam/atac1_open.bam
        
 singularity  exec --home /home/jeszyman/repos/atac-seq --bind /home/jeszyman:/home/jeszyman --bind /mnt:/mnt /home/jeszyman/sing_containers/atac.sif bash -c 'set -euo pipefail;  
        workflow/scripts/get_open_chrom.sh test/bam/atac1_regfilt.bam                                            4                                            test/bam/atac1_unsort_open.bam                                            test/bam/atac1_open.bam'
Activating singularity image /home/jeszyman/sing_containers/atac.sif
[Sat May 21 09:30:40 2022]
Finished job 6.
16 of 59 steps (27%) done
Resources before job selection: {'_cores': 1, '_nodes': 9223372036854775804}
Ready jobs (9):
	fastqc
	samstats
	fastqc
	fastqc
	fastqc
	fastqc
	get_open_chrom
	filter_and_dedup
	filter_and_dedup
Select jobs to execute...
Selected jobs (1):
	filter_and_dedup
Resources after job selection: {'_cores': 0, '_nodes': 9223372036854775803}

[Sat May 21 09:30:40 2022]
rule filter_and_dedup:
    input: test/bam/atac2.bam
    output: test/bam/atac2_dedup.bam, test/bam/atac2_qfilt.bam, test/bam/atac2_regfilt.bam, test/bam/atac2_regfilt.bam.bai
    jobid: 10
    wildcards: library_id=atac2
    resources: tmpdir=/tmp, mem_mb=5000


        workflow/scripts/filter_and_dedup.sh test/bam/atac2.bam 	                                     resources/keep.bed 	                                     4 	                                     test/bam/atac2_dedup.bam 	                                     test/bam/atac2_qfilt.bam 	                                     test/bam/atac2_regfilt.bam 
        
 singularity  exec --home /home/jeszyman/repos/atac-seq --bind /home/jeszyman:/home/jeszyman --bind /mnt:/mnt /home/jeszyman/sing_containers/atac.sif bash -c 'set -euo pipefail;  
        workflow/scripts/filter_and_dedup.sh test/bam/atac2.bam 	                                     resources/keep.bed 	                                     4 	                                     test/bam/atac2_dedup.bam 	                                     test/bam/atac2_qfilt.bam 	                                     test/bam/atac2_regfilt.bam'
Activating singularity image /home/jeszyman/sing_containers/atac.sif
Removing temporary output file test/bam/atac3_regfilt_tmp.bam.
[Sat May 21 09:30:44 2022]
Finished job 19.
17 of 59 steps (29%) done
Resources before job selection: {'_cores': 1, '_nodes': 9223372036854775804}
Ready jobs (10):
	fastqc
	samstats
	fastqc
	fastqc
	fastqc
	fastqc
	get_open_chrom
	filter_and_dedup
	call_macs2_broad
	call_macs2_narrow
Select jobs to execute...
Selected jobs (1):
	call_macs2_narrow
Resources after job selection: {'_cores': 0, '_nodes': 9223372036854775803}

[Sat May 21 09:30:44 2022]
rule call_macs2_narrow:
    input: test/bam/atac3_regfilt_tn5.bam
    output: test/macs2/atac3_regfilt_peaks.narrowPeak, test/macs2/atac3_regfilt_summits.bed
    jobid: 50
    wildcards: library_id=atac3, bam_process=regfilt
    resources: tmpdir=/tmp


        base=$(echo $(basename test/bam/atac3_regfilt_tn5.bam) | sed 's/_tn5.*$//g')
        workflow/scripts/call_macs2_narrow.sh test/bam/atac3_regfilt_tn5.bam ${base} "test/macs2"
        
 singularity  exec --home /home/jeszyman/repos/atac-seq --bind /home/jeszyman:/home/jeszyman --bind /mnt:/mnt /home/jeszyman/sing_containers/atac.sif bash -c 'set -euo pipefail;  
        base=$(echo $(basename test/bam/atac3_regfilt_tn5.bam) | sed '\''s/_tn5.*$//g'\'')
        workflow/scripts/call_macs2_narrow.sh test/bam/atac3_regfilt_tn5.bam ${base} "test/macs2"'
Activating singularity image /home/jeszyman/sing_containers/atac.sif
Removing temporary output file test/bam/atac1_unsort_open.bam.
[Sat May 21 09:30:46 2022]
Finished job 13.
18 of 59 steps (31%) done
Resources before job selection: {'_cores': 1, '_nodes': 9223372036854775804}
Ready jobs (10):
	fastqc
	samstats
	fastqc
	fastqc
	fastqc
	fastqc
	get_open_chrom
	filter_and_dedup
	tn5_shift_open
	call_macs2_broad
Select jobs to execute...
Selected jobs (1):
	call_macs2_broad
Resources after job selection: {'_cores': 0, '_nodes': 9223372036854775803}

[Sat May 21 09:30:47 2022]
rule call_macs2_broad:
    input: test/bam/atac3_regfilt_tn5.bam
    output: test/macs2/atac3_regfilt_peaks.broadPeak, test/macs2/atac3_regfilt_peaks.gappedPeak, test/macs2/atac3_regfilt_peaks.xls
    jobid: 42
    wildcards: library_id=atac3, bam_process=regfilt
    resources: tmpdir=/tmp


        base=$(echo $(basename test/bam/atac3_regfilt_tn5.bam) | sed 's/_tn5.*$//g')
        workflow/scripts/call_macs2_broad.sh test/bam/atac3_regfilt_tn5.bam ${base} "test/macs2"
        
 singularity  exec --home /home/jeszyman/repos/atac-seq --bind /home/jeszyman:/home/jeszyman --bind /mnt:/mnt /home/jeszyman/sing_containers/atac.sif bash -c 'set -euo pipefail;  
        base=$(echo $(basename test/bam/atac3_regfilt_tn5.bam) | sed '\''s/_tn5.*$//g'\'')
        workflow/scripts/call_macs2_broad.sh test/bam/atac3_regfilt_tn5.bam ${base} "test/macs2"'
Activating singularity image /home/jeszyman/sing_containers/atac.sif
[Sat May 21 09:30:51 2022]
Finished job 42.
19 of 59 steps (32%) done
Resources before job selection: {'_cores': 1, '_nodes': 9223372036854775804}
Ready jobs (9):
	fastqc
	samstats
	fastqc
	fastqc
	fastqc
	fastqc
	get_open_chrom
	filter_and_dedup
	tn5_shift_open
Select jobs to execute...
Selected jobs (1):
	tn5_shift_open
Resources after job selection: {'_cores': 0, '_nodes': 9223372036854775803}

[Sat May 21 09:30:51 2022]
rule tn5_shift_open:
    input: test/bam/atac1_open.bam
    output: test/bam/atac1_open_tmp.bam, test/bam/atac1_open_tn5.bam
    log: test/logs/tn5_shift_and_open_atac1_open.log
    jobid: 21
    wildcards: library_id=atac1
    resources: tmpdir=/tmp


        workflow/scripts/tn5_shift.sh test/bam/atac1_open.bam 	                              4 	                              test/bam/atac1_open_tmp.bam                                       test/bam/atac1_open_tn5.bam > test/logs/tn5_shift_and_open_atac1_open.log 2>&1
        
 singularity  exec --home /home/jeszyman/repos/atac-seq --bind /home/jeszyman:/home/jeszyman --bind /mnt:/mnt /home/jeszyman/sing_containers/atac.sif bash -c 'set -euo pipefail;  
        workflow/scripts/tn5_shift.sh test/bam/atac1_open.bam 	                              4 	                              test/bam/atac1_open_tmp.bam                                       test/bam/atac1_open_tn5.bam > test/logs/tn5_shift_and_open_atac1_open.log 2>&1'
Activating singularity image /home/jeszyman/sing_containers/atac.sif
[Sat May 21 09:30:51 2022]
Finished job 50.
20 of 59 steps (34%) done
Resources before job selection: {'_cores': 1, '_nodes': 9223372036854775804}
Ready jobs (8):
	fastqc
	samstats
	fastqc
	fastqc
	fastqc
	fastqc
	get_open_chrom
	filter_and_dedup
Select jobs to execute...
Selected jobs (1):
	filter_and_dedup
Resources after job selection: {'_cores': 0, '_nodes': 9223372036854775803}

[Sat May 21 09:30:51 2022]
rule filter_and_dedup:
    input: test/bam/atac4.bam
    output: test/bam/atac4_dedup.bam, test/bam/atac4_qfilt.bam, test/bam/atac4_regfilt.bam, test/bam/atac4_regfilt.bam.bai
    jobid: 12
    wildcards: library_id=atac4
    resources: tmpdir=/tmp, mem_mb=5000


        workflow/scripts/filter_and_dedup.sh test/bam/atac4.bam 	                                     resources/keep.bed 	                                     4 	                                     test/bam/atac4_dedup.bam 	                                     test/bam/atac4_qfilt.bam 	                                     test/bam/atac4_regfilt.bam 
        
 singularity  exec --home /home/jeszyman/repos/atac-seq --bind /home/jeszyman:/home/jeszyman --bind /mnt:/mnt /home/jeszyman/sing_containers/atac.sif bash -c 'set -euo pipefail;  
        workflow/scripts/filter_and_dedup.sh test/bam/atac4.bam 	                                     resources/keep.bed 	                                     4 	                                     test/bam/atac4_dedup.bam 	                                     test/bam/atac4_qfilt.bam 	                                     test/bam/atac4_regfilt.bam'
Activating singularity image /home/jeszyman/sing_containers/atac.sif
Removing temporary output file test/bam/atac1_regfilt_tmp.bam.
[Sat May 21 09:30:55 2022]
Finished job 17.
21 of 59 steps (36%) done
Resources before job selection: {'_cores': 1, '_nodes': 9223372036854775804}
Ready jobs (9):
	fastqc
	samstats
	fastqc
	fastqc
	fastqc
	fastqc
	get_open_chrom
	call_macs2_broad
	call_macs2_narrow
Select jobs to execute...
Selected jobs (1):
	call_macs2_narrow
Resources after job selection: {'_cores': 0, '_nodes': 9223372036854775803}

[Sat May 21 09:30:55 2022]
rule call_macs2_narrow:
    input: test/bam/atac1_regfilt_tn5.bam
    output: test/macs2/atac1_regfilt_peaks.narrowPeak, test/macs2/atac1_regfilt_summits.bed
    jobid: 46
    wildcards: library_id=atac1, bam_process=regfilt
    resources: tmpdir=/tmp


        base=$(echo $(basename test/bam/atac1_regfilt_tn5.bam) | sed 's/_tn5.*$//g')
        workflow/scripts/call_macs2_narrow.sh test/bam/atac1_regfilt_tn5.bam ${base} "test/macs2"
        
 singularity  exec --home /home/jeszyman/repos/atac-seq --bind /home/jeszyman:/home/jeszyman --bind /mnt:/mnt /home/jeszyman/sing_containers/atac.sif bash -c 'set -euo pipefail;  
        base=$(echo $(basename test/bam/atac1_regfilt_tn5.bam) | sed '\''s/_tn5.*$//g'\'')
        workflow/scripts/call_macs2_narrow.sh test/bam/atac1_regfilt_tn5.bam ${base} "test/macs2"'
Activating singularity image /home/jeszyman/sing_containers/atac.sif
[Sat May 21 09:31:03 2022]
Finished job 46.
22 of 59 steps (37%) done
Resources before job selection: {'_cores': 1, '_nodes': 9223372036854775804}
Ready jobs (8):
	fastqc
	samstats
	fastqc
	fastqc
	fastqc
	fastqc
	get_open_chrom
	call_macs2_broad
Select jobs to execute...
Selected jobs (1):
	call_macs2_broad
Resources after job selection: {'_cores': 0, '_nodes': 9223372036854775803}

[Sat May 21 09:31:03 2022]
rule call_macs2_broad:
    input: test/bam/atac1_regfilt_tn5.bam
    output: test/macs2/atac1_regfilt_peaks.broadPeak, test/macs2/atac1_regfilt_peaks.gappedPeak, test/macs2/atac1_regfilt_peaks.xls
    jobid: 38
    wildcards: library_id=atac1, bam_process=regfilt
    resources: tmpdir=/tmp


        base=$(echo $(basename test/bam/atac1_regfilt_tn5.bam) | sed 's/_tn5.*$//g')
        workflow/scripts/call_macs2_broad.sh test/bam/atac1_regfilt_tn5.bam ${base} "test/macs2"
        
 singularity  exec --home /home/jeszyman/repos/atac-seq --bind /home/jeszyman:/home/jeszyman --bind /mnt:/mnt /home/jeszyman/sing_containers/atac.sif bash -c 'set -euo pipefail;  
        base=$(echo $(basename test/bam/atac1_regfilt_tn5.bam) | sed '\''s/_tn5.*$//g'\'')
        workflow/scripts/call_macs2_broad.sh test/bam/atac1_regfilt_tn5.bam ${base} "test/macs2"'
Activating singularity image /home/jeszyman/sing_containers/atac.sif
[Sat May 21 09:31:06 2022]
Finished job 38.
23 of 59 steps (39%) done
Resources before job selection: {'_cores': 1, '_nodes': 9223372036854775804}
Ready jobs (7):
	fastqc
	samstats
	fastqc
	fastqc
	fastqc
	fastqc
	get_open_chrom
Select jobs to execute...
Selected jobs (1):
	get_open_chrom
Resources after job selection: {'_cores': 0, '_nodes': 9223372036854775803}

[Sat May 21 09:31:06 2022]
rule get_open_chrom:
    input: test/bam/atac3_regfilt.bam
    output: test/bam/atac3_unsort_open.bam, test/bam/atac3_open.bam
    jobid: 15
    wildcards: library_id=atac3
    resources: tmpdir=/tmp


        workflow/scripts/get_open_chrom.sh test/bam/atac3_regfilt.bam                                            4                                            test/bam/atac3_unsort_open.bam                                            test/bam/atac3_open.bam
        
 singularity  exec --home /home/jeszyman/repos/atac-seq --bind /home/jeszyman:/home/jeszyman --bind /mnt:/mnt /home/jeszyman/sing_containers/atac.sif bash -c 'set -euo pipefail;  
        workflow/scripts/get_open_chrom.sh test/bam/atac3_regfilt.bam                                            4                                            test/bam/atac3_unsort_open.bam                                            test/bam/atac3_open.bam'
Activating singularity image /home/jeszyman/sing_containers/atac.sif
Removing temporary output file test/bam/atac1_open_tmp.bam.
[Sat May 21 09:31:10 2022]
Finished job 21.
24 of 59 steps (41%) done
Resources before job selection: {'_cores': 1, '_nodes': 9223372036854775804}
Ready jobs (9):
	fastqc
	samstats
	fastqc
	fastqc
	fastqc
	fastqc
	call_macs2_narrow
	open_genome
	call_macs2_broad
Select jobs to execute...
Selected jobs (1):
	call_macs2_broad
Resources after job selection: {'_cores': 0, '_nodes': 9223372036854775803}

[Sat May 21 09:31:10 2022]
rule call_macs2_broad:
    input: test/bam/atac1_open_tn5.bam
    output: test/macs2/atac1_open_peaks.broadPeak, test/macs2/atac1_open_peaks.gappedPeak, test/macs2/atac1_open_peaks.xls
    jobid: 37
    wildcards: library_id=atac1, bam_process=open
    resources: tmpdir=/tmp


        base=$(echo $(basename test/bam/atac1_open_tn5.bam) | sed 's/_tn5.*$//g')
        workflow/scripts/call_macs2_broad.sh test/bam/atac1_open_tn5.bam ${base} "test/macs2"
        
 singularity  exec --home /home/jeszyman/repos/atac-seq --bind /home/jeszyman:/home/jeszyman --bind /mnt:/mnt /home/jeszyman/sing_containers/atac.sif bash -c 'set -euo pipefail;  
        base=$(echo $(basename test/bam/atac1_open_tn5.bam) | sed '\''s/_tn5.*$//g'\'')
        workflow/scripts/call_macs2_broad.sh test/bam/atac1_open_tn5.bam ${base} "test/macs2"'
Activating singularity image /home/jeszyman/sing_containers/atac.sif
Removing temporary output file test/bam/atac4_qfilt.bam.
[Sat May 21 09:31:11 2022]
Finished job 12.
25 of 59 steps (42%) done
Resources before job selection: {'_cores': 1, '_nodes': 9223372036854775804}
Ready jobs (10):
	fastqc
	samstats
	fastqc
	fastqc
	fastqc
	fastqc
	call_macs2_narrow
	open_genome
	get_open_chrom
	tn5_shift
Select jobs to execute...
Selected jobs (1):
	tn5_shift
Resources after job selection: {'_cores': 0, '_nodes': 9223372036854775803}

[Sat May 21 09:31:11 2022]
rule tn5_shift:
    input: test/bam/atac4_regfilt.bam
    output: test/bam/atac4_regfilt_tmp.bam, test/bam/atac4_regfilt_tn5.bam
    log: test/logs/tn5_shift_and_open_atac4_regfilt.log
    jobid: 20
    wildcards: library_id=atac4
    resources: tmpdir=/tmp


        workflow/scripts/tn5_shift.sh test/bam/atac4_regfilt.bam 	                              4 	                              test/bam/atac4_regfilt_tmp.bam                                       test/bam/atac4_regfilt_tn5.bam > test/logs/tn5_shift_and_open_atac4_regfilt.log 2>&1
        
 singularity  exec --home /home/jeszyman/repos/atac-seq --bind /home/jeszyman:/home/jeszyman --bind /mnt:/mnt /home/jeszyman/sing_containers/atac.sif bash -c 'set -euo pipefail;  
        workflow/scripts/tn5_shift.sh test/bam/atac4_regfilt.bam 	                              4 	                              test/bam/atac4_regfilt_tmp.bam                                       test/bam/atac4_regfilt_tn5.bam > test/logs/tn5_shift_and_open_atac4_regfilt.log 2>&1'
Activating singularity image /home/jeszyman/sing_containers/atac.sif
[Sat May 21 09:31:12 2022]
Finished job 37.
26 of 59 steps (44%) done
Resources before job selection: {'_cores': 1, '_nodes': 9223372036854775804}
Ready jobs (9):
	fastqc
	samstats
	fastqc
	fastqc
	fastqc
	fastqc
	call_macs2_narrow
	open_genome
	get_open_chrom
Select jobs to execute...
Selected jobs (1):
	get_open_chrom
Resources after job selection: {'_cores': 0, '_nodes': 9223372036854775803}

[Sat May 21 09:31:12 2022]
rule get_open_chrom:
    input: test/bam/atac4_regfilt.bam
    output: test/bam/atac4_unsort_open.bam, test/bam/atac4_open.bam
    jobid: 16
    wildcards: library_id=atac4
    resources: tmpdir=/tmp


        workflow/scripts/get_open_chrom.sh test/bam/atac4_regfilt.bam                                            4                                            test/bam/atac4_unsort_open.bam                                            test/bam/atac4_open.bam
        
 singularity  exec --home /home/jeszyman/repos/atac-seq --bind /home/jeszyman:/home/jeszyman --bind /mnt:/mnt /home/jeszyman/sing_containers/atac.sif bash -c 'set -euo pipefail;  
        workflow/scripts/get_open_chrom.sh test/bam/atac4_regfilt.bam                                            4                                            test/bam/atac4_unsort_open.bam                                            test/bam/atac4_open.bam'
Activating singularity image /home/jeszyman/sing_containers/atac.sif
Removing temporary output file test/bam/atac3_unsort_open.bam.
[Sat May 21 09:31:15 2022]
Finished job 15.
27 of 59 steps (46%) done
Resources before job selection: {'_cores': 1, '_nodes': 9223372036854775804}
Ready jobs (9):
	fastqc
	samstats
	fastqc
	fastqc
	fastqc
	fastqc
	call_macs2_narrow
	open_genome
	tn5_shift_open
Select jobs to execute...
Selected jobs (1):
	tn5_shift_open
Resources after job selection: {'_cores': 0, '_nodes': 9223372036854775803}

[Sat May 21 09:31:15 2022]
rule tn5_shift_open:
    input: test/bam/atac3_open.bam
    output: test/bam/atac3_open_tmp.bam, test/bam/atac3_open_tn5.bam
    log: test/logs/tn5_shift_and_open_atac3_open.log
    jobid: 23
    wildcards: library_id=atac3
    resources: tmpdir=/tmp


        workflow/scripts/tn5_shift.sh test/bam/atac3_open.bam 	                              4 	                              test/bam/atac3_open_tmp.bam                                       test/bam/atac3_open_tn5.bam > test/logs/tn5_shift_and_open_atac3_open.log 2>&1
        
 singularity  exec --home /home/jeszyman/repos/atac-seq --bind /home/jeszyman:/home/jeszyman --bind /mnt:/mnt /home/jeszyman/sing_containers/atac.sif bash -c 'set -euo pipefail;  
        workflow/scripts/tn5_shift.sh test/bam/atac3_open.bam 	                              4 	                              test/bam/atac3_open_tmp.bam                                       test/bam/atac3_open_tn5.bam > test/logs/tn5_shift_and_open_atac3_open.log 2>&1'
Activating singularity image /home/jeszyman/sing_containers/atac.sif
Removing temporary output file test/bam/atac4_unsort_open.bam.
[Sat May 21 09:31:18 2022]
Finished job 16.
28 of 59 steps (47%) done
Resources before job selection: {'_cores': 1, '_nodes': 9223372036854775804}
Ready jobs (9):
	fastqc
	samstats
	fastqc
	fastqc
	fastqc
	fastqc
	call_macs2_narrow
	open_genome
	tn5_shift_open
Select jobs to execute...
Selected jobs (1):
	tn5_shift_open
Resources after job selection: {'_cores': 0, '_nodes': 9223372036854775803}

[Sat May 21 09:31:19 2022]
rule tn5_shift_open:
    input: test/bam/atac4_open.bam
    output: test/bam/atac4_open_tmp.bam, test/bam/atac4_open_tn5.bam
    log: test/logs/tn5_shift_and_open_atac4_open.log
    jobid: 24
    wildcards: library_id=atac4
    resources: tmpdir=/tmp


        workflow/scripts/tn5_shift.sh test/bam/atac4_open.bam 	                              4 	                              test/bam/atac4_open_tmp.bam                                       test/bam/atac4_open_tn5.bam > test/logs/tn5_shift_and_open_atac4_open.log 2>&1
        
 singularity  exec --home /home/jeszyman/repos/atac-seq --bind /home/jeszyman:/home/jeszyman --bind /mnt:/mnt /home/jeszyman/sing_containers/atac.sif bash -c 'set -euo pipefail;  
        workflow/scripts/tn5_shift.sh test/bam/atac4_open.bam 	                              4 	                              test/bam/atac4_open_tmp.bam                                       test/bam/atac4_open_tn5.bam > test/logs/tn5_shift_and_open_atac4_open.log 2>&1'
Activating singularity image /home/jeszyman/sing_containers/atac.sif
Removing temporary output file test/bam/atac4_regfilt_tmp.bam.
[Sat May 21 09:31:23 2022]
Finished job 20.
29 of 59 steps (49%) done
Resources before job selection: {'_cores': 1, '_nodes': 9223372036854775804}
Ready jobs (10):
	call_macs2_narrow
	samstats
	fastqc
	fastqc
	fastqc
	fastqc
	fastqc
	open_genome
	call_macs2_broad
	call_macs2_narrow
Select jobs to execute...
Selected jobs (1):
	call_macs2_narrow
Resources after job selection: {'_cores': 0, '_nodes': 9223372036854775803}

[Sat May 21 09:31:23 2022]
rule call_macs2_narrow:
    input: test/bam/atac4_regfilt_tn5.bam
    output: test/macs2/atac4_regfilt_peaks.narrowPeak, test/macs2/atac4_regfilt_summits.bed
    jobid: 52
    wildcards: library_id=atac4, bam_process=regfilt
    resources: tmpdir=/tmp


        base=$(echo $(basename test/bam/atac4_regfilt_tn5.bam) | sed 's/_tn5.*$//g')
        workflow/scripts/call_macs2_narrow.sh test/bam/atac4_regfilt_tn5.bam ${base} "test/macs2"
        
 singularity  exec --home /home/jeszyman/repos/atac-seq --bind /home/jeszyman:/home/jeszyman --bind /mnt:/mnt /home/jeszyman/sing_containers/atac.sif bash -c 'set -euo pipefail;  
        base=$(echo $(basename test/bam/atac4_regfilt_tn5.bam) | sed '\''s/_tn5.*$//g'\'')
        workflow/scripts/call_macs2_narrow.sh test/bam/atac4_regfilt_tn5.bam ${base} "test/macs2"'
Activating singularity image /home/jeszyman/sing_containers/atac.sif
[Sat May 21 09:31:28 2022]
Finished job 52.
30 of 59 steps (51%) done
Resources before job selection: {'_cores': 1, '_nodes': 9223372036854775804}
Ready jobs (9):
	call_macs2_narrow
	samstats
	fastqc
	fastqc
	fastqc
	fastqc
	fastqc
	open_genome
	call_macs2_broad
Select jobs to execute...
Selected jobs (1):
	call_macs2_broad
Resources after job selection: {'_cores': 0, '_nodes': 9223372036854775803}

[Sat May 21 09:31:28 2022]
rule call_macs2_broad:
    input: test/bam/atac4_regfilt_tn5.bam
    output: test/macs2/atac4_regfilt_peaks.broadPeak, test/macs2/atac4_regfilt_peaks.gappedPeak, test/macs2/atac4_regfilt_peaks.xls
    jobid: 44
    wildcards: library_id=atac4, bam_process=regfilt
    resources: tmpdir=/tmp


        base=$(echo $(basename test/bam/atac4_regfilt_tn5.bam) | sed 's/_tn5.*$//g')
        workflow/scripts/call_macs2_broad.sh test/bam/atac4_regfilt_tn5.bam ${base} "test/macs2"
        
 singularity  exec --home /home/jeszyman/repos/atac-seq --bind /home/jeszyman:/home/jeszyman --bind /mnt:/mnt /home/jeszyman/sing_containers/atac.sif bash -c 'set -euo pipefail;  
        base=$(echo $(basename test/bam/atac4_regfilt_tn5.bam) | sed '\''s/_tn5.*$//g'\'')
        workflow/scripts/call_macs2_broad.sh test/bam/atac4_regfilt_tn5.bam ${base} "test/macs2"'
Activating singularity image /home/jeszyman/sing_containers/atac.sif
Removing temporary output file test/bam/atac3_open_tmp.bam.
[Sat May 21 09:31:28 2022]
Finished job 23.
31 of 59 steps (53%) done
Resources before job selection: {'_cores': 1, '_nodes': 9223372036854775804}
Ready jobs (11):
	call_macs2_broad
	call_macs2_narrow
	samstats
	fastqc
	fastqc
	call_macs2_narrow
	fastqc
	fastqc
	fastqc
	open_genome
	open_genome
Select jobs to execute...
Selected jobs (1):
	open_genome
Resources after job selection: {'_cores': 0, '_nodes': 9223372036854775803}

[Sat May 21 09:31:28 2022]
rule open_genome:
    input: test/bam/atac1_open_tn5.bam
    output: test/open_chrom/atac1_open_chrom.txt
    jobid: 55
    wildcards: library_id=atac1
    resources: tmpdir=/tmp


        bedmap --echo --bases-uniq --delim '	' resources/mm10.bed test/bam/atac1_open_tn5.bam | awk 'BEGIN { genome_length = 0; masked_length = 0; } { genome_length += ($3 - $2); masked_length += $4; } END { print (masked_length / genome_length); }' > test/open_chrom/atac1_open_chrom.txt

        
 singularity  exec --home /home/jeszyman/repos/atac-seq --bind /home/jeszyman:/home/jeszyman --bind /mnt:/mnt /home/jeszyman/sing_containers/atac.sif bash -c 'set -euo pipefail;  
        bedmap --echo --bases-uniq --delim '\''	'\'' resources/mm10.bed test/bam/atac1_open_tn5.bam | awk '\''BEGIN { genome_length = 0; masked_length = 0; } { genome_length += ($3 - $2); masked_length += $4; } END { print (masked_length / genome_length); }'\'' > test/open_chrom/atac1_open_chrom.txt'
Activating singularity image /home/jeszyman/sing_containers/atac.sif
[Sat May 21 09:31:29 2022]
Finished job 55.
32 of 59 steps (54%) done
Resources before job selection: {'_cores': 1, '_nodes': 9223372036854775804}
Ready jobs (10):
	call_macs2_broad
	call_macs2_narrow
	samstats
	fastqc
	fastqc
	call_macs2_narrow
	fastqc
	fastqc
	fastqc
	open_genome
Select jobs to execute...
Selected jobs (1):
	open_genome
Resources after job selection: {'_cores': 0, '_nodes': 9223372036854775803}

[Sat May 21 09:31:29 2022]
rule open_genome:
    input: test/bam/atac3_open_tn5.bam
    output: test/open_chrom/atac3_open_chrom.txt
    jobid: 57
    wildcards: library_id=atac3
    resources: tmpdir=/tmp


        bedmap --echo --bases-uniq --delim '	' resources/mm10.bed test/bam/atac3_open_tn5.bam | awk 'BEGIN { genome_length = 0; masked_length = 0; } { genome_length += ($3 - $2); masked_length += $4; } END { print (masked_length / genome_length); }' > test/open_chrom/atac3_open_chrom.txt

        
 singularity  exec --home /home/jeszyman/repos/atac-seq --bind /home/jeszyman:/home/jeszyman --bind /mnt:/mnt /home/jeszyman/sing_containers/atac.sif bash -c 'set -euo pipefail;  
        bedmap --echo --bases-uniq --delim '\''	'\'' resources/mm10.bed test/bam/atac3_open_tn5.bam | awk '\''BEGIN { genome_length = 0; masked_length = 0; } { genome_length += ($3 - $2); masked_length += $4; } END { print (masked_length / genome_length); }'\'' > test/open_chrom/atac3_open_chrom.txt'
Activating singularity image /home/jeszyman/sing_containers/atac.sif
[Sat May 21 09:31:29 2022]
Finished job 57.
33 of 59 steps (56%) done
Resources before job selection: {'_cores': 1, '_nodes': 9223372036854775804}
Ready jobs (9):
	call_macs2_broad
	call_macs2_narrow
	samstats
	fastqc
	fastqc
	call_macs2_narrow
	fastqc
	fastqc
	fastqc
Select jobs to execute...
Selected jobs (1):
	fastqc
Resources after job selection: {'_cores': 0, '_nodes': 9223372036854775803}

[Sat May 21 09:31:29 2022]
rule fastqc:
    input: test/fastq/atac4_R2.fastq.gz
    output: test/qc/atac4_R2_fastqc.html
    log: test/logs/fastqc_raw_atac4_R2.log
    jobid: 32
    wildcards: library_id=atac4, read=R2
    resources: tmpdir=/tmp


        fastqc --outdir test/qc         --quiet         --threads 4 test/fastq/atac4_R2.fastq.gz &> test/logs/fastqc_raw_atac4_R2.log
        
 singularity  exec --home /home/jeszyman/repos/atac-seq --bind /home/jeszyman:/home/jeszyman --bind /mnt:/mnt /home/jeszyman/sing_containers/atac.sif bash -c 'set -euo pipefail;  
        fastqc --outdir test/qc         --quiet         --threads 4 test/fastq/atac4_R2.fastq.gz &> test/logs/fastqc_raw_atac4_R2.log'
Activating singularity image /home/jeszyman/sing_containers/atac.sif
[Sat May 21 09:31:30 2022]
Finished job 44.
34 of 59 steps (58%) done
Resources before job selection: {'_cores': 1, '_nodes': 9223372036854775804}
Ready jobs (8):
	call_macs2_broad
	call_macs2_narrow
	samstats
	fastqc
	fastqc
	call_macs2_narrow
	fastqc
	fastqc
Select jobs to execute...
Selected jobs (1):
	fastqc
Resources after job selection: {'_cores': 0, '_nodes': 9223372036854775803}

[Sat May 21 09:31:30 2022]
rule fastqc:
    input: test/fastq/atac1_R1.fastq.gz
    output: test/qc/atac1_R1_fastqc.html
    log: test/logs/fastqc_raw_atac1_R1.log
    jobid: 25
    wildcards: library_id=atac1, read=R1
    resources: tmpdir=/tmp


        fastqc --outdir test/qc         --quiet         --threads 4 test/fastq/atac1_R1.fastq.gz &> test/logs/fastqc_raw_atac1_R1.log
        
 singularity  exec --home /home/jeszyman/repos/atac-seq --bind /home/jeszyman:/home/jeszyman --bind /mnt:/mnt /home/jeszyman/sing_containers/atac.sif bash -c 'set -euo pipefail;  
        fastqc --outdir test/qc         --quiet         --threads 4 test/fastq/atac1_R1.fastq.gz &> test/logs/fastqc_raw_atac1_R1.log'
Activating singularity image /home/jeszyman/sing_containers/atac.sif
Removing temporary output file test/bam/atac4_open_tmp.bam.
[Sat May 21 09:31:32 2022]
Finished job 24.
35 of 59 steps (59%) done
Resources before job selection: {'_cores': 1, '_nodes': 9223372036854775804}
Ready jobs (10):
	call_macs2_broad
	call_macs2_narrow
	samstats
	fastqc
	fastqc
	call_macs2_narrow
	fastqc
	call_macs2_broad
	call_macs2_narrow
	open_genome
Select jobs to execute...
Selected jobs (1):
	open_genome
Resources after job selection: {'_cores': 0, '_nodes': 9223372036854775803}

[Sat May 21 09:31:32 2022]
rule open_genome:
    input: test/bam/atac4_open_tn5.bam
    output: test/open_chrom/atac4_open_chrom.txt
    jobid: 58
    wildcards: library_id=atac4
    resources: tmpdir=/tmp


        bedmap --echo --bases-uniq --delim '	' resources/mm10.bed test/bam/atac4_open_tn5.bam | awk 'BEGIN { genome_length = 0; masked_length = 0; } { genome_length += ($3 - $2); masked_length += $4; } END { print (masked_length / genome_length); }' > test/open_chrom/atac4_open_chrom.txt

        
 singularity  exec --home /home/jeszyman/repos/atac-seq --bind /home/jeszyman:/home/jeszyman --bind /mnt:/mnt /home/jeszyman/sing_containers/atac.sif bash -c 'set -euo pipefail;  
        bedmap --echo --bases-uniq --delim '\''	'\'' resources/mm10.bed test/bam/atac4_open_tn5.bam | awk '\''BEGIN { genome_length = 0; masked_length = 0; } { genome_length += ($3 - $2); masked_length += $4; } END { print (masked_length / genome_length); }'\'' > test/open_chrom/atac4_open_chrom.txt'
Activating singularity image /home/jeszyman/sing_containers/atac.sif
[Sat May 21 09:31:33 2022]
Finished job 58.
36 of 59 steps (61%) done
Resources before job selection: {'_cores': 1, '_nodes': 9223372036854775804}
Ready jobs (9):
	call_macs2_broad
	call_macs2_narrow
	samstats
	fastqc
	fastqc
	call_macs2_narrow
	fastqc
	call_macs2_broad
	call_macs2_narrow
Select jobs to execute...
Selected jobs (1):
	call_macs2_narrow
Resources after job selection: {'_cores': 0, '_nodes': 9223372036854775803}

[Sat May 21 09:31:33 2022]
rule call_macs2_narrow:
    input: test/bam/atac4_open_tn5.bam
    output: test/macs2/atac4_open_peaks.narrowPeak, test/macs2/atac4_open_summits.bed
    jobid: 51
    wildcards: library_id=atac4, bam_process=open
    resources: tmpdir=/tmp


        base=$(echo $(basename test/bam/atac4_open_tn5.bam) | sed 's/_tn5.*$//g')
        workflow/scripts/call_macs2_narrow.sh test/bam/atac4_open_tn5.bam ${base} "test/macs2"
        
 singularity  exec --home /home/jeszyman/repos/atac-seq --bind /home/jeszyman:/home/jeszyman --bind /mnt:/mnt /home/jeszyman/sing_containers/atac.sif bash -c 'set -euo pipefail;  
        base=$(echo $(basename test/bam/atac4_open_tn5.bam) | sed '\''s/_tn5.*$//g'\'')
        workflow/scripts/call_macs2_narrow.sh test/bam/atac4_open_tn5.bam ${base} "test/macs2"'
Activating singularity image /home/jeszyman/sing_containers/atac.sif
[Sat May 21 09:31:39 2022]
Finished job 32.
37 of 59 steps (63%) done
Resources before job selection: {'_cores': 1, '_nodes': 9223372036854775804}
Ready jobs (8):
	call_macs2_broad
	call_macs2_narrow
	samstats
	fastqc
	fastqc
	call_macs2_narrow
	fastqc
	call_macs2_broad
Select jobs to execute...
Selected jobs (1):
	call_macs2_broad
Resources after job selection: {'_cores': 0, '_nodes': 9223372036854775803}

[Sat May 21 09:31:39 2022]
rule call_macs2_broad:
    input: test/bam/atac4_open_tn5.bam
    output: test/macs2/atac4_open_peaks.broadPeak, test/macs2/atac4_open_peaks.gappedPeak, test/macs2/atac4_open_peaks.xls
    jobid: 43
    wildcards: library_id=atac4, bam_process=open
    resources: tmpdir=/tmp


        base=$(echo $(basename test/bam/atac4_open_tn5.bam) | sed 's/_tn5.*$//g')
        workflow/scripts/call_macs2_broad.sh test/bam/atac4_open_tn5.bam ${base} "test/macs2"
        
 singularity  exec --home /home/jeszyman/repos/atac-seq --bind /home/jeszyman:/home/jeszyman --bind /mnt:/mnt /home/jeszyman/sing_containers/atac.sif bash -c 'set -euo pipefail;  
        base=$(echo $(basename test/bam/atac4_open_tn5.bam) | sed '\''s/_tn5.*$//g'\'')
        workflow/scripts/call_macs2_broad.sh test/bam/atac4_open_tn5.bam ${base} "test/macs2"'
Activating singularity image /home/jeszyman/sing_containers/atac.sif
[Sat May 21 09:31:39 2022]
Finished job 51.
38 of 59 steps (64%) done
Resources before job selection: {'_cores': 1, '_nodes': 9223372036854775804}
Ready jobs (7):
	call_macs2_broad
	call_macs2_narrow
	samstats
	fastqc
	fastqc
	call_macs2_narrow
	fastqc
Select jobs to execute...
Selected jobs (1):
	fastqc
Resources after job selection: {'_cores': 0, '_nodes': 9223372036854775803}

[Sat May 21 09:31:39 2022]
rule fastqc:
    input: test/fastq/atac2_R2.fastq.gz
    output: test/qc/atac2_R2_fastqc.html
    log: test/logs/fastqc_raw_atac2_R2.log
    jobid: 28
    wildcards: library_id=atac2, read=R2
    resources: tmpdir=/tmp


        fastqc --outdir test/qc         --quiet         --threads 4 test/fastq/atac2_R2.fastq.gz &> test/logs/fastqc_raw_atac2_R2.log
        
 singularity  exec --home /home/jeszyman/repos/atac-seq --bind /home/jeszyman:/home/jeszyman --bind /mnt:/mnt /home/jeszyman/sing_containers/atac.sif bash -c 'set -euo pipefail;  
        fastqc --outdir test/qc         --quiet         --threads 4 test/fastq/atac2_R2.fastq.gz &> test/logs/fastqc_raw_atac2_R2.log'
Activating singularity image /home/jeszyman/sing_containers/atac.sif
[Sat May 21 09:31:40 2022]
Finished job 25.
39 of 59 steps (66%) done
Resources before job selection: {'_cores': 1, '_nodes': 9223372036854775804}
Ready jobs (6):
	call_macs2_broad
	call_macs2_narrow
	samstats
	fastqc
	fastqc
	call_macs2_narrow
Select jobs to execute...
Selected jobs (1):
	call_macs2_narrow
Resources after job selection: {'_cores': 0, '_nodes': 9223372036854775803}

[Sat May 21 09:31:40 2022]
rule call_macs2_narrow:
    input: test/bam/atac3_open_tn5.bam
    output: test/macs2/atac3_open_peaks.narrowPeak, test/macs2/atac3_open_summits.bed
    jobid: 49
    wildcards: library_id=atac3, bam_process=open
    resources: tmpdir=/tmp


        base=$(echo $(basename test/bam/atac3_open_tn5.bam) | sed 's/_tn5.*$//g')
        workflow/scripts/call_macs2_narrow.sh test/bam/atac3_open_tn5.bam ${base} "test/macs2"
        
 singularity  exec --home /home/jeszyman/repos/atac-seq --bind /home/jeszyman:/home/jeszyman --bind /mnt:/mnt /home/jeszyman/sing_containers/atac.sif bash -c 'set -euo pipefail;  
        base=$(echo $(basename test/bam/atac3_open_tn5.bam) | sed '\''s/_tn5.*$//g'\'')
        workflow/scripts/call_macs2_narrow.sh test/bam/atac3_open_tn5.bam ${base} "test/macs2"'
Activating singularity image /home/jeszyman/sing_containers/atac.sif
[Sat May 21 09:31:41 2022]
Finished job 43.
40 of 59 steps (68%) done
Resources before job selection: {'_cores': 1, '_nodes': 9223372036854775804}
Ready jobs (5):
	call_macs2_broad
	call_macs2_narrow
	samstats
	fastqc
	fastqc
Select jobs to execute...
Selected jobs (1):
	fastqc
Resources after job selection: {'_cores': 0, '_nodes': 9223372036854775803}

[Sat May 21 09:31:41 2022]
rule fastqc:
    input: test/fastq/atac3_R2.fastq.gz
    output: test/qc/atac3_R2_fastqc.html
    log: test/logs/fastqc_raw_atac3_R2.log
    jobid: 30
    wildcards: library_id=atac3, read=R2
    resources: tmpdir=/tmp


        fastqc --outdir test/qc         --quiet         --threads 4 test/fastq/atac3_R2.fastq.gz &> test/logs/fastqc_raw_atac3_R2.log
        
 singularity  exec --home /home/jeszyman/repos/atac-seq --bind /home/jeszyman:/home/jeszyman --bind /mnt:/mnt /home/jeszyman/sing_containers/atac.sif bash -c 'set -euo pipefail;  
        fastqc --outdir test/qc         --quiet         --threads 4 test/fastq/atac3_R2.fastq.gz &> test/logs/fastqc_raw_atac3_R2.log'
Activating singularity image /home/jeszyman/sing_containers/atac.sif
[Sat May 21 09:31:44 2022]
Finished job 49.
41 of 59 steps (69%) done
Resources before job selection: {'_cores': 1, '_nodes': 9223372036854775804}
Ready jobs (4):
	call_macs2_broad
	samstats
	fastqc
	call_macs2_narrow
Select jobs to execute...
Selected jobs (1):
	call_macs2_narrow
Resources after job selection: {'_cores': 0, '_nodes': 9223372036854775803}

[Sat May 21 09:31:44 2022]
rule call_macs2_narrow:
    input: test/bam/atac1_open_tn5.bam
    output: test/macs2/atac1_open_peaks.narrowPeak, test/macs2/atac1_open_summits.bed
    jobid: 45
    wildcards: library_id=atac1, bam_process=open
    resources: tmpdir=/tmp


        base=$(echo $(basename test/bam/atac1_open_tn5.bam) | sed 's/_tn5.*$//g')
        workflow/scripts/call_macs2_narrow.sh test/bam/atac1_open_tn5.bam ${base} "test/macs2"
        
 singularity  exec --home /home/jeszyman/repos/atac-seq --bind /home/jeszyman:/home/jeszyman --bind /mnt:/mnt /home/jeszyman/sing_containers/atac.sif bash -c 'set -euo pipefail;  
        base=$(echo $(basename test/bam/atac1_open_tn5.bam) | sed '\''s/_tn5.*$//g'\'')
        workflow/scripts/call_macs2_narrow.sh test/bam/atac1_open_tn5.bam ${base} "test/macs2"'
Activating singularity image /home/jeszyman/sing_containers/atac.sif
[Sat May 21 09:31:48 2022]
Finished job 28.
42 of 59 steps (71%) done
Resources before job selection: {'_cores': 1, '_nodes': 9223372036854775804}
Ready jobs (3):
	call_macs2_broad
	samstats
	fastqc
Select jobs to execute...
Selected jobs (1):
	fastqc
Resources after job selection: {'_cores': 0, '_nodes': 9223372036854775803}

[Sat May 21 09:31:48 2022]
rule fastqc:
    input: test/fastq/atac1_R2.fastq.gz
    output: test/qc/atac1_R2_fastqc.html
    log: test/logs/fastqc_raw_atac1_R2.log
    jobid: 26
    wildcards: library_id=atac1, read=R2
    resources: tmpdir=/tmp


        fastqc --outdir test/qc         --quiet         --threads 4 test/fastq/atac1_R2.fastq.gz &> test/logs/fastqc_raw_atac1_R2.log
        
 singularity  exec --home /home/jeszyman/repos/atac-seq --bind /home/jeszyman:/home/jeszyman --bind /mnt:/mnt /home/jeszyman/sing_containers/atac.sif bash -c 'set -euo pipefail;  
        fastqc --outdir test/qc         --quiet         --threads 4 test/fastq/atac1_R2.fastq.gz &> test/logs/fastqc_raw_atac1_R2.log'
Activating singularity image /home/jeszyman/sing_containers/atac.sif
[Sat May 21 09:31:49 2022]
Finished job 45.
43 of 59 steps (73%) done
Resources before job selection: {'_cores': 1, '_nodes': 9223372036854775804}
Ready jobs (2):
	samstats
	call_macs2_broad
Select jobs to execute...
Selected jobs (1):
	samstats
Resources after job selection: {'_cores': 0, '_nodes': 9223372036854775803}

[Sat May 21 09:31:49 2022]
rule samstats:
    input: test/bam/atac2.bam
    output: test/qc/atac2_stat.txt, test/qc/atac2_flagstat.txt
    log: test/logs/atac2_samstats.log
    jobid: 34
    wildcards: library_id=atac2
    resources: tmpdir=/tmp


        workflow/scripts/samstats.sh 4 test/bam/atac2.bam test/qc/atac2_stat.txt test/qc/atac2_flagstat.txt 2>&1 >> test/logs/atac2_samstats.log
        
 singularity  exec --home /home/jeszyman/repos/atac-seq --bind /home/jeszyman:/home/jeszyman --bind /mnt:/mnt /home/jeszyman/sing_containers/atac.sif bash -c 'set -euo pipefail;  
        workflow/scripts/samstats.sh 4 test/bam/atac2.bam test/qc/atac2_stat.txt test/qc/atac2_flagstat.txt 2>&1 >> test/logs/atac2_samstats.log'
Activating singularity image /home/jeszyman/sing_containers/atac.sif
[Sat May 21 09:31:51 2022]
Finished job 34.
44 of 59 steps (75%) done
Resources before job selection: {'_cores': 1, '_nodes': 9223372036854775804}
Ready jobs (1):
	call_macs2_broad
Select jobs to execute...
Using greedy selector because only single job has to be scheduled.
Selected jobs (1):
	call_macs2_broad
Resources after job selection: {'_cores': 0, '_nodes': 9223372036854775803}

[Sat May 21 09:31:51 2022]
rule call_macs2_broad:
    input: test/bam/atac3_open_tn5.bam
    output: test/macs2/atac3_open_peaks.broadPeak, test/macs2/atac3_open_peaks.gappedPeak, test/macs2/atac3_open_peaks.xls
    jobid: 41
    wildcards: library_id=atac3, bam_process=open
    resources: tmpdir=/tmp


        base=$(echo $(basename test/bam/atac3_open_tn5.bam) | sed 's/_tn5.*$//g')
        workflow/scripts/call_macs2_broad.sh test/bam/atac3_open_tn5.bam ${base} "test/macs2"
        
 singularity  exec --home /home/jeszyman/repos/atac-seq --bind /home/jeszyman:/home/jeszyman --bind /mnt:/mnt /home/jeszyman/sing_containers/atac.sif bash -c 'set -euo pipefail;  
        base=$(echo $(basename test/bam/atac3_open_tn5.bam) | sed '\''s/_tn5.*$//g'\'')
        workflow/scripts/call_macs2_broad.sh test/bam/atac3_open_tn5.bam ${base} "test/macs2"'
Activating singularity image /home/jeszyman/sing_containers/atac.sif
[Sat May 21 09:31:51 2022]
Finished job 30.
45 of 59 steps (76%) done
[Sat May 21 09:31:53 2022]
Finished job 41.
46 of 59 steps (78%) done
[Sat May 21 09:31:54 2022]
Finished job 26.
47 of 59 steps (80%) done
Terminating processes on user request, this might take some time.
[Sat May 21 10:10:48 2022]
Error in rule filter_and_dedup:
    jobid: 10
    output: test/bam/atac2_dedup.bam, test/bam/atac2_qfilt.bam, test/bam/atac2_regfilt.bam, test/bam/atac2_regfilt.bam.bai
    shell:
        
        workflow/scripts/filter_and_dedup.sh test/bam/atac2.bam 	                                     resources/keep.bed 	                                     4 	                                     test/bam/atac2_dedup.bam 	                                     test/bam/atac2_qfilt.bam 	                                     test/bam/atac2_regfilt.bam 
        
        (one of the commands exited with non-zero exit code; note that snakemake uses bash strict mode!)

Full Traceback (most recent call last):
  File "/opt/miniconda3/envs/snakemake/lib/python3.9/site-packages/snakemake/executors/__init__.py", line 593, in _callback
    raise ex
  File "/opt/miniconda3/envs/snakemake/lib/python3.9/concurrent/futures/thread.py", line 52, in run
    result = self.fn(*self.args, **self.kwargs)
  File "/opt/miniconda3/envs/snakemake/lib/python3.9/site-packages/snakemake/executors/__init__.py", line 579, in cached_or_run
    run_func(*args)
  File "/opt/miniconda3/envs/snakemake/lib/python3.9/site-packages/snakemake/executors/__init__.py", line 2461, in run_wrapper
    raise ex
  File "/opt/miniconda3/envs/snakemake/lib/python3.9/site-packages/snakemake/executors/__init__.py", line 2418, in run_wrapper
    run(
  File "/home/jeszyman/repos/atac-seq/workflow/atac_read_process.smk", line 94, in __rule_filter_and_dedup
    {output.tmp_bam} \
  File "/opt/miniconda3/envs/snakemake/lib/python3.9/site-packages/snakemake/shell.py", line 266, in __new__
    raise sp.CalledProcessError(retcode, cmd)
subprocess.CalledProcessError: Command ' singularity  exec --home /home/jeszyman/repos/atac-seq --bind /home/jeszyman:/home/jeszyman --bind /mnt:/mnt /home/jeszyman/sing_containers/atac.sif bash -c 'set -euo pipefail;  
        workflow/scripts/filter_and_dedup.sh test/bam/atac2.bam 	                                     resources/keep.bed 	                                     4 	                                     test/bam/atac2_dedup.bam 	                                     test/bam/atac2_qfilt.bam 	                                     test/bam/atac2_regfilt.bam'' died with <Signals.SIGINT: 2>.

Complete log: /home/jeszyman/repos/atac-seq/.snakemake/log/2022-05-21T092439.176017.snakemake.log
unlocking
removing lock
removing lock
removed all locks
