Building DAG of jobs...
Using shell: /bin/bash
Provided cores: 4
Rules claiming more threads will be scaled down.
Job stats:
job                  count    min threads    max threads
-----------------  -------  -------------  -------------
all                      1              1              1
call_macs2_broad         8              1              1
call_macs2_narrow        8              1              1
make_peak_counts         2              1              1
total                   19              1              1

Resources before job selection: {'_cores': 4, '_nodes': 9223372036854775807}
Ready jobs (18):
	call_macs2_broad
	call_macs2_broad
	make_peak_counts
	call_macs2_narrow
	call_macs2_narrow
	call_macs2_broad
	call_macs2_narrow
	call_macs2_narrow
	call_macs2_narrow
	call_macs2_narrow
	call_macs2_broad
	call_macs2_broad
	call_macs2_narrow
	call_macs2_broad
	call_macs2_narrow
	call_macs2_broad
	call_macs2_broad
	make_peak_counts
Select jobs to execute...
Selected jobs (4):
	call_macs2_narrow
	make_peak_counts
	call_macs2_narrow
	call_macs2_narrow
Resources after job selection: {'_cores': 0, '_nodes': 9223372036854775803}

[Tue May 10 13:33:34 2022]
rule call_macs2_narrow:
    input: test/bam/atac4_regfilt_tn5.bam
    output: test/macs2/atac4_regfilt_peaks.narrowPeak, test/macs2/atac4_regfilt_summits.bed
    jobid: 16
    wildcards: library_id=atac4, bam_process=regfilt
    resources: tmpdir=/tmp


        base=$(echo $(basename test/bam/atac4_regfilt_tn5.bam) | sed 's/_tn5.*$//g')
        workflow/scripts/call_macs2_narrow.sh test/bam/atac4_regfilt_tn5.bam ${base} "test/macs2"
        
 singularity  exec --home /home/jeszyman/repos/atac-seq --bind /home/jeszyman:/home/jeszyman --bind /mnt:/mnt --bind /opt/miniconda3/envs/snakemake/lib/python3.9/site-packages:/mnt/snakemake /home/jeszyman/sing_containers/atac.sif bash -c 'base=$(echo $(basename test/bam/atac4_regfilt_tn5.bam) | sed '\''s/_tn5.*$//g'\'')
        workflow/scripts/call_macs2_narrow.sh test/bam/atac4_regfilt_tn5.bam ${base} "test/macs2"'

Activating singularity image /home/jeszyman/sing_containers/atac.sif
[Tue May 10 13:33:34 2022]
rule make_peak_counts:
    input: test/bam/atac1_regfilt_tn5.bam, test/bam/atac2_regfilt_tn5.bam, test/bam/atac3_regfilt_tn5.bam, test/bam/atac4_regfilt_tn5.bam
    output: test/csaw/background_counts_all_regfilt_rse.rds, test/csaw/counts_all_regfilt_rse.rds
    log: test/logs/make_peak_counts_regfilt.log
    jobid: 17
    wildcards: bam_process=regfilt
    resources: tmpdir=/tmp


        Rscript workflow/scripts/select_window_size.R         "test/bam/atac1_regfilt_tn5.bam test/bam/atac2_regfilt_tn5.bam test/bam/atac3_regfilt_tn5.bam test/bam/atac4_regfilt_tn5.bam"         4         test/csaw/background_counts_all_regfilt_rse.rds         test/csaw/counts_all_regfilt_rse.rds         >& test/logs/make_peak_counts_regfilt.log
        
 singularity  exec --home /home/jeszyman/repos/atac-seq --bind /home/jeszyman:/home/jeszyman --bind /mnt:/mnt --bind /opt/miniconda3/envs/snakemake/lib/python3.9/site-packages:/mnt/snakemake /home/jeszyman/sing_containers/atac.sif bash -c 'Rscript workflow/scripts/select_window_size.R         "test/bam/atac1_regfilt_tn5.bam test/bam/atac2_regfilt_tn5.bam test/bam/atac3_regfilt_tn5.bam test/bam/atac4_regfilt_tn5.bam"         4         test/csaw/background_counts_all_regfilt_rse.rds         test/csaw/counts_all_regfilt_rse.rds         >& test/logs/make_peak_counts_regfilt.log'
Activating singularity image /home/jeszyman/sing_containers/atac.sif

[Tue May 10 13:33:34 2022]
rule call_macs2_narrow:
    input: test/bam/atac1_open_tn5.bam
    output: test/macs2/atac1_open_peaks.narrowPeak, test/macs2/atac1_open_summits.bed
    jobid: 9
    wildcards: library_id=atac1, bam_process=open
    resources: tmpdir=/tmp


        base=$(echo $(basename test/bam/atac1_open_tn5.bam) | sed 's/_tn5.*$//g')
        workflow/scripts/call_macs2_narrow.sh test/bam/atac1_open_tn5.bam ${base} "test/macs2"
        

[Tue May 10 13:33:34 2022]
rule call_macs2_narrow:
    input: test/bam/atac2_open_tn5.bam
    output: test/macs2/atac2_open_peaks.narrowPeak, test/macs2/atac2_open_summits.bed
    jobid: 11
    wildcards: library_id=atac2, bam_process=open
    resources: tmpdir=/tmp


        base=$(echo $(basename test/bam/atac2_open_tn5.bam) | sed 's/_tn5.*$//g')
        workflow/scripts/call_macs2_narrow.sh test/bam/atac2_open_tn5.bam ${base} "test/macs2"
        
 singularity  exec --home /home/jeszyman/repos/atac-seq --bind /home/jeszyman:/home/jeszyman --bind /mnt:/mnt --bind /opt/miniconda3/envs/snakemake/lib/python3.9/site-packages:/mnt/snakemake /home/jeszyman/sing_containers/atac.sif bash -c 'base=$(echo $(basename test/bam/atac1_open_tn5.bam) | sed '\''s/_tn5.*$//g'\'')
        workflow/scripts/call_macs2_narrow.sh test/bam/atac1_open_tn5.bam ${base} "test/macs2"'
Activating singularity image /home/jeszyman/sing_containers/atac.sif
 singularity  exec --home /home/jeszyman/repos/atac-seq --bind /home/jeszyman:/home/jeszyman --bind /mnt:/mnt --bind /opt/miniconda3/envs/snakemake/lib/python3.9/site-packages:/mnt/snakemake /home/jeszyman/sing_containers/atac.sif bash -c 'base=$(echo $(basename test/bam/atac2_open_tn5.bam) | sed '\''s/_tn5.*$//g'\'')
        workflow/scripts/call_macs2_narrow.sh test/bam/atac2_open_tn5.bam ${base} "test/macs2"'
Activating singularity image /home/jeszyman/sing_containers/atac.sif
[Tue May 10 13:33:36 2022]
Finished job 9.
1 of 19 steps (5%) done
Resources before job selection: {'_cores': 1, '_nodes': 9223372036854775804}
Ready jobs (14):
	call_macs2_broad
	call_macs2_broad
	make_peak_counts
	call_macs2_narrow
	call_macs2_narrow
	call_macs2_broad
	call_macs2_narrow
	call_macs2_broad
	call_macs2_broad
	call_macs2_narrow
	call_macs2_broad
	call_macs2_narrow
	call_macs2_broad
	call_macs2_broad
Select jobs to execute...
Selected jobs (1):
	call_macs2_narrow
Resources after job selection: {'_cores': 0, '_nodes': 9223372036854775803}

[Tue May 10 13:33:36 2022]
rule call_macs2_narrow:
    input: test/bam/atac3_open_tn5.bam
    output: test/macs2/atac3_open_peaks.narrowPeak, test/macs2/atac3_open_summits.bed
    jobid: 13
    wildcards: library_id=atac3, bam_process=open
    resources: tmpdir=/tmp


        base=$(echo $(basename test/bam/atac3_open_tn5.bam) | sed 's/_tn5.*$//g')
        workflow/scripts/call_macs2_narrow.sh test/bam/atac3_open_tn5.bam ${base} "test/macs2"
        
 singularity  exec --home /home/jeszyman/repos/atac-seq --bind /home/jeszyman:/home/jeszyman --bind /mnt:/mnt --bind /opt/miniconda3/envs/snakemake/lib/python3.9/site-packages:/mnt/snakemake /home/jeszyman/sing_containers/atac.sif bash -c 'base=$(echo $(basename test/bam/atac3_open_tn5.bam) | sed '\''s/_tn5.*$//g'\'')
        workflow/scripts/call_macs2_narrow.sh test/bam/atac3_open_tn5.bam ${base} "test/macs2"'
Activating singularity image /home/jeszyman/sing_containers/atac.sif
[Tue May 10 13:33:36 2022]
Finished job 11.
2 of 19 steps (11%) done
Resources before job selection: {'_cores': 1, '_nodes': 9223372036854775804}
Ready jobs (13):
	call_macs2_broad
	call_macs2_broad
	make_peak_counts
	call_macs2_narrow
	call_macs2_narrow
	call_macs2_broad
	call_macs2_narrow
	call_macs2_broad
	call_macs2_broad
	call_macs2_broad
	call_macs2_narrow
	call_macs2_broad
	call_macs2_broad
Select jobs to execute...
Selected jobs (1):
	call_macs2_broad
Resources after job selection: {'_cores': 0, '_nodes': 9223372036854775803}

[Tue May 10 13:33:36 2022]
rule call_macs2_broad:
    input: test/bam/atac4_regfilt_tn5.bam
    output: test/macs2/atac4_regfilt_peaks.broadPeak, test/macs2/atac4_regfilt_peaks.gappedPeak, test/macs2/atac4_regfilt_peaks.xls
    jobid: 8
    wildcards: library_id=atac4, bam_process=regfilt
    resources: tmpdir=/tmp


        base=$(echo $(basename test/bam/atac4_regfilt_tn5.bam) | sed 's/_tn5.*$//g')
        workflow/scripts/call_macs2_broad.sh test/bam/atac4_regfilt_tn5.bam ${base} "test/macs2"
        
 singularity  exec --home /home/jeszyman/repos/atac-seq --bind /home/jeszyman:/home/jeszyman --bind /mnt:/mnt --bind /opt/miniconda3/envs/snakemake/lib/python3.9/site-packages:/mnt/snakemake /home/jeszyman/sing_containers/atac.sif bash -c 'base=$(echo $(basename test/bam/atac4_regfilt_tn5.bam) | sed '\''s/_tn5.*$//g'\'')
        workflow/scripts/call_macs2_broad.sh test/bam/atac4_regfilt_tn5.bam ${base} "test/macs2"'
Activating singularity image /home/jeszyman/sing_containers/atac.sif
[Tue May 10 13:33:36 2022]
Finished job 16.
3 of 19 steps (16%) done
Resources before job selection: {'_cores': 1, '_nodes': 9223372036854775804}
Ready jobs (12):
	call_macs2_broad
	call_macs2_broad
	make_peak_counts
	call_macs2_narrow
	call_macs2_narrow
	call_macs2_broad
	call_macs2_narrow
	call_macs2_broad
	call_macs2_broad
	call_macs2_narrow
	call_macs2_broad
	call_macs2_broad
Select jobs to execute...
Selected jobs (1):
	call_macs2_narrow
Resources after job selection: {'_cores': 0, '_nodes': 9223372036854775803}

[Tue May 10 13:33:36 2022]
rule call_macs2_narrow:
    input: test/bam/atac4_open_tn5.bam
    output: test/macs2/atac4_open_peaks.narrowPeak, test/macs2/atac4_open_summits.bed
    jobid: 15
    wildcards: library_id=atac4, bam_process=open
    resources: tmpdir=/tmp


        base=$(echo $(basename test/bam/atac4_open_tn5.bam) | sed 's/_tn5.*$//g')
        workflow/scripts/call_macs2_narrow.sh test/bam/atac4_open_tn5.bam ${base} "test/macs2"
        
 singularity  exec --home /home/jeszyman/repos/atac-seq --bind /home/jeszyman:/home/jeszyman --bind /mnt:/mnt --bind /opt/miniconda3/envs/snakemake/lib/python3.9/site-packages:/mnt/snakemake /home/jeszyman/sing_containers/atac.sif bash -c 'base=$(echo $(basename test/bam/atac4_open_tn5.bam) | sed '\''s/_tn5.*$//g'\'')
        workflow/scripts/call_macs2_narrow.sh test/bam/atac4_open_tn5.bam ${base} "test/macs2"'
Activating singularity image /home/jeszyman/sing_containers/atac.sif
[Tue May 10 13:33:38 2022]
Finished job 8.
4 of 19 steps (21%) done
Resources before job selection: {'_cores': 1, '_nodes': 9223372036854775804}
Ready jobs (11):
	call_macs2_broad
	call_macs2_broad
	make_peak_counts
	call_macs2_narrow
	call_macs2_narrow
	call_macs2_broad
	call_macs2_narrow
	call_macs2_broad
	call_macs2_broad
	call_macs2_broad
	call_macs2_broad
Select jobs to execute...
Selected jobs (1):
	call_macs2_broad
Resources after job selection: {'_cores': 0, '_nodes': 9223372036854775803}

[Tue May 10 13:33:38 2022]
rule call_macs2_broad:
    input: test/bam/atac1_open_tn5.bam
    output: test/macs2/atac1_open_peaks.broadPeak, test/macs2/atac1_open_peaks.gappedPeak, test/macs2/atac1_open_peaks.xls
    jobid: 1
    wildcards: library_id=atac1, bam_process=open
    resources: tmpdir=/tmp


        base=$(echo $(basename test/bam/atac1_open_tn5.bam) | sed 's/_tn5.*$//g')
        workflow/scripts/call_macs2_broad.sh test/bam/atac1_open_tn5.bam ${base} "test/macs2"
        
 singularity  exec --home /home/jeszyman/repos/atac-seq --bind /home/jeszyman:/home/jeszyman --bind /mnt:/mnt --bind /opt/miniconda3/envs/snakemake/lib/python3.9/site-packages:/mnt/snakemake /home/jeszyman/sing_containers/atac.sif bash -c 'base=$(echo $(basename test/bam/atac1_open_tn5.bam) | sed '\''s/_tn5.*$//g'\'')
        workflow/scripts/call_macs2_broad.sh test/bam/atac1_open_tn5.bam ${base} "test/macs2"'
Activating singularity image /home/jeszyman/sing_containers/atac.sif
[Tue May 10 13:33:38 2022]
Finished job 13.
5 of 19 steps (26%) done
Resources before job selection: {'_cores': 1, '_nodes': 9223372036854775804}
Ready jobs (10):
	call_macs2_broad
	call_macs2_broad
	make_peak_counts
	call_macs2_narrow
	call_macs2_narrow
	call_macs2_broad
	call_macs2_narrow
	call_macs2_broad
	call_macs2_broad
	call_macs2_broad
Select jobs to execute...
Selected jobs (1):
	call_macs2_broad
Resources after job selection: {'_cores': 0, '_nodes': 9223372036854775803}

[Tue May 10 13:33:38 2022]
rule call_macs2_broad:
    input: test/bam/atac1_regfilt_tn5.bam
    output: test/macs2/atac1_regfilt_peaks.broadPeak, test/macs2/atac1_regfilt_peaks.gappedPeak, test/macs2/atac1_regfilt_peaks.xls
    jobid: 2
    wildcards: library_id=atac1, bam_process=regfilt
    resources: tmpdir=/tmp


        base=$(echo $(basename test/bam/atac1_regfilt_tn5.bam) | sed 's/_tn5.*$//g')
        workflow/scripts/call_macs2_broad.sh test/bam/atac1_regfilt_tn5.bam ${base} "test/macs2"
        
 singularity  exec --home /home/jeszyman/repos/atac-seq --bind /home/jeszyman:/home/jeszyman --bind /mnt:/mnt --bind /opt/miniconda3/envs/snakemake/lib/python3.9/site-packages:/mnt/snakemake /home/jeszyman/sing_containers/atac.sif bash -c 'base=$(echo $(basename test/bam/atac1_regfilt_tn5.bam) | sed '\''s/_tn5.*$//g'\'')
        workflow/scripts/call_macs2_broad.sh test/bam/atac1_regfilt_tn5.bam ${base} "test/macs2"'
Activating singularity image /home/jeszyman/sing_containers/atac.sif
[Tue May 10 13:33:38 2022]
Finished job 15.
6 of 19 steps (32%) done
Resources before job selection: {'_cores': 1, '_nodes': 9223372036854775804}
Ready jobs (9):
	call_macs2_broad
	call_macs2_broad
	make_peak_counts
	call_macs2_narrow
	call_macs2_narrow
	call_macs2_broad
	call_macs2_narrow
	call_macs2_broad
	call_macs2_broad
Select jobs to execute...
Selected jobs (1):
	call_macs2_broad
Resources after job selection: {'_cores': 0, '_nodes': 9223372036854775803}

[Tue May 10 13:33:38 2022]
rule call_macs2_broad:
    input: test/bam/atac3_regfilt_tn5.bam
    output: test/macs2/atac3_regfilt_peaks.broadPeak, test/macs2/atac3_regfilt_peaks.gappedPeak, test/macs2/atac3_regfilt_peaks.xls
    jobid: 6
    wildcards: library_id=atac3, bam_process=regfilt
    resources: tmpdir=/tmp


        base=$(echo $(basename test/bam/atac3_regfilt_tn5.bam) | sed 's/_tn5.*$//g')
        workflow/scripts/call_macs2_broad.sh test/bam/atac3_regfilt_tn5.bam ${base} "test/macs2"
        
 singularity  exec --home /home/jeszyman/repos/atac-seq --bind /home/jeszyman:/home/jeszyman --bind /mnt:/mnt --bind /opt/miniconda3/envs/snakemake/lib/python3.9/site-packages:/mnt/snakemake /home/jeszyman/sing_containers/atac.sif bash -c 'base=$(echo $(basename test/bam/atac3_regfilt_tn5.bam) | sed '\''s/_tn5.*$//g'\'')
        workflow/scripts/call_macs2_broad.sh test/bam/atac3_regfilt_tn5.bam ${base} "test/macs2"'
Activating singularity image /home/jeszyman/sing_containers/atac.sif
[Tue May 10 13:33:39 2022]
Finished job 1.
7 of 19 steps (37%) done
Resources before job selection: {'_cores': 1, '_nodes': 9223372036854775804}
Ready jobs (8):
	call_macs2_broad
	call_macs2_broad
	make_peak_counts
	call_macs2_narrow
	call_macs2_narrow
	call_macs2_broad
	call_macs2_narrow
	call_macs2_broad
Select jobs to execute...
Selected jobs (1):
	call_macs2_broad
Resources after job selection: {'_cores': 0, '_nodes': 9223372036854775803}

[Tue May 10 13:33:39 2022]
rule call_macs2_broad:
    input: test/bam/atac2_regfilt_tn5.bam
    output: test/macs2/atac2_regfilt_peaks.broadPeak, test/macs2/atac2_regfilt_peaks.gappedPeak, test/macs2/atac2_regfilt_peaks.xls
    jobid: 4
    wildcards: library_id=atac2, bam_process=regfilt
    resources: tmpdir=/tmp


        base=$(echo $(basename test/bam/atac2_regfilt_tn5.bam) | sed 's/_tn5.*$//g')
        workflow/scripts/call_macs2_broad.sh test/bam/atac2_regfilt_tn5.bam ${base} "test/macs2"
        
 singularity  exec --home /home/jeszyman/repos/atac-seq --bind /home/jeszyman:/home/jeszyman --bind /mnt:/mnt --bind /opt/miniconda3/envs/snakemake/lib/python3.9/site-packages:/mnt/snakemake /home/jeszyman/sing_containers/atac.sif bash -c 'base=$(echo $(basename test/bam/atac2_regfilt_tn5.bam) | sed '\''s/_tn5.*$//g'\'')
        workflow/scripts/call_macs2_broad.sh test/bam/atac2_regfilt_tn5.bam ${base} "test/macs2"'
Activating singularity image /home/jeszyman/sing_containers/atac.sif
[Tue May 10 13:33:39 2022]
Finished job 2.
8 of 19 steps (42%) done
Resources before job selection: {'_cores': 1, '_nodes': 9223372036854775804}
Ready jobs (7):
	call_macs2_broad
	call_macs2_broad
	make_peak_counts
	call_macs2_narrow
	call_macs2_narrow
	call_macs2_broad
	call_macs2_narrow
Select jobs to execute...
Selected jobs (1):
	call_macs2_narrow
Resources after job selection: {'_cores': 0, '_nodes': 9223372036854775803}

[Tue May 10 13:33:39 2022]
rule call_macs2_narrow:
    input: test/bam/atac2_regfilt_tn5.bam
    output: test/macs2/atac2_regfilt_peaks.narrowPeak, test/macs2/atac2_regfilt_summits.bed
    jobid: 12
    wildcards: library_id=atac2, bam_process=regfilt
    resources: tmpdir=/tmp


        base=$(echo $(basename test/bam/atac2_regfilt_tn5.bam) | sed 's/_tn5.*$//g')
        workflow/scripts/call_macs2_narrow.sh test/bam/atac2_regfilt_tn5.bam ${base} "test/macs2"
        
 singularity  exec --home /home/jeszyman/repos/atac-seq --bind /home/jeszyman:/home/jeszyman --bind /mnt:/mnt --bind /opt/miniconda3/envs/snakemake/lib/python3.9/site-packages:/mnt/snakemake /home/jeszyman/sing_containers/atac.sif bash -c 'base=$(echo $(basename test/bam/atac2_regfilt_tn5.bam) | sed '\''s/_tn5.*$//g'\'')
        workflow/scripts/call_macs2_narrow.sh test/bam/atac2_regfilt_tn5.bam ${base} "test/macs2"'
Activating singularity image /home/jeszyman/sing_containers/atac.sif
[Tue May 10 13:33:39 2022]
Finished job 6.
9 of 19 steps (47%) done
Resources before job selection: {'_cores': 1, '_nodes': 9223372036854775804}
Ready jobs (6):
	call_macs2_broad
	call_macs2_broad
	make_peak_counts
	call_macs2_narrow
	call_macs2_narrow
	call_macs2_broad
Select jobs to execute...
Selected jobs (1):
	call_macs2_broad
Resources after job selection: {'_cores': 0, '_nodes': 9223372036854775803}

[Tue May 10 13:33:39 2022]
rule call_macs2_broad:
    input: test/bam/atac3_open_tn5.bam
    output: test/macs2/atac3_open_peaks.broadPeak, test/macs2/atac3_open_peaks.gappedPeak, test/macs2/atac3_open_peaks.xls
    jobid: 5
    wildcards: library_id=atac3, bam_process=open
    resources: tmpdir=/tmp


        base=$(echo $(basename test/bam/atac3_open_tn5.bam) | sed 's/_tn5.*$//g')
        workflow/scripts/call_macs2_broad.sh test/bam/atac3_open_tn5.bam ${base} "test/macs2"
        
 singularity  exec --home /home/jeszyman/repos/atac-seq --bind /home/jeszyman:/home/jeszyman --bind /mnt:/mnt --bind /opt/miniconda3/envs/snakemake/lib/python3.9/site-packages:/mnt/snakemake /home/jeszyman/sing_containers/atac.sif bash -c 'base=$(echo $(basename test/bam/atac3_open_tn5.bam) | sed '\''s/_tn5.*$//g'\'')
        workflow/scripts/call_macs2_broad.sh test/bam/atac3_open_tn5.bam ${base} "test/macs2"'
Activating singularity image /home/jeszyman/sing_containers/atac.sif
[Tue May 10 13:33:40 2022]
Finished job 4.
10 of 19 steps (53%) done
Resources before job selection: {'_cores': 1, '_nodes': 9223372036854775804}
Ready jobs (5):
	call_macs2_broad
	call_macs2_broad
	make_peak_counts
	call_macs2_narrow
	call_macs2_narrow
Select jobs to execute...
Selected jobs (1):
	call_macs2_narrow
Resources after job selection: {'_cores': 0, '_nodes': 9223372036854775803}

[Tue May 10 13:33:40 2022]
rule call_macs2_narrow:
    input: test/bam/atac3_regfilt_tn5.bam
    output: test/macs2/atac3_regfilt_peaks.narrowPeak, test/macs2/atac3_regfilt_summits.bed
    jobid: 14
    wildcards: library_id=atac3, bam_process=regfilt
    resources: tmpdir=/tmp


        base=$(echo $(basename test/bam/atac3_regfilt_tn5.bam) | sed 's/_tn5.*$//g')
        workflow/scripts/call_macs2_narrow.sh test/bam/atac3_regfilt_tn5.bam ${base} "test/macs2"
        
 singularity  exec --home /home/jeszyman/repos/atac-seq --bind /home/jeszyman:/home/jeszyman --bind /mnt:/mnt --bind /opt/miniconda3/envs/snakemake/lib/python3.9/site-packages:/mnt/snakemake /home/jeszyman/sing_containers/atac.sif bash -c 'base=$(echo $(basename test/bam/atac3_regfilt_tn5.bam) | sed '\''s/_tn5.*$//g'\'')
        workflow/scripts/call_macs2_narrow.sh test/bam/atac3_regfilt_tn5.bam ${base} "test/macs2"'
Activating singularity image /home/jeszyman/sing_containers/atac.sif
[Tue May 10 13:33:40 2022]
Finished job 5.
11 of 19 steps (58%) done
Resources before job selection: {'_cores': 1, '_nodes': 9223372036854775804}
Ready jobs (4):
	call_macs2_broad
	call_macs2_broad
	make_peak_counts
	call_macs2_narrow
Select jobs to execute...
Selected jobs (1):
	call_macs2_narrow
Resources after job selection: {'_cores': 0, '_nodes': 9223372036854775803}

[Tue May 10 13:33:41 2022]
rule call_macs2_narrow:
    input: test/bam/atac1_regfilt_tn5.bam
    output: test/macs2/atac1_regfilt_peaks.narrowPeak, test/macs2/atac1_regfilt_summits.bed
    jobid: 10
    wildcards: library_id=atac1, bam_process=regfilt
    resources: tmpdir=/tmp


        base=$(echo $(basename test/bam/atac1_regfilt_tn5.bam) | sed 's/_tn5.*$//g')
        workflow/scripts/call_macs2_narrow.sh test/bam/atac1_regfilt_tn5.bam ${base} "test/macs2"
        
 singularity  exec --home /home/jeszyman/repos/atac-seq --bind /home/jeszyman:/home/jeszyman --bind /mnt:/mnt --bind /opt/miniconda3/envs/snakemake/lib/python3.9/site-packages:/mnt/snakemake /home/jeszyman/sing_containers/atac.sif bash -c 'base=$(echo $(basename test/bam/atac1_regfilt_tn5.bam) | sed '\''s/_tn5.*$//g'\'')
        workflow/scripts/call_macs2_narrow.sh test/bam/atac1_regfilt_tn5.bam ${base} "test/macs2"'
Activating singularity image /home/jeszyman/sing_containers/atac.sif
[Tue May 10 13:33:41 2022]
Finished job 12.
12 of 19 steps (63%) done
Resources before job selection: {'_cores': 1, '_nodes': 9223372036854775804}
Ready jobs (3):
	call_macs2_broad
	call_macs2_broad
	make_peak_counts
Select jobs to execute...
Selected jobs (1):
	make_peak_counts
Resources after job selection: {'_cores': 0, '_nodes': 9223372036854775803}

[Tue May 10 13:33:41 2022]
rule make_peak_counts:
    input: test/bam/atac1_open_tn5.bam, test/bam/atac2_open_tn5.bam, test/bam/atac3_open_tn5.bam, test/bam/atac4_open_tn5.bam
    output: test/csaw/background_counts_all_open_rse.rds, test/csaw/counts_all_open_rse.rds
    log: test/logs/make_peak_counts_open.log
    jobid: 18
    wildcards: bam_process=open
    resources: tmpdir=/tmp


        Rscript workflow/scripts/select_window_size.R         "test/bam/atac1_open_tn5.bam test/bam/atac2_open_tn5.bam test/bam/atac3_open_tn5.bam test/bam/atac4_open_tn5.bam"         4         test/csaw/background_counts_all_open_rse.rds         test/csaw/counts_all_open_rse.rds         >& test/logs/make_peak_counts_open.log
        
 singularity  exec --home /home/jeszyman/repos/atac-seq --bind /home/jeszyman:/home/jeszyman --bind /mnt:/mnt --bind /opt/miniconda3/envs/snakemake/lib/python3.9/site-packages:/mnt/snakemake /home/jeszyman/sing_containers/atac.sif bash -c 'Rscript workflow/scripts/select_window_size.R         "test/bam/atac1_open_tn5.bam test/bam/atac2_open_tn5.bam test/bam/atac3_open_tn5.bam test/bam/atac4_open_tn5.bam"         4         test/csaw/background_counts_all_open_rse.rds         test/csaw/counts_all_open_rse.rds         >& test/logs/make_peak_counts_open.log'
Activating singularity image /home/jeszyman/sing_containers/atac.sif
[Tue May 10 13:33:42 2022]
Finished job 14.
13 of 19 steps (68%) done
Resources before job selection: {'_cores': 1, '_nodes': 9223372036854775804}
Ready jobs (2):
	call_macs2_broad
	call_macs2_broad
Select jobs to execute...
Selected jobs (1):
	call_macs2_broad
Resources after job selection: {'_cores': 0, '_nodes': 9223372036854775803}

[Tue May 10 13:33:42 2022]
rule call_macs2_broad:
    input: test/bam/atac4_open_tn5.bam
    output: test/macs2/atac4_open_peaks.broadPeak, test/macs2/atac4_open_peaks.gappedPeak, test/macs2/atac4_open_peaks.xls
    jobid: 7
    wildcards: library_id=atac4, bam_process=open
    resources: tmpdir=/tmp


        base=$(echo $(basename test/bam/atac4_open_tn5.bam) | sed 's/_tn5.*$//g')
        workflow/scripts/call_macs2_broad.sh test/bam/atac4_open_tn5.bam ${base} "test/macs2"
        
 singularity  exec --home /home/jeszyman/repos/atac-seq --bind /home/jeszyman:/home/jeszyman --bind /mnt:/mnt --bind /opt/miniconda3/envs/snakemake/lib/python3.9/site-packages:/mnt/snakemake /home/jeszyman/sing_containers/atac.sif bash -c 'base=$(echo $(basename test/bam/atac4_open_tn5.bam) | sed '\''s/_tn5.*$//g'\'')
        workflow/scripts/call_macs2_broad.sh test/bam/atac4_open_tn5.bam ${base} "test/macs2"'
Activating singularity image /home/jeszyman/sing_containers/atac.sif
[Tue May 10 13:33:42 2022]
Finished job 10.
14 of 19 steps (74%) done
Resources before job selection: {'_cores': 1, '_nodes': 9223372036854775804}
Ready jobs (1):
	call_macs2_broad
Select jobs to execute...
Selected jobs (1):
	call_macs2_broad
Resources after job selection: {'_cores': 0, '_nodes': 9223372036854775803}

[Tue May 10 13:33:42 2022]
rule call_macs2_broad:
    input: test/bam/atac2_open_tn5.bam
    output: test/macs2/atac2_open_peaks.broadPeak, test/macs2/atac2_open_peaks.gappedPeak, test/macs2/atac2_open_peaks.xls
    jobid: 3
    wildcards: library_id=atac2, bam_process=open
    resources: tmpdir=/tmp


        base=$(echo $(basename test/bam/atac2_open_tn5.bam) | sed 's/_tn5.*$//g')
        workflow/scripts/call_macs2_broad.sh test/bam/atac2_open_tn5.bam ${base} "test/macs2"
        
 singularity  exec --home /home/jeszyman/repos/atac-seq --bind /home/jeszyman:/home/jeszyman --bind /mnt:/mnt --bind /opt/miniconda3/envs/snakemake/lib/python3.9/site-packages:/mnt/snakemake /home/jeszyman/sing_containers/atac.sif bash -c 'base=$(echo $(basename test/bam/atac2_open_tn5.bam) | sed '\''s/_tn5.*$//g'\'')
        workflow/scripts/call_macs2_broad.sh test/bam/atac2_open_tn5.bam ${base} "test/macs2"'
Activating singularity image /home/jeszyman/sing_containers/atac.sif
[Tue May 10 13:33:43 2022]
Finished job 7.
15 of 19 steps (79%) done
[Tue May 10 13:33:43 2022]
Finished job 3.
16 of 19 steps (84%) done
[Tue May 10 13:33:44 2022]
Finished job 17.
17 of 19 steps (89%) done
[Tue May 10 13:33:49 2022]
Finished job 18.
18 of 19 steps (95%) done
Resources before job selection: {'_cores': 4, '_nodes': 9223372036854775807}
Ready jobs (1):
	all
Select jobs to execute...
Selected jobs (1):
	all
Resources after job selection: {'_cores': 3, '_nodes': 9223372036854775806}

[Tue May 10 13:33:49 2022]
localrule all:
    input: test/macs2/atac1_open_peaks.broadPeak, test/macs2/atac1_open_peaks.gappedPeak, test/macs2/atac1_open_peaks.xls, test/macs2/atac1_regfilt_peaks.broadPeak, test/macs2/atac1_regfilt_peaks.gappedPeak, test/macs2/atac1_regfilt_peaks.xls, test/macs2/atac2_open_peaks.broadPeak, test/macs2/atac2_open_peaks.gappedPeak, test/macs2/atac2_open_peaks.xls, test/macs2/atac2_regfilt_peaks.broadPeak, test/macs2/atac2_regfilt_peaks.gappedPeak, test/macs2/atac2_regfilt_peaks.xls, test/macs2/atac3_open_peaks.broadPeak, test/macs2/atac3_open_peaks.gappedPeak, test/macs2/atac3_open_peaks.xls, test/macs2/atac3_regfilt_peaks.broadPeak, test/macs2/atac3_regfilt_peaks.gappedPeak, test/macs2/atac3_regfilt_peaks.xls, test/macs2/atac4_open_peaks.broadPeak, test/macs2/atac4_open_peaks.gappedPeak, test/macs2/atac4_open_peaks.xls, test/macs2/atac4_regfilt_peaks.broadPeak, test/macs2/atac4_regfilt_peaks.gappedPeak, test/macs2/atac4_regfilt_peaks.xls, test/macs2/atac1_open_peaks.narrowPeak, test/macs2/atac1_open_summits.bed, test/macs2/atac1_regfilt_peaks.narrowPeak, test/macs2/atac1_regfilt_summits.bed, test/macs2/atac2_open_peaks.narrowPeak, test/macs2/atac2_open_summits.bed, test/macs2/atac2_regfilt_peaks.narrowPeak, test/macs2/atac2_regfilt_summits.bed, test/macs2/atac3_open_peaks.narrowPeak, test/macs2/atac3_open_summits.bed, test/macs2/atac3_regfilt_peaks.narrowPeak, test/macs2/atac3_regfilt_summits.bed, test/macs2/atac4_open_peaks.narrowPeak, test/macs2/atac4_open_summits.bed, test/macs2/atac4_regfilt_peaks.narrowPeak, test/macs2/atac4_regfilt_summits.bed, test/csaw/background_counts_all_regfilt_rse.rds, test/csaw/background_counts_all_open_rse.rds, test/csaw/counts_all_regfilt_rse.rds, test/csaw/counts_all_open_rse.rds
    jobid: 0
    resources: tmpdir=/tmp

[Tue May 10 13:33:49 2022]
Finished job 0.
19 of 19 steps (100%) done
Complete log: /home/jeszyman/repos/atac-seq/.snakemake/log/2022-05-10T133334.741347.snakemake.log
unlocking
removing lock
removing lock
removed all locks
