Building DAG of jobs...
Full Traceback (most recent call last):
  File "/opt/miniconda3/envs/snakemake/lib/python3.9/site-packages/snakemake/__init__.py", line 699, in snakemake
    success = workflow.execute(
  File "/opt/miniconda3/envs/snakemake/lib/python3.9/site-packages/snakemake/workflow.py", line 763, in execute
    dag.init()
  File "/opt/miniconda3/envs/snakemake/lib/python3.9/site-packages/snakemake/dag.py", line 179, in init
    job = self.update([job], progress=progress, create_inventory=True)
  File "/opt/miniconda3/envs/snakemake/lib/python3.9/site-packages/snakemake/dag.py", line 801, in update
    raise exceptions[0]
  File "/opt/miniconda3/envs/snakemake/lib/python3.9/site-packages/snakemake/dag.py", line 759, in update
    self.update_(
  File "/opt/miniconda3/envs/snakemake/lib/python3.9/site-packages/snakemake/dag.py", line 892, in update_
    raise ex
  File "/opt/miniconda3/envs/snakemake/lib/python3.9/site-packages/snakemake/dag.py", line 874, in update_
    selected_job = self.update(
  File "/opt/miniconda3/envs/snakemake/lib/python3.9/site-packages/snakemake/dag.py", line 801, in update
    raise exceptions[0]
  File "/opt/miniconda3/envs/snakemake/lib/python3.9/site-packages/snakemake/dag.py", line 759, in update
    self.update_(
  File "/opt/miniconda3/envs/snakemake/lib/python3.9/site-packages/snakemake/dag.py", line 920, in update_
    raise MissingInputException(job.rule, missing_input)
snakemake.exceptions.MissingInputException: Missing input files for rule move_and_rename_fastqs:
15533_Oct_2014/15533_L7_R1_001.fastq.gz

MissingInputException in line 23 of /home/jeszyman/repos/atac-seq/workflow/tmp2.smk:
Missing input files for rule move_and_rename_fastqs:
15533_Oct_2014/15533_L7_R1_001.fastq.gz
unlocking
removed all locks
