Building DAG of jobs...
Forcing incomplete files:
	test/fastq_atac_raw/lib001_R1.fastq.gz
	test/fastq_atac_raw/lib001_R2.fastq.gz
	test/fastq_atac_raw/lib002_R1.fastq.gz
	test/fastq_atac_raw/lib002_R2.fastq.gz
	test/fastq_atac_raw/lib004_R1.fastq.gz
	test/fastq_atac_raw/lib004_R2.fastq.gz
Using shell: /bin/bash
Provided cores: 4
Rules claiming more threads will be scaled down.
Job stats:
job          count    min threads    max threads
---------  -------  -------------  -------------
align_bt2        4              1              1
all              1              1              1
symlink          3              1              1
trim             4              1              1
total           12              1              1

Resources before job selection: {'_cores': 4, '_nodes': 9223372036854775807}
Ready jobs (4):
	symlink
	symlink
	symlink
	trim
Select jobs to execute...
Selected jobs (4):
	symlink
	symlink
	symlink
	trim
Resources after job selection: {'_cores': 0, '_nodes': 9223372036854775803}

[Wed Aug 31 09:28:21 2022]
rule symlink:
    input: test/inputs/atac2_R1.fastq.gz
    output: test/fastq_atac_raw/lib002_R1.fastq.gz, test/fastq_atac_raw/lib002_R2.fastq.gz
    jobid: 2
    wildcards: library=lib002
    resources: tmpdir=/tmp


        r2=$(echo test/inputs/atac2_R1.fastq.gz | sed "s/_R1/_R2/g")
        ln -sf --relative test/inputs/atac2_R1.fastq.gz test/fastq_atac_raw/lib002_R1.fastq.gz
        ln -sf --relative $r2 test/fastq_atac_raw/lib002_R2.fastq.gz
        
 singularity  exec --home /home/jeszyman/repos/atac-seq --bind /home/jeszyman:/home/jeszyman --bind /mnt:/mnt /home/jeszyman/sing_containers/atac.1.1.0.sif bash -c 'set -euo pipefail;  
        r2=$(echo test/inputs/atac2_R1.fastq.gz | sed "s/_R1/_R2/g")
        ln -sf --relative test/inputs/atac2_R1.fastq.gz test/fastq_atac_raw/lib002_R1.fastq.gz
        ln -sf --relative $r2 test/fastq_atac_raw/lib002_R2.fastq.gz'
Activating singularity image /home/jeszyman/sing_containers/atac.1.1.0.sif

[Wed Aug 31 09:28:21 2022]
rule symlink:
    input: test/inputs/atac4_R1.fastq.gz
    output: test/fastq_atac_raw/lib004_R1.fastq.gz, test/fastq_atac_raw/lib004_R2.fastq.gz
    jobid: 4
    wildcards: library=lib004
    resources: tmpdir=/tmp


        r2=$(echo test/inputs/atac4_R1.fastq.gz | sed "s/_R1/_R2/g")
        ln -sf --relative test/inputs/atac4_R1.fastq.gz test/fastq_atac_raw/lib004_R1.fastq.gz
        ln -sf --relative $r2 test/fastq_atac_raw/lib004_R2.fastq.gz
        

 singularity  exec --home /home/jeszyman/repos/atac-seq --bind /home/jeszyman:/home/jeszyman --bind /mnt:/mnt /home/jeszyman/sing_containers/atac.1.1.0.sif bash -c 'set -euo pipefail;  
        r2=$(echo test/inputs/atac4_R1.fastq.gz | sed "s/_R1/_R2/g")
        ln -sf --relative test/inputs/atac4_R1.fastq.gz test/fastq_atac_raw/lib004_R1.fastq.gz
        ln -sf --relative $r2 test/fastq_atac_raw/lib004_R2.fastq.gz'
[Wed Aug 31 09:28:21 2022]
Activating singularity image /home/jeszyman/sing_containers/atac.1.1.0.sif
rule symlink:
    input: test/inputs/atac1_R1.fastq.gz
    output: test/fastq_atac_raw/lib001_R1.fastq.gz, test/fastq_atac_raw/lib001_R2.fastq.gz
    jobid: 1
    wildcards: library=lib001
    resources: tmpdir=/tmp


        r2=$(echo test/inputs/atac1_R1.fastq.gz | sed "s/_R1/_R2/g")
        ln -sf --relative test/inputs/atac1_R1.fastq.gz test/fastq_atac_raw/lib001_R1.fastq.gz
        ln -sf --relative $r2 test/fastq_atac_raw/lib001_R2.fastq.gz
        
 singularity  exec --home /home/jeszyman/repos/atac-seq --bind /home/jeszyman:/home/jeszyman --bind /mnt:/mnt /home/jeszyman/sing_containers/atac.1.1.0.sif bash -c 'set -euo pipefail;  
        r2=$(echo test/inputs/atac1_R1.fastq.gz | sed "s/_R1/_R2/g")
        ln -sf --relative test/inputs/atac1_R1.fastq.gz test/fastq_atac_raw/lib001_R1.fastq.gz
        ln -sf --relative $r2 test/fastq_atac_raw/lib001_R2.fastq.gz'

Activating singularity image /home/jeszyman/sing_containers/atac.1.1.0.sif
[Wed Aug 31 09:28:21 2022]
rule trim:
    input: test/fastq_atac_raw/lib003_R1.fastq.gz, test/fastq_atac_raw/lib003_R2.fastq.gz
    output: test/fastq_atac_proc/lib003_flex_1.fastq.gz, test/fastq_atac_proc/lib003_flex_2.fastq.gz
    log: test/logs/lib003_atac_trim.log
    jobid: 7
    wildcards: library=lib003
    resources: tmpdir=/tmp, mem_mb=5000


        workflow/scripts/trim.sh         test/fastq_atac_raw/lib003_R1.fastq.gz         test/fastq_atac_raw/lib003_R2.fastq.gz         test/fastq_atac_proc         4 &> test/logs/lib003_atac_trim.log
        
 singularity  exec --home /home/jeszyman/repos/atac-seq --bind /home/jeszyman:/home/jeszyman --bind /mnt:/mnt /home/jeszyman/sing_containers/atac.1.1.0.sif bash -c 'set -euo pipefail;  
        workflow/scripts/trim.sh         test/fastq_atac_raw/lib003_R1.fastq.gz         test/fastq_atac_raw/lib003_R2.fastq.gz         test/fastq_atac_proc         4 &> test/logs/lib003_atac_trim.log'
Activating singularity image /home/jeszyman/sing_containers/atac.1.1.0.sif
[Wed Aug 31 09:28:21 2022]
Finished job 2.
1 of 12 steps (8%) done
Resources before job selection: {'_cores': 1, '_nodes': 9223372036854775804}
Ready jobs (1):
	trim
Select jobs to execute...
Using greedy selector because only single job has to be scheduled.
Selected jobs (1):
	trim
Resources after job selection: {'_cores': 0, '_nodes': 9223372036854775803}

[Wed Aug 31 09:28:21 2022]
rule trim:
    input: test/fastq_atac_raw/lib002_R1.fastq.gz, test/fastq_atac_raw/lib002_R2.fastq.gz
    output: test/fastq_atac_proc/lib002_flex_1.fastq.gz, test/fastq_atac_proc/lib002_flex_2.fastq.gz
    log: test/logs/lib002_atac_trim.log
    jobid: 6
    wildcards: library=lib002
    resources: tmpdir=/tmp, mem_mb=5000


        workflow/scripts/trim.sh         test/fastq_atac_raw/lib002_R1.fastq.gz         test/fastq_atac_raw/lib002_R2.fastq.gz         test/fastq_atac_proc         4 &> test/logs/lib002_atac_trim.log
        
 singularity  exec --home /home/jeszyman/repos/atac-seq --bind /home/jeszyman:/home/jeszyman --bind /mnt:/mnt /home/jeszyman/sing_containers/atac.1.1.0.sif bash -c 'set -euo pipefail;  
        workflow/scripts/trim.sh         test/fastq_atac_raw/lib002_R1.fastq.gz         test/fastq_atac_raw/lib002_R2.fastq.gz         test/fastq_atac_proc         4 &> test/logs/lib002_atac_trim.log'
Activating singularity image /home/jeszyman/sing_containers/atac.1.1.0.sif
[Wed Aug 31 09:28:21 2022]
Finished job 4.
2 of 12 steps (17%) done
[Wed Aug 31 09:28:21 2022]
Finished job 1.
3 of 12 steps (25%) done
Resources before job selection: {'_cores': 2, '_nodes': 9223372036854775805}
Ready jobs (2):
	trim
	trim
Select jobs to execute...
Selected jobs (2):
	trim
	trim
Resources after job selection: {'_cores': 0, '_nodes': 9223372036854775803}

[Wed Aug 31 09:28:21 2022]
rule trim:
    input: test/fastq_atac_raw/lib001_R1.fastq.gz, test/fastq_atac_raw/lib001_R2.fastq.gz
    output: test/fastq_atac_proc/lib001_flex_1.fastq.gz, test/fastq_atac_proc/lib001_flex_2.fastq.gz
    log: test/logs/lib001_atac_trim.log
    jobid: 5
    wildcards: library=lib001
    resources: tmpdir=/tmp, mem_mb=5000


        workflow/scripts/trim.sh         test/fastq_atac_raw/lib001_R1.fastq.gz         test/fastq_atac_raw/lib001_R2.fastq.gz         test/fastq_atac_proc         4 &> test/logs/lib001_atac_trim.log
        
 singularity  exec --home /home/jeszyman/repos/atac-seq --bind /home/jeszyman:/home/jeszyman --bind /mnt:/mnt /home/jeszyman/sing_containers/atac.1.1.0.sif bash -c 'set -euo pipefail;  
        workflow/scripts/trim.sh         test/fastq_atac_raw/lib001_R1.fastq.gz         test/fastq_atac_raw/lib001_R2.fastq.gz         test/fastq_atac_proc         4 &> test/logs/lib001_atac_trim.log'

Activating singularity image /home/jeszyman/sing_containers/atac.1.1.0.sif
[Wed Aug 31 09:28:21 2022]
rule trim:
    input: test/fastq_atac_raw/lib004_R1.fastq.gz, test/fastq_atac_raw/lib004_R2.fastq.gz
    output: test/fastq_atac_proc/lib004_flex_1.fastq.gz, test/fastq_atac_proc/lib004_flex_2.fastq.gz
    log: test/logs/lib004_atac_trim.log
    jobid: 8
    wildcards: library=lib004
    resources: tmpdir=/tmp, mem_mb=5000


        workflow/scripts/trim.sh         test/fastq_atac_raw/lib004_R1.fastq.gz         test/fastq_atac_raw/lib004_R2.fastq.gz         test/fastq_atac_proc         4 &> test/logs/lib004_atac_trim.log
        
 singularity  exec --home /home/jeszyman/repos/atac-seq --bind /home/jeszyman:/home/jeszyman --bind /mnt:/mnt /home/jeszyman/sing_containers/atac.1.1.0.sif bash -c 'set -euo pipefail;  
        workflow/scripts/trim.sh         test/fastq_atac_raw/lib004_R1.fastq.gz         test/fastq_atac_raw/lib004_R2.fastq.gz         test/fastq_atac_proc         4 &> test/logs/lib004_atac_trim.log'
Activating singularity image /home/jeszyman/sing_containers/atac.1.1.0.sif
[Wed Aug 31 09:30:24 2022]
Finished job 5.
4 of 12 steps (33%) done
Resources before job selection: {'_cores': 1, '_nodes': 9223372036854775804}
Ready jobs (1):
	align_bt2
Select jobs to execute...
Using greedy selector because only single job has to be scheduled.
Selected jobs (1):
	align_bt2
Resources after job selection: {'_cores': 0, '_nodes': 9223372036854775803}

[Wed Aug 31 09:30:24 2022]
rule align_bt2:
    input: test/fastq_atac_proc/lib001_flex_1.fastq.gz, test/fastq_atac_proc/lib001_flex_2.fastq.gz
    output: test/bam_atac_raw/lib001.bam
    log: test/logs/lib001_align_bt2.log
    jobid: 9
    wildcards: library=lib001
    resources: tmpdir=/tmp


        workflow/scripts/align_bt2.sh         test/fastq_atac_proc/lib001_flex_1.fastq.gz         test/fastq_atac_proc/lib001_flex_2.fastq.gz         test/ref/ucsc_mm10_chr19/ucsc_mm10_chr19         4         test/bam_atac_raw/lib001.bam
        
 singularity  exec --home /home/jeszyman/repos/atac-seq --bind /home/jeszyman:/home/jeszyman --bind /mnt:/mnt /home/jeszyman/sing_containers/atac.1.1.0.sif bash -c 'set -euo pipefail;  
        workflow/scripts/align_bt2.sh         test/fastq_atac_proc/lib001_flex_1.fastq.gz         test/fastq_atac_proc/lib001_flex_2.fastq.gz         test/ref/ucsc_mm10_chr19/ucsc_mm10_chr19         4         test/bam_atac_raw/lib001.bam'
Activating singularity image /home/jeszyman/sing_containers/atac.1.1.0.sif
[Wed Aug 31 09:30:24 2022]
Finished job 9.
5 of 12 steps (42%) done
[Wed Aug 31 09:30:27 2022]
Finished job 6.
6 of 12 steps (50%) done
Resources before job selection: {'_cores': 2, '_nodes': 9223372036854775805}
Ready jobs (1):
	align_bt2
Select jobs to execute...
Using greedy selector because only single job has to be scheduled.
Selected jobs (1):
	align_bt2
Resources after job selection: {'_cores': 1, '_nodes': 9223372036854775804}

[Wed Aug 31 09:30:27 2022]
rule align_bt2:
    input: test/fastq_atac_proc/lib002_flex_1.fastq.gz, test/fastq_atac_proc/lib002_flex_2.fastq.gz
    output: test/bam_atac_raw/lib002.bam
    log: test/logs/lib002_align_bt2.log
    jobid: 10
    wildcards: library=lib002
    resources: tmpdir=/tmp


        workflow/scripts/align_bt2.sh         test/fastq_atac_proc/lib002_flex_1.fastq.gz         test/fastq_atac_proc/lib002_flex_2.fastq.gz         test/ref/ucsc_mm10_chr19/ucsc_mm10_chr19         4         test/bam_atac_raw/lib002.bam
        
 singularity  exec --home /home/jeszyman/repos/atac-seq --bind /home/jeszyman:/home/jeszyman --bind /mnt:/mnt /home/jeszyman/sing_containers/atac.1.1.0.sif bash -c 'set -euo pipefail;  
        workflow/scripts/align_bt2.sh         test/fastq_atac_proc/lib002_flex_1.fastq.gz         test/fastq_atac_proc/lib002_flex_2.fastq.gz         test/ref/ucsc_mm10_chr19/ucsc_mm10_chr19         4         test/bam_atac_raw/lib002.bam'
Activating singularity image /home/jeszyman/sing_containers/atac.1.1.0.sif
[Wed Aug 31 09:30:27 2022]
Finished job 10.
7 of 12 steps (58%) done
[Wed Aug 31 09:30:31 2022]
Finished job 7.
8 of 12 steps (67%) done
Resources before job selection: {'_cores': 3, '_nodes': 9223372036854775806}
Ready jobs (1):
	align_bt2
Select jobs to execute...
Using greedy selector because only single job has to be scheduled.
Selected jobs (1):
	align_bt2
Resources after job selection: {'_cores': 2, '_nodes': 9223372036854775805}

[Wed Aug 31 09:30:31 2022]
rule align_bt2:
    input: test/fastq_atac_proc/lib003_flex_1.fastq.gz, test/fastq_atac_proc/lib003_flex_2.fastq.gz
    output: test/bam_atac_raw/lib003.bam
    log: test/logs/lib003_align_bt2.log
    jobid: 11
    wildcards: library=lib003
    resources: tmpdir=/tmp


        workflow/scripts/align_bt2.sh         test/fastq_atac_proc/lib003_flex_1.fastq.gz         test/fastq_atac_proc/lib003_flex_2.fastq.gz         test/ref/ucsc_mm10_chr19/ucsc_mm10_chr19         4         test/bam_atac_raw/lib003.bam
        
 singularity  exec --home /home/jeszyman/repos/atac-seq --bind /home/jeszyman:/home/jeszyman --bind /mnt:/mnt /home/jeszyman/sing_containers/atac.1.1.0.sif bash -c 'set -euo pipefail;  
        workflow/scripts/align_bt2.sh         test/fastq_atac_proc/lib003_flex_1.fastq.gz         test/fastq_atac_proc/lib003_flex_2.fastq.gz         test/ref/ucsc_mm10_chr19/ucsc_mm10_chr19         4         test/bam_atac_raw/lib003.bam'
Activating singularity image /home/jeszyman/sing_containers/atac.1.1.0.sif
[Wed Aug 31 09:30:31 2022]
Finished job 8.
9 of 12 steps (75%) done
Resources before job selection: {'_cores': 3, '_nodes': 9223372036854775806}
Ready jobs (1):
	align_bt2
Select jobs to execute...
Using greedy selector because only single job has to be scheduled.
Selected jobs (1):
	align_bt2
Resources after job selection: {'_cores': 2, '_nodes': 9223372036854775805}

[Wed Aug 31 09:30:31 2022]
rule align_bt2:
    input: test/fastq_atac_proc/lib004_flex_1.fastq.gz, test/fastq_atac_proc/lib004_flex_2.fastq.gz
    output: test/bam_atac_raw/lib004.bam
    log: test/logs/lib004_align_bt2.log
    jobid: 12
    wildcards: library=lib004
    resources: tmpdir=/tmp


        workflow/scripts/align_bt2.sh         test/fastq_atac_proc/lib004_flex_1.fastq.gz         test/fastq_atac_proc/lib004_flex_2.fastq.gz         test/ref/ucsc_mm10_chr19/ucsc_mm10_chr19         4         test/bam_atac_raw/lib004.bam
        
 singularity  exec --home /home/jeszyman/repos/atac-seq --bind /home/jeszyman:/home/jeszyman --bind /mnt:/mnt /home/jeszyman/sing_containers/atac.1.1.0.sif bash -c 'set -euo pipefail;  
        workflow/scripts/align_bt2.sh         test/fastq_atac_proc/lib004_flex_1.fastq.gz         test/fastq_atac_proc/lib004_flex_2.fastq.gz         test/ref/ucsc_mm10_chr19/ucsc_mm10_chr19         4         test/bam_atac_raw/lib004.bam'
Activating singularity image /home/jeszyman/sing_containers/atac.1.1.0.sif
[Wed Aug 31 09:30:32 2022]
Finished job 12.
10 of 12 steps (83%) done
[Wed Aug 31 09:30:32 2022]
Finished job 11.
11 of 12 steps (92%) done
Resources before job selection: {'_cores': 4, '_nodes': 9223372036854775807}
Ready jobs (1):
	all
Select jobs to execute...
Using greedy selector because only single job has to be scheduled.
Selected jobs (1):
	all
Resources after job selection: {'_cores': 3, '_nodes': 9223372036854775806}

[Wed Aug 31 09:30:32 2022]
localrule all:
    input: test/fastq_atac_raw/lib001_R1.fastq.gz, test/fastq_atac_raw/lib002_R1.fastq.gz, test/fastq_atac_raw/lib003_R1.fastq.gz, test/fastq_atac_raw/lib004_R1.fastq.gz, test/fastq_atac_raw/lib001_R2.fastq.gz, test/fastq_atac_raw/lib002_R2.fastq.gz, test/fastq_atac_raw/lib003_R2.fastq.gz, test/fastq_atac_raw/lib004_R2.fastq.gz, test/fastq_atac_proc/lib001_flex_1.fastq.gz, test/fastq_atac_proc/lib002_flex_1.fastq.gz, test/fastq_atac_proc/lib003_flex_1.fastq.gz, test/fastq_atac_proc/lib004_flex_1.fastq.gz, test/fastq_atac_proc/lib001_flex_2.fastq.gz, test/fastq_atac_proc/lib002_flex_2.fastq.gz, test/fastq_atac_proc/lib003_flex_2.fastq.gz, test/fastq_atac_proc/lib004_flex_2.fastq.gz, test/bam_atac_raw/lib001.bam, test/bam_atac_raw/lib002.bam, test/bam_atac_raw/lib003.bam, test/bam_atac_raw/lib004.bam
    jobid: 0
    resources: tmpdir=/tmp

[Wed Aug 31 09:30:32 2022]
Finished job 0.
12 of 12 steps (100%) done
Complete log: /home/jeszyman/repos/atac-seq/.snakemake/log/2022-08-31T092820.579333.snakemake.log
unlocking
removing lock
removing lock
removed all locks
